{"C:\\Users\\Igor Cretu\\Desktop\\Bachelor\\Project\\FrontEnd\\src\\App.tsx": {"path":"C:\\Users\\Igor Cretu\\Desktop\\Bachelor\\Project\\FrontEnd\\src\\App.tsx","statementMap":{"0":{"start":{"line":17,"column":46},"end":{"line":17,"column":61}},"1":{"start":{"line":19,"column":2},"end":{"line":180,"column":4}},"2":{"start":{"line":61,"column":31},"end":{"line":61,"column":65}},"3":{"start":{"line":80,"column":35},"end":{"line":80,"column":59}},"4":{"start":{"line":87,"column":35},"end":{"line":87,"column":59}},"5":{"start":{"line":94,"column":35},"end":{"line":94,"column":59}},"6":{"start":{"line":101,"column":35},"end":{"line":101,"column":59}},"7":{"start":{"line":108,"column":35},"end":{"line":108,"column":59}},"8":{"start":{"line":115,"column":35},"end":{"line":115,"column":59}}},"fnMap":{"0":{"name":"App","decl":{"start":{"line":16,"column":24},"end":{"line":16,"column":27}},"loc":{"start":{"line":16,"column":30},"end":{"line":181,"column":1}},"line":16},"1":{"name":"(anonymous_1)","decl":{"start":{"line":61,"column":25},"end":{"line":61,"column":26}},"loc":{"start":{"line":61,"column":31},"end":{"line":61,"column":65}},"line":61},"2":{"name":"(anonymous_2)","decl":{"start":{"line":80,"column":29},"end":{"line":80,"column":30}},"loc":{"start":{"line":80,"column":35},"end":{"line":80,"column":59}},"line":80},"3":{"name":"(anonymous_3)","decl":{"start":{"line":87,"column":29},"end":{"line":87,"column":30}},"loc":{"start":{"line":87,"column":35},"end":{"line":87,"column":59}},"line":87},"4":{"name":"(anonymous_4)","decl":{"start":{"line":94,"column":29},"end":{"line":94,"column":30}},"loc":{"start":{"line":94,"column":35},"end":{"line":94,"column":59}},"line":94},"5":{"name":"(anonymous_5)","decl":{"start":{"line":101,"column":29},"end":{"line":101,"column":30}},"loc":{"start":{"line":101,"column":35},"end":{"line":101,"column":59}},"line":101},"6":{"name":"(anonymous_6)","decl":{"start":{"line":108,"column":29},"end":{"line":108,"column":30}},"loc":{"start":{"line":108,"column":35},"end":{"line":108,"column":59}},"line":108},"7":{"name":"(anonymous_7)","decl":{"start":{"line":115,"column":29},"end":{"line":115,"column":30}},"loc":{"start":{"line":115,"column":35},"end":{"line":115,"column":59}},"line":115}},"branchMap":{"0":{"loc":{"start":{"line":65,"column":17},"end":{"line":65,"column":90}},"type":"cond-expr","locations":[{"start":{"line":65,"column":34},"end":{"line":65,"column":59}},{"start":{"line":65,"column":62},"end":{"line":65,"column":90}}],"line":65},"1":{"loc":{"start":{"line":72,"column":16},"end":{"line":72,"column":77}},"type":"cond-expr","locations":[{"start":{"line":72,"column":33},"end":{"line":72,"column":55}},{"start":{"line":72,"column":58},"end":{"line":72,"column":77}}],"line":72}},"s":{"0":10,"1":10,"2":0,"3":0,"4":0,"5":0,"6":0,"7":0,"8":0},"f":{"0":10,"1":0,"2":0,"3":0,"4":0,"5":0,"6":0,"7":0},"b":{"0":[0,10],"1":[0,10]},"_coverageSchema":"1a1c01bbd47fc00a2c39e90264f33305004495a9","hash":"90f6cdda7566f29a0fe29cc10248d86cbf4ed1e5"}
,"C:\\Users\\Igor Cretu\\Desktop\\Bachelor\\Project\\FrontEnd\\src\\api\\client.ts": {"path":"C:\\Users\\Igor Cretu\\Desktop\\Bachelor\\Project\\FrontEnd\\src\\api\\client.ts","statementMap":{"0":{"start":{"line":3,"column":16},"end":{"line":3,"column":106}},"1":{"start":{"line":5,"column":12},"end":{"line":10,"column":2}}},"fnMap":{},"branchMap":{"0":{"loc":{"start":{"line":3,"column":17},"end":{"line":3,"column":86}},"type":"binary-expr","locations":[{"start":{"line":3,"column":17},"end":{"line":3,"column":45}},{"start":{"line":3,"column":49},"end":{"line":3,"column":86}}],"line":3}},"s":{"0":7,"1":7},"f":{},"b":{"0":[7,7]},"_coverageSchema":"1a1c01bbd47fc00a2c39e90264f33305004495a9","hash":"f3110fe4ad6293e9d9fd79e8fe324d346e29ccfa"}
,"C:\\Users\\Igor Cretu\\Desktop\\Bachelor\\Project\\FrontEnd\\src\\components\\ScrollToTop.tsx": {"path":"C:\\Users\\Igor Cretu\\Desktop\\Bachelor\\Project\\FrontEnd\\src\\components\\ScrollToTop.tsx","statementMap":{"0":{"start":{"line":5,"column":23},"end":{"line":5,"column":36}},"1":{"start":{"line":7,"column":2},"end":{"line":9,"column":17}},"2":{"start":{"line":8,"column":4},"end":{"line":8,"column":26}},"3":{"start":{"line":11,"column":2},"end":{"line":11,"column":14}}},"fnMap":{"0":{"name":"ScrollToTop","decl":{"start":{"line":4,"column":24},"end":{"line":4,"column":35}},"loc":{"start":{"line":4,"column":38},"end":{"line":12,"column":1}},"line":4},"1":{"name":"(anonymous_1)","decl":{"start":{"line":7,"column":12},"end":{"line":7,"column":13}},"loc":{"start":{"line":7,"column":18},"end":{"line":9,"column":3}},"line":7}},"branchMap":{},"s":{"0":3,"1":3,"2":3,"3":3},"f":{"0":3,"1":3},"b":{},"_coverageSchema":"1a1c01bbd47fc00a2c39e90264f33305004495a9","hash":"df347c58ef64a4d4cac3d971436a3d8fd862d90e"}
,"C:\\Users\\Igor Cretu\\Desktop\\Bachelor\\Project\\FrontEnd\\src\\pages\\AboutUs.tsx": {"path":"C:\\Users\\Igor Cretu\\Desktop\\Bachelor\\Project\\FrontEnd\\src\\pages\\AboutUs.tsx","statementMap":{"0":{"start":{"line":5,"column":2},"end":{"line":312,"column":4}}},"fnMap":{"0":{"name":"AboutUs","decl":{"start":{"line":4,"column":24},"end":{"line":4,"column":31}},"loc":{"start":{"line":4,"column":34},"end":{"line":313,"column":1}},"line":4}},"branchMap":{},"s":{"0":7},"f":{"0":7},"b":{},"_coverageSchema":"1a1c01bbd47fc00a2c39e90264f33305004495a9","hash":"e2d2a46c500d6ad2c050897dca41ad46b4fb6350"}
,"C:\\Users\\Igor Cretu\\Desktop\\Bachelor\\Project\\FrontEnd\\src\\pages\\BackendHealth.tsx": {"path":"C:\\Users\\Igor Cretu\\Desktop\\Bachelor\\Project\\FrontEnd\\src\\pages\\BackendHealth.tsx","statementMap":{"0":{"start":{"line":29,"column":30},"end":{"line":31,"column":4}},"1":{"start":{"line":32,"column":36},"end":{"line":32,"column":62}},"2":{"start":{"line":33,"column":40},"end":{"line":33,"column":54}},"3":{"start":{"line":35,"column":22},"end":{"line":87,"column":3}},"4":{"start":{"line":36,"column":22},"end":{"line":36,"column":32}},"5":{"start":{"line":37,"column":4},"end":{"line":40,"column":8}},"6":{"start":{"line":37,"column":25},"end":{"line":40,"column":5}},"7":{"start":{"line":42,"column":4},"end":{"line":86,"column":5}},"8":{"start":{"line":44,"column":22},"end":{"line":44,"column":112}},"9":{"start":{"line":45,"column":23},"end":{"line":45,"column":55}},"10":{"start":{"line":46,"column":27},"end":{"line":46,"column":49}},"11":{"start":{"line":48,"column":6},"end":{"line":73,"column":7}},"12":{"start":{"line":49,"column":21},"end":{"line":49,"column":42}},"13":{"start":{"line":50,"column":8},"end":{"line":72,"column":11}},"14":{"start":{"line":75,"column":27},"end":{"line":75,"column":49}},"15":{"start":{"line":76,"column":6},"end":{"line":83,"column":9}},"16":{"start":{"line":85,"column":6},"end":{"line":85,"column":31}},"17":{"start":{"line":89,"column":2},"end":{"line":91,"column":9}},"18":{"start":{"line":90,"column":4},"end":{"line":90,"column":18}},"19":{"start":{"line":93,"column":2},"end":{"line":101,"column":20}},"20":{"start":{"line":94,"column":4},"end":{"line":94,"column":29}},"21":{"start":{"line":94,"column":22},"end":{"line":94,"column":29}},"22":{"start":{"line":96,"column":21},"end":{"line":98,"column":13}},"23":{"start":{"line":97,"column":6},"end":{"line":97,"column":20}},"24":{"start":{"line":100,"column":4},"end":{"line":100,"column":41}},"25":{"start":{"line":100,"column":17},"end":{"line":100,"column":40}},"26":{"start":{"line":103,"column":24},"end":{"line":114,"column":3}},"27":{"start":{"line":104,"column":4},"end":{"line":113,"column":5}},"28":{"start":{"line":106,"column":8},"end":{"line":106,"column":66}},"29":{"start":{"line":108,"column":8},"end":{"line":108,"column":60}},"30":{"start":{"line":110,"column":8},"end":{"line":110,"column":72}},"31":{"start":{"line":112,"column":8},"end":{"line":112,"column":69}},"32":{"start":{"line":116,"column":25},"end":{"line":127,"column":3}},"33":{"start":{"line":117,"column":4},"end":{"line":126,"column":5}},"34":{"start":{"line":119,"column":8},"end":{"line":119,"column":46}},"35":{"start":{"line":121,"column":8},"end":{"line":121,"column":42}},"36":{"start":{"line":123,"column":8},"end":{"line":123,"column":44}},"37":{"start":{"line":125,"column":8},"end":{"line":125,"column":48}},"38":{"start":{"line":129,"column":26},"end":{"line":132,"column":3}},"39":{"start":{"line":130,"column":17},"end":{"line":130,"column":36}},"40":{"start":{"line":131,"column":4},"end":{"line":131,"column":37}},"41":{"start":{"line":134,"column":2},"end":{"line":332,"column":4}},"42":{"start":{"line":164,"column":35},"end":{"line":164,"column":67}}},"fnMap":{"0":{"name":"BackendHealth","decl":{"start":{"line":28,"column":24},"end":{"line":28,"column":37}},"loc":{"start":{"line":28,"column":40},"end":{"line":333,"column":1}},"line":28},"1":{"name":"(anonymous_1)","decl":{"start":{"line":35,"column":22},"end":{"line":35,"column":23}},"loc":{"start":{"line":35,"column":34},"end":{"line":87,"column":3}},"line":35},"2":{"name":"(anonymous_2)","decl":{"start":{"line":37,"column":14},"end":{"line":37,"column":15}},"loc":{"start":{"line":37,"column":25},"end":{"line":40,"column":5}},"line":37},"3":{"name":"(anonymous_3)","decl":{"start":{"line":89,"column":12},"end":{"line":89,"column":13}},"loc":{"start":{"line":89,"column":18},"end":{"line":91,"column":3}},"line":89},"4":{"name":"(anonymous_4)","decl":{"start":{"line":93,"column":12},"end":{"line":93,"column":13}},"loc":{"start":{"line":93,"column":18},"end":{"line":101,"column":3}},"line":93},"5":{"name":"(anonymous_5)","decl":{"start":{"line":96,"column":33},"end":{"line":96,"column":34}},"loc":{"start":{"line":96,"column":39},"end":{"line":98,"column":5}},"line":96},"6":{"name":"(anonymous_6)","decl":{"start":{"line":100,"column":11},"end":{"line":100,"column":12}},"loc":{"start":{"line":100,"column":17},"end":{"line":100,"column":40}},"line":100},"7":{"name":"(anonymous_7)","decl":{"start":{"line":103,"column":24},"end":{"line":103,"column":25}},"loc":{"start":{"line":103,"column":44},"end":{"line":114,"column":3}},"line":103},"8":{"name":"(anonymous_8)","decl":{"start":{"line":116,"column":25},"end":{"line":116,"column":26}},"loc":{"start":{"line":116,"column":45},"end":{"line":127,"column":3}},"line":116},"9":{"name":"(anonymous_9)","decl":{"start":{"line":129,"column":26},"end":{"line":129,"column":27}},"loc":{"start":{"line":129,"column":49},"end":{"line":132,"column":3}},"line":129},"10":{"name":"(anonymous_10)","decl":{"start":{"line":164,"column":28},"end":{"line":164,"column":29}},"loc":{"start":{"line":164,"column":35},"end":{"line":164,"column":67}},"line":164}},"branchMap":{"0":{"loc":{"start":{"line":44,"column":23},"end":{"line":44,"column":92}},"type":"binary-expr","locations":[{"start":{"line":44,"column":23},"end":{"line":44,"column":51}},{"start":{"line":44,"column":55},"end":{"line":44,"column":92}}],"line":44},"1":{"loc":{"start":{"line":48,"column":6},"end":{"line":73,"column":7}},"type":"if","locations":[{"start":{"line":48,"column":6},"end":{"line":73,"column":7}},{"start":{},"end":{}}],"line":48},"2":{"loc":{"start":{"line":53,"column":21},"end":{"line":53,"column":53}},"type":"binary-expr","locations":[{"start":{"line":53,"column":21},"end":{"line":53,"column":33}},{"start":{"line":53,"column":37},"end":{"line":53,"column":53}}],"line":53},"3":{"loc":{"start":{"line":57,"column":20},"end":{"line":63,"column":23}},"type":"cond-expr","locations":[{"start":{"line":58,"column":14},"end":{"line":62,"column":15}},{"start":{"line":63,"column":14},"end":{"line":63,"column":23}}],"line":57},"4":{"loc":{"start":{"line":59,"column":24},"end":{"line":59,"column":86}},"type":"cond-expr","locations":[{"start":{"line":59,"column":63},"end":{"line":59,"column":72}},{"start":{"line":59,"column":75},"end":{"line":59,"column":86}}],"line":59},"5":{"loc":{"start":{"line":60,"column":25},"end":{"line":60,"column":73}},"type":"binary-expr","locations":[{"start":{"line":60,"column":25},"end":{"line":60,"column":46}},{"start":{"line":60,"column":50},"end":{"line":60,"column":73}}],"line":60},"6":{"loc":{"start":{"line":64,"column":17},"end":{"line":70,"column":23}},"type":"cond-expr","locations":[{"start":{"line":65,"column":14},"end":{"line":69,"column":15}},{"start":{"line":70,"column":14},"end":{"line":70,"column":23}}],"line":64},"7":{"loc":{"start":{"line":66,"column":24},"end":{"line":66,"column":83}},"type":"cond-expr","locations":[{"start":{"line":66,"column":60},"end":{"line":66,"column":69}},{"start":{"line":66,"column":72},"end":{"line":66,"column":83}}],"line":66},"8":{"loc":{"start":{"line":67,"column":25},"end":{"line":67,"column":67}},"type":"binary-expr","locations":[{"start":{"line":67,"column":25},"end":{"line":67,"column":43}},{"start":{"line":67,"column":47},"end":{"line":67,"column":67}}],"line":67},"9":{"loc":{"start":{"line":71,"column":19},"end":{"line":71,"column":45}},"type":"binary-expr","locations":[{"start":{"line":71,"column":19},"end":{"line":71,"column":32}},{"start":{"line":71,"column":36},"end":{"line":71,"column":45}}],"line":71},"10":{"loc":{"start":{"line":79,"column":19},"end":{"line":79,"column":62}},"type":"binary-expr","locations":[{"start":{"line":79,"column":19},"end":{"line":79,"column":32}},{"start":{"line":79,"column":36},"end":{"line":79,"column":62}}],"line":79},"11":{"loc":{"start":{"line":94,"column":4},"end":{"line":94,"column":29}},"type":"if","locations":[{"start":{"line":94,"column":4},"end":{"line":94,"column":29}},{"start":{},"end":{}}],"line":94},"12":{"loc":{"start":{"line":104,"column":4},"end":{"line":113,"column":5}},"type":"switch","locations":[{"start":{"line":105,"column":6},"end":{"line":106,"column":66}},{"start":{"line":107,"column":6},"end":{"line":108,"column":60}},{"start":{"line":109,"column":6},"end":{"line":110,"column":72}},{"start":{"line":111,"column":6},"end":{"line":112,"column":69}}],"line":104},"13":{"loc":{"start":{"line":117,"column":4},"end":{"line":126,"column":5}},"type":"switch","locations":[{"start":{"line":118,"column":6},"end":{"line":119,"column":46}},{"start":{"line":120,"column":6},"end":{"line":121,"column":42}},{"start":{"line":122,"column":6},"end":{"line":123,"column":44}},{"start":{"line":124,"column":6},"end":{"line":125,"column":48}}],"line":117},"14":{"loc":{"start":{"line":156,"column":48},"end":{"line":156,"column":102}},"type":"cond-expr","locations":[{"start":{"line":156,"column":83},"end":{"line":156,"column":97}},{"start":{"line":156,"column":100},"end":{"line":156,"column":102}}],"line":156},"15":{"loc":{"start":{"line":157,"column":17},"end":{"line":157,"column":81}},"type":"cond-expr","locations":[{"start":{"line":157,"column":52},"end":{"line":157,"column":65}},{"start":{"line":157,"column":68},"end":{"line":157,"column":81}}],"line":157},"16":{"loc":{"start":{"line":210,"column":17},"end":{"line":212,"column":17}},"type":"binary-expr","locations":[{"start":{"line":210,"column":17},"end":{"line":210,"column":40}},{"start":{"line":211,"column":18},"end":{"line":211,"column":112}}],"line":210},"17":{"loc":{"start":{"line":219,"column":11},"end":{"line":243,"column":11}},"type":"binary-expr","locations":[{"start":{"line":219,"column":11},"end":{"line":219,"column":26}},{"start":{"line":220,"column":12},"end":{"line":242,"column":18}}],"line":219},"18":{"loc":{"start":{"line":246,"column":11},"end":{"line":270,"column":11}},"type":"binary-expr","locations":[{"start":{"line":246,"column":11},"end":{"line":246,"column":23}},{"start":{"line":247,"column":12},"end":{"line":269,"column":18}}],"line":246},"19":{"loc":{"start":{"line":273,"column":11},"end":{"line":313,"column":11}},"type":"binary-expr","locations":[{"start":{"line":273,"column":11},"end":{"line":273,"column":25}},{"start":{"line":274,"column":12},"end":{"line":312,"column":18}}],"line":273},"20":{"loc":{"start":{"line":275,"column":77},"end":{"line":275,"column":166}},"type":"cond-expr","locations":[{"start":{"line":275,"column":101},"end":{"line":275,"column":131}},{"start":{"line":275,"column":134},"end":{"line":275,"column":166}}],"line":275},"21":{"loc":{"start":{"line":285,"column":17},"end":{"line":289,"column":17}},"type":"cond-expr","locations":[{"start":{"line":286,"column":18},"end":{"line":286,"column":68}},{"start":{"line":288,"column":18},"end":{"line":288,"column":71}}],"line":285},"22":{"loc":{"start":{"line":293,"column":19},"end":{"line":293,"column":96}},"type":"cond-expr","locations":[{"start":{"line":293,"column":43},"end":{"line":293,"column":67}},{"start":{"line":293,"column":70},"end":{"line":293,"column":96}}],"line":293},"23":{"loc":{"start":{"line":296,"column":63},"end":{"line":296,"column":91}},"type":"binary-expr","locations":[{"start":{"line":296,"column":63},"end":{"line":296,"column":82}},{"start":{"line":296,"column":86},"end":{"line":296,"column":91}}],"line":296},"24":{"loc":{"start":{"line":297,"column":66},"end":{"line":297,"column":97}},"type":"binary-expr","locations":[{"start":{"line":297,"column":66},"end":{"line":297,"column":88}},{"start":{"line":297,"column":92},"end":{"line":297,"column":97}}],"line":297},"25":{"loc":{"start":{"line":298,"column":19},"end":{"line":300,"column":19}},"type":"binary-expr","locations":[{"start":{"line":298,"column":19},"end":{"line":298,"column":44}},{"start":{"line":298,"column":48},"end":{"line":298,"column":83}},{"start":{"line":299,"column":20},"end":{"line":299,"column":106}}],"line":298},"26":{"loc":{"start":{"line":301,"column":19},"end":{"line":303,"column":19}},"type":"binary-expr","locations":[{"start":{"line":301,"column":19},"end":{"line":301,"column":48}},{"start":{"line":302,"column":20},"end":{"line":302,"column":113}}],"line":301},"27":{"loc":{"start":{"line":304,"column":19},"end":{"line":306,"column":19}},"type":"binary-expr","locations":[{"start":{"line":304,"column":19},"end":{"line":304,"column":41}},{"start":{"line":304,"column":45},"end":{"line":304,"column":77}},{"start":{"line":305,"column":20},"end":{"line":305,"column":187}}],"line":304},"28":{"loc":{"start":{"line":305,"column":69},"end":{"line":305,"column":172}},"type":"cond-expr","locations":[{"start":{"line":305,"column":114},"end":{"line":305,"column":147}},{"start":{"line":305,"column":150},"end":{"line":305,"column":172}}],"line":305},"29":{"loc":{"start":{"line":307,"column":19},"end":{"line":309,"column":19}},"type":"binary-expr","locations":[{"start":{"line":307,"column":19},"end":{"line":307,"column":42}},{"start":{"line":307,"column":46},"end":{"line":307,"column":79}},{"start":{"line":308,"column":20},"end":{"line":308,"column":185}}],"line":307},"30":{"loc":{"start":{"line":308,"column":64},"end":{"line":308,"column":170}},"type":"cond-expr","locations":[{"start":{"line":308,"column":110},"end":{"line":308,"column":144}},{"start":{"line":308,"column":147},"end":{"line":308,"column":170}}],"line":308}},"s":{"0":22,"1":21,"2":21,"3":21,"4":14,"5":14,"6":8,"7":14,"8":14,"9":14,"10":12,"11":12,"12":12,"13":12,"14":2,"15":2,"16":14,"17":21,"18":7,"19":21,"20":8,"21":1,"22":7,"23":6,"24":7,"25":7,"26":21,"27":22,"28":5,"29":1,"30":16,"31":0,"32":21,"33":22,"34":5,"35":1,"36":16,"37":0,"38":21,"39":43,"40":43,"41":21,"42":1},"f":{"0":22,"1":14,"2":8,"3":7,"4":8,"5":6,"6":7,"7":22,"8":22,"9":43,"10":1},"b":{"0":[14,14],"1":[12,0],"2":[12,0],"3":[2,10],"4":[2,0],"5":[2,0],"6":[0,12],"7":[0,0],"8":[0,0],"9":[12,12],"10":[2,0],"11":[1,7],"12":[5,1,16,0],"13":[5,1,16,0],"14":[16,5],"15":[16,5],"16":[21,5],"17":[21,1],"18":[21,0],"19":[21,0],"20":[0,0],"21":[0,0],"22":[0,0],"23":[0,0],"24":[0,0],"25":[0,0,0],"26":[0,0],"27":[0,0,0],"28":[0,0],"29":[0,0,0],"30":[0,0]},"_coverageSchema":"1a1c01bbd47fc00a2c39e90264f33305004495a9","hash":"f9df1ade1716a62a6bc7bff5c69d14c169cdc0c5"}
,"C:\\Users\\Igor Cretu\\Desktop\\Bachelor\\Project\\FrontEnd\\src\\pages\\CarDetail.tsx": {"path":"C:\\Users\\Igor Cretu\\Desktop\\Bachelor\\Project\\FrontEnd\\src\\pages\\CarDetail.tsx","statementMap":{"0":{"start":{"line":74,"column":17},"end":{"line":74,"column":28}},"1":{"start":{"line":75,"column":24},"end":{"line":75,"column":56}},"2":{"start":{"line":76,"column":38},"end":{"line":76,"column":71}},"3":{"start":{"line":77,"column":32},"end":{"line":77,"column":46}},"4":{"start":{"line":78,"column":38},"end":{"line":78,"column":53}},"5":{"start":{"line":79,"column":34},"end":{"line":79,"column":63}},"6":{"start":{"line":81,"column":2},"end":{"line":83,"column":11}},"7":{"start":{"line":82,"column":4},"end":{"line":82,"column":15}},"8":{"start":{"line":85,"column":2},"end":{"line":101,"column":12}},"9":{"start":{"line":86,"column":4},"end":{"line":89,"column":5}},"10":{"start":{"line":87,"column":6},"end":{"line":87,"column":24}},"11":{"start":{"line":88,"column":6},"end":{"line":88,"column":13}},"12":{"start":{"line":90,"column":17},"end":{"line":90,"column":21}},"13":{"start":{"line":91,"column":22},"end":{"line":98,"column":5}},"14":{"start":{"line":92,"column":6},"end":{"line":97,"column":7}},"15":{"start":{"line":93,"column":20},"end":{"line":93,"column":105}},"16":{"start":{"line":94,"column":8},"end":{"line":94,"column":37}},"17":{"start":{"line":94,"column":20},"end":{"line":94,"column":37}},"18":{"start":{"line":96,"column":8},"end":{"line":96,"column":58}},"19":{"start":{"line":99,"column":4},"end":{"line":99,"column":16}},"20":{"start":{"line":100,"column":4},"end":{"line":100,"column":37}},"21":{"start":{"line":100,"column":19},"end":{"line":100,"column":34}},"22":{"start":{"line":104,"column":2},"end":{"line":108,"column":12}},"23":{"start":{"line":105,"column":4},"end":{"line":107,"column":5}},"24":{"start":{"line":106,"column":6},"end":{"line":106,"column":22}},"25":{"start":{"line":110,"column":19},"end":{"line":119,"column":3}},"26":{"start":{"line":111,"column":4},"end":{"line":118,"column":5}},"27":{"start":{"line":112,"column":23},"end":{"line":112,"column":51}},"28":{"start":{"line":113,"column":6},"end":{"line":113,"column":32}},"29":{"start":{"line":115,"column":6},"end":{"line":115,"column":50}},"30":{"start":{"line":117,"column":6},"end":{"line":117,"column":24}},"31":{"start":{"line":121,"column":24},"end":{"line":145,"column":3}},"32":{"start":{"line":122,"column":4},"end":{"line":122,"column":21}},"33":{"start":{"line":122,"column":14},"end":{"line":122,"column":21}},"34":{"start":{"line":123,"column":4},"end":{"line":123,"column":24}},"35":{"start":{"line":124,"column":4},"end":{"line":144,"column":5}},"36":{"start":{"line":125,"column":23},"end":{"line":138,"column":8}},"37":{"start":{"line":139,"column":6},"end":{"line":139,"column":35}},"38":{"start":{"line":141,"column":6},"end":{"line":141,"column":56}},"39":{"start":{"line":143,"column":6},"end":{"line":143,"column":27}},"40":{"start":{"line":147,"column":22},"end":{"line":148,"column":114}},"41":{"start":{"line":148,"column":4},"end":{"line":148,"column":114}},"42":{"start":{"line":150,"column":23},"end":{"line":150,"column":76}},"43":{"start":{"line":150,"column":39},"end":{"line":150,"column":76}},"44":{"start":{"line":152,"column":2},"end":{"line":158,"column":3}},"45":{"start":{"line":153,"column":4},"end":{"line":157,"column":6}},"46":{"start":{"line":160,"column":2},"end":{"line":167,"column":3}},"47":{"start":{"line":161,"column":4},"end":{"line":166,"column":6}},"48":{"start":{"line":169,"column":20},"end":{"line":169,"column":114}},"49":{"start":{"line":170,"column":21},"end":{"line":170,"column":96}},"50":{"start":{"line":171,"column":23},"end":{"line":171,"column":97}},"51":{"start":{"line":173,"column":2},"end":{"line":673,"column":4}},"52":{"start":{"line":574,"column":36},"end":{"line":574,"column":47}},"53":{"start":{"line":576,"column":22},"end":{"line":578,"column":29}}},"fnMap":{"0":{"name":"CarDetail","decl":{"start":{"line":73,"column":24},"end":{"line":73,"column":33}},"loc":{"start":{"line":73,"column":36},"end":{"line":674,"column":1}},"line":73},"1":{"name":"(anonymous_1)","decl":{"start":{"line":81,"column":12},"end":{"line":81,"column":13}},"loc":{"start":{"line":81,"column":18},"end":{"line":83,"column":3}},"line":81},"2":{"name":"(anonymous_2)","decl":{"start":{"line":85,"column":12},"end":{"line":85,"column":13}},"loc":{"start":{"line":85,"column":18},"end":{"line":101,"column":3}},"line":85},"3":{"name":"(anonymous_3)","decl":{"start":{"line":91,"column":22},"end":{"line":91,"column":23}},"loc":{"start":{"line":91,"column":34},"end":{"line":98,"column":5}},"line":91},"4":{"name":"(anonymous_4)","decl":{"start":{"line":100,"column":11},"end":{"line":100,"column":12}},"loc":{"start":{"line":100,"column":17},"end":{"line":100,"column":36}},"line":100},"5":{"name":"(anonymous_5)","decl":{"start":{"line":104,"column":12},"end":{"line":104,"column":13}},"loc":{"start":{"line":104,"column":18},"end":{"line":108,"column":3}},"line":104},"6":{"name":"(anonymous_6)","decl":{"start":{"line":110,"column":19},"end":{"line":110,"column":20}},"loc":{"start":{"line":110,"column":31},"end":{"line":119,"column":3}},"line":110},"7":{"name":"(anonymous_7)","decl":{"start":{"line":121,"column":24},"end":{"line":121,"column":25}},"loc":{"start":{"line":121,"column":36},"end":{"line":145,"column":3}},"line":121},"8":{"name":"(anonymous_8)","decl":{"start":{"line":147,"column":22},"end":{"line":147,"column":23}},"loc":{"start":{"line":148,"column":4},"end":{"line":148,"column":114}},"line":148},"9":{"name":"(anonymous_9)","decl":{"start":{"line":150,"column":23},"end":{"line":150,"column":24}},"loc":{"start":{"line":150,"column":39},"end":{"line":150,"column":76}},"line":150},"10":{"name":"(anonymous_10)","decl":{"start":{"line":574,"column":28},"end":{"line":574,"column":29}},"loc":{"start":{"line":574,"column":36},"end":{"line":574,"column":47}},"line":574},"11":{"name":"(anonymous_11)","decl":{"start":{"line":575,"column":25},"end":{"line":575,"column":26}},"loc":{"start":{"line":576,"column":22},"end":{"line":578,"column":29}},"line":576}},"branchMap":{"0":{"loc":{"start":{"line":86,"column":4},"end":{"line":89,"column":5}},"type":"if","locations":[{"start":{"line":86,"column":4},"end":{"line":89,"column":5}},{"start":{},"end":{}}],"line":86},"1":{"loc":{"start":{"line":94,"column":8},"end":{"line":94,"column":37}},"type":"if","locations":[{"start":{"line":94,"column":8},"end":{"line":94,"column":37}},{"start":{},"end":{}}],"line":94},"2":{"loc":{"start":{"line":105,"column":4},"end":{"line":107,"column":5}},"type":"if","locations":[{"start":{"line":105,"column":4},"end":{"line":107,"column":5}},{"start":{},"end":{}}],"line":105},"3":{"loc":{"start":{"line":105,"column":8},"end":{"line":105,"column":26}},"type":"binary-expr","locations":[{"start":{"line":105,"column":8},"end":{"line":105,"column":11}},{"start":{"line":105,"column":15},"end":{"line":105,"column":26}}],"line":105},"4":{"loc":{"start":{"line":122,"column":4},"end":{"line":122,"column":21}},"type":"if","locations":[{"start":{"line":122,"column":4},"end":{"line":122,"column":21}},{"start":{},"end":{}}],"line":122},"5":{"loc":{"start":{"line":150,"column":39},"end":{"line":150,"column":76}},"type":"cond-expr","locations":[{"start":{"line":150,"column":43},"end":{"line":150,"column":68}},{"start":{"line":150,"column":71},"end":{"line":150,"column":76}}],"line":150},"6":{"loc":{"start":{"line":152,"column":2},"end":{"line":158,"column":3}},"type":"if","locations":[{"start":{"line":152,"column":2},"end":{"line":158,"column":3}},{"start":{},"end":{}}],"line":152},"7":{"loc":{"start":{"line":160,"column":2},"end":{"line":167,"column":3}},"type":"if","locations":[{"start":{"line":160,"column":2},"end":{"line":167,"column":3}},{"start":{},"end":{}}],"line":160},"8":{"loc":{"start":{"line":169,"column":20},"end":{"line":169,"column":114}},"type":"cond-expr","locations":[{"start":{"line":169,"column":34},"end":{"line":169,"column":109}},{"start":{"line":169,"column":113},"end":{"line":169,"column":114}}],"line":169},"9":{"loc":{"start":{"line":170,"column":21},"end":{"line":170,"column":96}},"type":"binary-expr","locations":[{"start":{"line":170,"column":21},"end":{"line":170,"column":70}},{"start":{"line":170,"column":74},"end":{"line":170,"column":96}}],"line":170},"10":{"loc":{"start":{"line":171,"column":23},"end":{"line":171,"column":97}},"type":"cond-expr","locations":[{"start":{"line":171,"column":40},"end":{"line":171,"column":89}},{"start":{"line":171,"column":93},"end":{"line":171,"column":97}}],"line":171},"11":{"loc":{"start":{"line":186,"column":15},"end":{"line":190,"column":15}},"type":"cond-expr","locations":[{"start":{"line":187,"column":16},"end":{"line":187,"column":128}},{"start":{"line":189,"column":16},"end":{"line":189,"column":63}}],"line":186},"12":{"loc":{"start":{"line":200,"column":19},"end":{"line":200,"column":93}},"type":"binary-expr","locations":[{"start":{"line":200,"column":19},"end":{"line":200,"column":30}},{"start":{"line":200,"column":34},"end":{"line":200,"column":93}}],"line":200},"13":{"loc":{"start":{"line":201,"column":19},"end":{"line":203,"column":19}},"type":"binary-expr","locations":[{"start":{"line":201,"column":19},"end":{"line":201,"column":28}},{"start":{"line":201,"column":32},"end":{"line":201,"column":73}},{"start":{"line":202,"column":20},"end":{"line":202,"column":79}}],"line":201},"14":{"loc":{"start":{"line":205,"column":21},"end":{"line":209,"column":21}},"type":"binary-expr","locations":[{"start":{"line":205,"column":21},"end":{"line":205,"column":36}},{"start":{"line":206,"column":22},"end":{"line":208,"column":29}}],"line":205},"15":{"loc":{"start":{"line":210,"column":21},"end":{"line":214,"column":21}},"type":"binary-expr","locations":[{"start":{"line":210,"column":21},"end":{"line":210,"column":33}},{"start":{"line":211,"column":22},"end":{"line":213,"column":29}}],"line":210},"16":{"loc":{"start":{"line":219,"column":19},"end":{"line":223,"column":19}},"type":"binary-expr","locations":[{"start":{"line":219,"column":19},"end":{"line":219,"column":32}},{"start":{"line":220,"column":20},"end":{"line":222,"column":26}}],"line":219},"17":{"loc":{"start":{"line":240,"column":19},"end":{"line":240,"column":147}},"type":"cond-expr","locations":[{"start":{"line":240,"column":32},"end":{"line":240,"column":87}},{"start":{"line":240,"column":90},"end":{"line":240,"column":147}}],"line":240},"18":{"loc":{"start":{"line":250,"column":15},"end":{"line":277,"column":15}},"type":"binary-expr","locations":[{"start":{"line":250,"column":16},"end":{"line":250,"column":38}},{"start":{"line":250,"column":42},"end":{"line":250,"column":61}},{"start":{"line":250,"column":65},"end":{"line":250,"column":79}},{"start":{"line":250,"column":83},"end":{"line":250,"column":95}},{"start":{"line":251,"column":16},"end":{"line":276,"column":22}}],"line":250},"19":{"loc":{"start":{"line":252,"column":19},"end":{"line":257,"column":19}},"type":"binary-expr","locations":[{"start":{"line":252,"column":19},"end":{"line":252,"column":41}},{"start":{"line":253,"column":20},"end":{"line":256,"column":26}}],"line":252},"20":{"loc":{"start":{"line":258,"column":19},"end":{"line":263,"column":19}},"type":"binary-expr","locations":[{"start":{"line":258,"column":19},"end":{"line":258,"column":38}},{"start":{"line":259,"column":20},"end":{"line":262,"column":26}}],"line":258},"21":{"loc":{"start":{"line":264,"column":19},"end":{"line":269,"column":19}},"type":"binary-expr","locations":[{"start":{"line":264,"column":19},"end":{"line":264,"column":33}},{"start":{"line":264,"column":37},"end":{"line":264,"column":64}},{"start":{"line":265,"column":20},"end":{"line":268,"column":26}}],"line":264},"22":{"loc":{"start":{"line":270,"column":19},"end":{"line":275,"column":19}},"type":"binary-expr","locations":[{"start":{"line":270,"column":19},"end":{"line":270,"column":31}},{"start":{"line":271,"column":20},"end":{"line":274,"column":26}}],"line":270},"23":{"loc":{"start":{"line":290,"column":21},"end":{"line":295,"column":21}},"type":"binary-expr","locations":[{"start":{"line":290,"column":21},"end":{"line":290,"column":35}},{"start":{"line":291,"column":22},"end":{"line":294,"column":28}}],"line":290},"24":{"loc":{"start":{"line":296,"column":21},"end":{"line":301,"column":21}},"type":"binary-expr","locations":[{"start":{"line":296,"column":21},"end":{"line":296,"column":34}},{"start":{"line":297,"column":22},"end":{"line":300,"column":28}}],"line":296},"25":{"loc":{"start":{"line":302,"column":21},"end":{"line":307,"column":21}},"type":"binary-expr","locations":[{"start":{"line":302,"column":21},"end":{"line":302,"column":37}},{"start":{"line":303,"column":22},"end":{"line":306,"column":28}}],"line":302},"26":{"loc":{"start":{"line":308,"column":21},"end":{"line":313,"column":21}},"type":"binary-expr","locations":[{"start":{"line":308,"column":21},"end":{"line":308,"column":34}},{"start":{"line":309,"column":22},"end":{"line":312,"column":28}}],"line":308},"27":{"loc":{"start":{"line":314,"column":21},"end":{"line":319,"column":21}},"type":"binary-expr","locations":[{"start":{"line":314,"column":21},"end":{"line":314,"column":32}},{"start":{"line":314,"column":36},"end":{"line":314,"column":51}},{"start":{"line":315,"column":22},"end":{"line":318,"column":28}}],"line":314},"28":{"loc":{"start":{"line":324,"column":17},"end":{"line":368,"column":17}},"type":"binary-expr","locations":[{"start":{"line":324,"column":17},"end":{"line":324,"column":27}},{"start":{"line":325,"column":18},"end":{"line":367,"column":24}}],"line":324},"29":{"loc":{"start":{"line":330,"column":23},"end":{"line":335,"column":23}},"type":"binary-expr","locations":[{"start":{"line":330,"column":23},"end":{"line":330,"column":35}},{"start":{"line":331,"column":24},"end":{"line":334,"column":30}}],"line":330},"30":{"loc":{"start":{"line":336,"column":23},"end":{"line":341,"column":23}},"type":"binary-expr","locations":[{"start":{"line":336,"column":23},"end":{"line":336,"column":43}},{"start":{"line":337,"column":24},"end":{"line":340,"column":30}}],"line":336},"31":{"loc":{"start":{"line":342,"column":23},"end":{"line":347,"column":23}},"type":"binary-expr","locations":[{"start":{"line":342,"column":23},"end":{"line":342,"column":45}},{"start":{"line":343,"column":24},"end":{"line":346,"column":30}}],"line":342},"32":{"loc":{"start":{"line":348,"column":23},"end":{"line":353,"column":23}},"type":"binary-expr","locations":[{"start":{"line":348,"column":23},"end":{"line":348,"column":43}},{"start":{"line":349,"column":24},"end":{"line":352,"column":30}}],"line":348},"33":{"loc":{"start":{"line":354,"column":23},"end":{"line":359,"column":23}},"type":"binary-expr","locations":[{"start":{"line":354,"column":23},"end":{"line":354,"column":43}},{"start":{"line":355,"column":24},"end":{"line":358,"column":30}}],"line":354},"34":{"loc":{"start":{"line":360,"column":23},"end":{"line":365,"column":23}},"type":"binary-expr","locations":[{"start":{"line":360,"column":23},"end":{"line":360,"column":43}},{"start":{"line":361,"column":24},"end":{"line":364,"column":30}}],"line":360},"35":{"loc":{"start":{"line":371,"column":17},"end":{"line":403,"column":17}},"type":"binary-expr","locations":[{"start":{"line":371,"column":17},"end":{"line":371,"column":28}},{"start":{"line":371,"column":33},"end":{"line":371,"column":53}},{"start":{"line":371,"column":57},"end":{"line":371,"column":73}},{"start":{"line":371,"column":77},"end":{"line":371,"column":90}},{"start":{"line":372,"column":18},"end":{"line":402,"column":24}}],"line":371},"36":{"loc":{"start":{"line":377,"column":23},"end":{"line":382,"column":23}},"type":"binary-expr","locations":[{"start":{"line":377,"column":23},"end":{"line":377,"column":43}},{"start":{"line":378,"column":24},"end":{"line":381,"column":30}}],"line":377},"37":{"loc":{"start":{"line":383,"column":23},"end":{"line":388,"column":23}},"type":"binary-expr","locations":[{"start":{"line":383,"column":23},"end":{"line":383,"column":39}},{"start":{"line":384,"column":24},"end":{"line":387,"column":30}}],"line":383},"38":{"loc":{"start":{"line":389,"column":23},"end":{"line":394,"column":23}},"type":"binary-expr","locations":[{"start":{"line":389,"column":23},"end":{"line":389,"column":36}},{"start":{"line":390,"column":24},"end":{"line":393,"column":30}}],"line":389},"39":{"loc":{"start":{"line":395,"column":23},"end":{"line":400,"column":23}},"type":"binary-expr","locations":[{"start":{"line":395,"column":23},"end":{"line":395,"column":40}},{"start":{"line":396,"column":24},"end":{"line":399,"column":30}}],"line":395},"40":{"loc":{"start":{"line":415,"column":21},"end":{"line":420,"column":21}},"type":"binary-expr","locations":[{"start":{"line":415,"column":21},"end":{"line":415,"column":30}},{"start":{"line":416,"column":22},"end":{"line":419,"column":28}}],"line":415},"41":{"loc":{"start":{"line":421,"column":21},"end":{"line":426,"column":21}},"type":"binary-expr","locations":[{"start":{"line":421,"column":21},"end":{"line":421,"column":30}},{"start":{"line":422,"column":22},"end":{"line":425,"column":28}}],"line":421},"42":{"loc":{"start":{"line":427,"column":21},"end":{"line":432,"column":21}},"type":"binary-expr","locations":[{"start":{"line":427,"column":21},"end":{"line":427,"column":30}},{"start":{"line":428,"column":22},"end":{"line":431,"column":28}}],"line":427},"43":{"loc":{"start":{"line":433,"column":21},"end":{"line":438,"column":21}},"type":"binary-expr","locations":[{"start":{"line":433,"column":21},"end":{"line":433,"column":35}},{"start":{"line":434,"column":22},"end":{"line":437,"column":28}}],"line":433},"44":{"loc":{"start":{"line":439,"column":21},"end":{"line":444,"column":21}},"type":"binary-expr","locations":[{"start":{"line":439,"column":21},"end":{"line":439,"column":35}},{"start":{"line":440,"column":22},"end":{"line":443,"column":28}}],"line":439},"45":{"loc":{"start":{"line":445,"column":21},"end":{"line":450,"column":21}},"type":"binary-expr","locations":[{"start":{"line":445,"column":21},"end":{"line":445,"column":34}},{"start":{"line":446,"column":22},"end":{"line":449,"column":28}}],"line":445},"46":{"loc":{"start":{"line":460,"column":21},"end":{"line":465,"column":21}},"type":"binary-expr","locations":[{"start":{"line":460,"column":21},"end":{"line":460,"column":31}},{"start":{"line":461,"column":22},"end":{"line":464,"column":28}}],"line":460},"47":{"loc":{"start":{"line":466,"column":21},"end":{"line":471,"column":21}},"type":"binary-expr","locations":[{"start":{"line":466,"column":21},"end":{"line":466,"column":35}},{"start":{"line":467,"column":22},"end":{"line":470,"column":28}}],"line":466},"48":{"loc":{"start":{"line":472,"column":21},"end":{"line":477,"column":21}},"type":"binary-expr","locations":[{"start":{"line":472,"column":21},"end":{"line":472,"column":38}},{"start":{"line":473,"column":22},"end":{"line":476,"column":28}}],"line":472},"49":{"loc":{"start":{"line":478,"column":21},"end":{"line":483,"column":21}},"type":"binary-expr","locations":[{"start":{"line":478,"column":21},"end":{"line":478,"column":40}},{"start":{"line":479,"column":22},"end":{"line":482,"column":28}}],"line":478},"50":{"loc":{"start":{"line":484,"column":21},"end":{"line":489,"column":21}},"type":"binary-expr","locations":[{"start":{"line":484,"column":21},"end":{"line":484,"column":42}},{"start":{"line":485,"column":22},"end":{"line":488,"column":28}}],"line":484},"51":{"loc":{"start":{"line":490,"column":21},"end":{"line":495,"column":21}},"type":"binary-expr","locations":[{"start":{"line":490,"column":21},"end":{"line":490,"column":37}},{"start":{"line":491,"column":22},"end":{"line":494,"column":28}}],"line":490},"52":{"loc":{"start":{"line":500,"column":17},"end":{"line":526,"column":17}},"type":"binary-expr","locations":[{"start":{"line":500,"column":18},"end":{"line":500,"column":27}},{"start":{"line":500,"column":31},"end":{"line":500,"column":41}},{"start":{"line":500,"column":45},"end":{"line":500,"column":55}},{"start":{"line":501,"column":18},"end":{"line":525,"column":24}}],"line":500},"53":{"loc":{"start":{"line":506,"column":23},"end":{"line":511,"column":23}},"type":"binary-expr","locations":[{"start":{"line":506,"column":23},"end":{"line":506,"column":33}},{"start":{"line":507,"column":24},"end":{"line":510,"column":30}}],"line":506},"54":{"loc":{"start":{"line":512,"column":23},"end":{"line":517,"column":23}},"type":"binary-expr","locations":[{"start":{"line":512,"column":23},"end":{"line":512,"column":32}},{"start":{"line":513,"column":24},"end":{"line":516,"column":30}}],"line":512},"55":{"loc":{"start":{"line":518,"column":23},"end":{"line":523,"column":23}},"type":"binary-expr","locations":[{"start":{"line":518,"column":23},"end":{"line":518,"column":33}},{"start":{"line":519,"column":24},"end":{"line":522,"column":30}}],"line":518},"56":{"loc":{"start":{"line":529,"column":17},"end":{"line":555,"column":17}},"type":"binary-expr","locations":[{"start":{"line":529,"column":18},"end":{"line":529,"column":46}},{"start":{"line":529,"column":50},"end":{"line":529,"column":71}},{"start":{"line":529,"column":75},"end":{"line":529,"column":86}},{"start":{"line":530,"column":18},"end":{"line":554,"column":24}}],"line":529},"57":{"loc":{"start":{"line":535,"column":23},"end":{"line":540,"column":23}},"type":"binary-expr","locations":[{"start":{"line":535,"column":23},"end":{"line":535,"column":51}},{"start":{"line":536,"column":24},"end":{"line":539,"column":30}}],"line":535},"58":{"loc":{"start":{"line":538,"column":55},"end":{"line":538,"column":88}},"type":"cond-expr","locations":[{"start":{"line":538,"column":72},"end":{"line":538,"column":79}},{"start":{"line":538,"column":82},"end":{"line":538,"column":88}}],"line":538},"59":{"loc":{"start":{"line":541,"column":23},"end":{"line":546,"column":23}},"type":"binary-expr","locations":[{"start":{"line":541,"column":23},"end":{"line":541,"column":44}},{"start":{"line":542,"column":24},"end":{"line":545,"column":30}}],"line":541},"60":{"loc":{"start":{"line":544,"column":55},"end":{"line":544,"column":81}},"type":"cond-expr","locations":[{"start":{"line":544,"column":65},"end":{"line":544,"column":72}},{"start":{"line":544,"column":75},"end":{"line":544,"column":81}}],"line":544},"61":{"loc":{"start":{"line":547,"column":23},"end":{"line":552,"column":23}},"type":"binary-expr","locations":[{"start":{"line":547,"column":23},"end":{"line":547,"column":34}},{"start":{"line":548,"column":24},"end":{"line":551,"column":30}}],"line":547},"62":{"loc":{"start":{"line":560,"column":13},"end":{"line":565,"column":13}},"type":"binary-expr","locations":[{"start":{"line":560,"column":13},"end":{"line":560,"column":28}},{"start":{"line":561,"column":14},"end":{"line":564,"column":20}}],"line":560},"63":{"loc":{"start":{"line":568,"column":13},"end":{"line":582,"column":13}},"type":"binary-expr","locations":[{"start":{"line":568,"column":13},"end":{"line":568,"column":26}},{"start":{"line":569,"column":14},"end":{"line":581,"column":20}}],"line":568},"64":{"loc":{"start":{"line":594,"column":15},"end":{"line":645,"column":15}},"type":"cond-expr","locations":[{"start":{"line":595,"column":16},"end":{"line":608,"column":25}},{"start":{"line":610,"column":16},"end":{"line":644,"column":22}}],"line":594},"65":{"loc":{"start":{"line":600,"column":19},"end":{"line":607,"column":19}},"type":"cond-expr","locations":[{"start":{"line":601,"column":20},"end":{"line":604,"column":23}},{"start":{"line":606,"column":20},"end":{"line":606,"column":42}}],"line":600},"66":{"loc":{"start":{"line":618,"column":52},"end":{"line":618,"column":127}},"type":"cond-expr","locations":[{"start":{"line":618,"column":68},"end":{"line":618,"column":79}},{"start":{"line":618,"column":82},"end":{"line":618,"column":127}}],"line":618},"67":{"loc":{"start":{"line":618,"column":82},"end":{"line":618,"column":127}},"type":"cond-expr","locations":[{"start":{"line":618,"column":99},"end":{"line":618,"column":112}},{"start":{"line":618,"column":115},"end":{"line":618,"column":127}}],"line":618},"68":{"loc":{"start":{"line":620,"column":23},"end":{"line":620,"column":105}},"type":"cond-expr","locations":[{"start":{"line":620,"column":39},"end":{"line":620,"column":54}},{"start":{"line":620,"column":57},"end":{"line":620,"column":105}}],"line":620},"69":{"loc":{"start":{"line":620,"column":57},"end":{"line":620,"column":105}},"type":"cond-expr","locations":[{"start":{"line":620,"column":74},"end":{"line":620,"column":87}},{"start":{"line":620,"column":90},"end":{"line":620,"column":105}}],"line":620},"70":{"loc":{"start":{"line":622,"column":57},"end":{"line":622,"column":141}},"type":"cond-expr","locations":[{"start":{"line":622,"column":73},"end":{"line":622,"column":87}},{"start":{"line":622,"column":90},"end":{"line":622,"column":141}}],"line":622},"71":{"loc":{"start":{"line":622,"column":90},"end":{"line":622,"column":141}},"type":"cond-expr","locations":[{"start":{"line":622,"column":107},"end":{"line":622,"column":123}},{"start":{"line":622,"column":126},"end":{"line":622,"column":141}}],"line":622},"72":{"loc":{"start":{"line":623,"column":23},"end":{"line":623,"column":47}},"type":"cond-expr","locations":[{"start":{"line":623,"column":39},"end":{"line":623,"column":42}},{"start":{"line":623,"column":45},"end":{"line":623,"column":47}}],"line":623},"73":{"loc":{"start":{"line":654,"column":15},"end":{"line":667,"column":15}},"type":"cond-expr","locations":[{"start":{"line":655,"column":16},"end":{"line":662,"column":20}},{"start":{"line":664,"column":16},"end":{"line":666,"column":22}}],"line":654}},"s":{"0":11,"1":10,"2":10,"3":10,"4":10,"5":10,"6":10,"7":5,"8":10,"9":7,"10":5,"11":5,"12":2,"13":2,"14":2,"15":2,"16":2,"17":2,"18":0,"19":2,"20":2,"21":2,"22":10,"23":7,"24":2,"25":10,"26":5,"27":5,"28":4,"29":1,"30":5,"31":10,"32":2,"33":0,"34":2,"35":2,"36":2,"37":2,"38":2,"39":2,"40":10,"41":4,"42":10,"43":4,"44":10,"45":5,"46":5,"47":1,"48":4,"49":4,"50":4,"51":4,"52":0,"53":0},"f":{"0":11,"1":5,"2":7,"3":2,"4":2,"5":7,"6":5,"7":2,"8":4,"9":4,"10":0,"11":0},"b":{"0":[5,2],"1":[2,0],"2":[2,5],"3":[7,2],"4":[0,2],"5":[4,0],"6":[5,5],"7":[1,4],"8":[0,4],"9":[4,0],"10":[0,4],"11":[1,3],"12":[4,4],"13":[4,4,4],"14":[4,0],"15":[4,0],"16":[4,0],"17":[4,0],"18":[4,4,4,4,0],"19":[0,0],"20":[0,0],"21":[0,0,0],"22":[0,0],"23":[4,4],"24":[4,0],"25":[4,0],"26":[4,0],"27":[4,0,0],"28":[4,4],"29":[4,0],"30":[4,0],"31":[4,0],"32":[4,0],"33":[4,0],"34":[4,0],"35":[4,0,0,0,0],"36":[0,0],"37":[0,0],"38":[0,0],"39":[0,0],"40":[4,4],"41":[4,4],"42":[4,4],"43":[4,0],"44":[4,0],"45":[4,0],"46":[4,0],"47":[4,0],"48":[4,0],"49":[4,0],"50":[4,0],"51":[4,0],"52":[4,4,4,0],"53":[0,0],"54":[0,0],"55":[0,0],"56":[4,4,4,0],"57":[0,0],"58":[0,0],"59":[0,0],"60":[0,0],"61":[0,0],"62":[4,4],"63":[4,0],"64":[4,0],"65":[1,3],"66":[0,0],"67":[0,0],"68":[0,0],"69":[0,0],"70":[0,0],"71":[0,0],"72":[0,0],"73":[0,4]},"_coverageSchema":"1a1c01bbd47fc00a2c39e90264f33305004495a9","hash":"36b30b006d21a239d32d02e537d52d59bcdaeb15"}
,"C:\\Users\\Igor Cretu\\Desktop\\Bachelor\\Project\\FrontEnd\\src\\pages\\Cars.tsx": {"path":"C:\\Users\\Igor Cretu\\Desktop\\Bachelor\\Project\\FrontEnd\\src\\pages\\Cars.tsx","statementMap":{"0":{"start":{"line":32,"column":26},"end":{"line":32,"column":45}},"1":{"start":{"line":33,"column":32},"end":{"line":33,"column":46}},"2":{"start":{"line":34,"column":40},"end":{"line":34,"column":52}},"3":{"start":{"line":35,"column":36},"end":{"line":35,"column":79}},"4":{"start":{"line":36,"column":46},"end":{"line":36,"column":86}},"5":{"start":{"line":37,"column":40},"end":{"line":37,"column":51}},"6":{"start":{"line":38,"column":38},"end":{"line":38,"column":49}},"7":{"start":{"line":39,"column":32},"end":{"line":49,"column":4}},"8":{"start":{"line":50,"column":40},"end":{"line":50,"column":55}},"9":{"start":{"line":51,"column":44},"end":{"line":56,"column":4}},"10":{"start":{"line":58,"column":2},"end":{"line":60,"column":9}},"11":{"start":{"line":59,"column":4},"end":{"line":59,"column":25}},"12":{"start":{"line":62,"column":2},"end":{"line":64,"column":29}},"13":{"start":{"line":63,"column":4},"end":{"line":63,"column":22}},"14":{"start":{"line":66,"column":2},"end":{"line":70,"column":42}},"15":{"start":{"line":67,"column":4},"end":{"line":67,"column":16}},"16":{"start":{"line":69,"column":4},"end":{"line":69,"column":52}},"17":{"start":{"line":72,"column":2},"end":{"line":112,"column":24}},"18":{"start":{"line":73,"column":4},"end":{"line":73,"column":29}},"19":{"start":{"line":73,"column":22},"end":{"line":73,"column":29}},"20":{"start":{"line":75,"column":30},"end":{"line":75,"column":83}},"21":{"start":{"line":75,"column":51},"end":{"line":75,"column":82}},"22":{"start":{"line":76,"column":4},"end":{"line":76,"column":42}},"23":{"start":{"line":76,"column":35},"end":{"line":76,"column":42}},"24":{"start":{"line":78,"column":17},"end":{"line":78,"column":21}},"25":{"start":{"line":80,"column":23},"end":{"line":106,"column":5}},"26":{"start":{"line":81,"column":22},"end":{"line":91,"column":7}},"27":{"start":{"line":83,"column":24},"end":{"line":88,"column":12}},"28":{"start":{"line":89,"column":10},"end":{"line":89,"column":39}},"29":{"start":{"line":93,"column":6},"end":{"line":93,"column":26}},"30":{"start":{"line":93,"column":19},"end":{"line":93,"column":26}},"31":{"start":{"line":95,"column":6},"end":{"line":105,"column":9}},"32":{"start":{"line":96,"column":21},"end":{"line":96,"column":32}},"33":{"start":{"line":97,"column":22},"end":{"line":97,"column":27}},"34":{"start":{"line":98,"column":8},"end":{"line":103,"column":9}},"35":{"start":{"line":99,"column":10},"end":{"line":102,"column":11}},"36":{"start":{"line":100,"column":12},"end":{"line":100,"column":29}},"37":{"start":{"line":101,"column":12},"end":{"line":101,"column":27}},"38":{"start":{"line":104,"column":8},"end":{"line":104,"column":37}},"39":{"start":{"line":108,"column":4},"end":{"line":108,"column":17}},"40":{"start":{"line":109,"column":4},"end":{"line":111,"column":6}},"41":{"start":{"line":110,"column":6},"end":{"line":110,"column":21}},"42":{"start":{"line":115,"column":2},"end":{"line":166,"column":29}},"43":{"start":{"line":116,"column":4},"end":{"line":116,"column":29}},"44":{"start":{"line":116,"column":22},"end":{"line":116,"column":29}},"45":{"start":{"line":118,"column":35},"end":{"line":118,"column":80}},"46":{"start":{"line":118,"column":56},"end":{"line":118,"column":79}},"47":{"start":{"line":119,"column":4},"end":{"line":119,"column":47}},"48":{"start":{"line":119,"column":40},"end":{"line":119,"column":47}},"49":{"start":{"line":121,"column":17},"end":{"line":121,"column":21}},"50":{"start":{"line":123,"column":28},"end":{"line":160,"column":5}},"51":{"start":{"line":124,"column":22},"end":{"line":145,"column":7}},"52":{"start":{"line":126,"column":10},"end":{"line":143,"column":11}},"53":{"start":{"line":127,"column":29},"end":{"line":138,"column":14}},"54":{"start":{"line":139,"column":12},"end":{"line":139,"column":61}},"55":{"start":{"line":141,"column":12},"end":{"line":141,"column":78}},"56":{"start":{"line":142,"column":12},"end":{"line":142,"column":52}},"57":{"start":{"line":147,"column":6},"end":{"line":147,"column":26}},"58":{"start":{"line":147,"column":19},"end":{"line":147,"column":26}},"59":{"start":{"line":149,"column":6},"end":{"line":159,"column":9}},"60":{"start":{"line":150,"column":21},"end":{"line":150,"column":32}},"61":{"start":{"line":151,"column":22},"end":{"line":151,"column":27}},"62":{"start":{"line":152,"column":8},"end":{"line":157,"column":9}},"63":{"start":{"line":153,"column":10},"end":{"line":156,"column":11}},"64":{"start":{"line":154,"column":12},"end":{"line":154,"column":34}},"65":{"start":{"line":155,"column":12},"end":{"line":155,"column":27}},"66":{"start":{"line":158,"column":8},"end":{"line":158,"column":37}},"67":{"start":{"line":162,"column":4},"end":{"line":162,"column":22}},"68":{"start":{"line":163,"column":4},"end":{"line":165,"column":6}},"69":{"start":{"line":164,"column":6},"end":{"line":164,"column":21}},"70":{"start":{"line":168,"column":29},"end":{"line":186,"column":3}},"71":{"start":{"line":169,"column":4},"end":{"line":185,"column":5}},"72":{"start":{"line":171,"column":38},"end":{"line":174,"column":8}},"73":{"start":{"line":175,"column":26},"end":{"line":175,"column":55}},"74":{"start":{"line":176,"column":25},"end":{"line":176,"column":52}},"75":{"start":{"line":177,"column":6},"end":{"line":182,"column":9}},"76":{"start":{"line":178,"column":43},"end":{"line":178,"column":49}},"77":{"start":{"line":179,"column":66},"end":{"line":179,"column":73}},"78":{"start":{"line":180,"column":73},"end":{"line":180,"column":80}},"79":{"start":{"line":181,"column":67},"end":{"line":181,"column":75}},"80":{"start":{"line":184,"column":6},"end":{"line":184,"column":61}},"81":{"start":{"line":188,"column":20},"end":{"line":227,"column":3}},"82":{"start":{"line":189,"column":4},"end":{"line":226,"column":5}},"83":{"start":{"line":190,"column":6},"end":{"line":190,"column":23}},"84":{"start":{"line":191,"column":26},"end":{"line":191,"column":61}},"85":{"start":{"line":194,"column":6},"end":{"line":196,"column":7}},"86":{"start":{"line":195,"column":8},"end":{"line":195,"column":31}},"87":{"start":{"line":199,"column":83},"end":{"line":206,"column":7}},"88":{"start":{"line":209,"column":25},"end":{"line":209,"column":78}},"89":{"start":{"line":210,"column":6},"end":{"line":210,"column":42}},"90":{"start":{"line":211,"column":6},"end":{"line":211,"column":48}},"91":{"start":{"line":214,"column":6},"end":{"line":216,"column":9}},"92":{"start":{"line":215,"column":8},"end":{"line":215,"column":60}},"93":{"start":{"line":215,"column":40},"end":{"line":215,"column":60}},"94":{"start":{"line":218,"column":23},"end":{"line":218,"column":57}},"95":{"start":{"line":219,"column":6},"end":{"line":219,"column":40}},"96":{"start":{"line":220,"column":20},"end":{"line":220,"column":56}},"97":{"start":{"line":221,"column":6},"end":{"line":221,"column":27}},"98":{"start":{"line":223,"column":6},"end":{"line":223,"column":51}},"99":{"start":{"line":225,"column":6},"end":{"line":225,"column":24}},"100":{"start":{"line":230,"column":23},"end":{"line":230,"column":27}},"101":{"start":{"line":232,"column":22},"end":{"line":233,"column":114}},"102":{"start":{"line":233,"column":4},"end":{"line":233,"column":114}},"103":{"start":{"line":235,"column":2},"end":{"line":575,"column":4}},"104":{"start":{"line":250,"column":18},"end":{"line":250,"column":49}},"105":{"start":{"line":251,"column":18},"end":{"line":251,"column":36}},"106":{"start":{"line":262,"column":18},"end":{"line":262,"column":70}},"107":{"start":{"line":263,"column":18},"end":{"line":263,"column":36}},"108":{"start":{"line":275,"column":31},"end":{"line":275,"column":59}},"109":{"start":{"line":289,"column":33},"end":{"line":289,"column":82}},"110":{"start":{"line":294,"column":18},"end":{"line":296,"column":27}},"111":{"start":{"line":302,"column":33},"end":{"line":302,"column":86}},"112":{"start":{"line":307,"column":18},"end":{"line":309,"column":27}},"113":{"start":{"line":315,"column":33},"end":{"line":315,"column":86}},"114":{"start":{"line":320,"column":18},"end":{"line":322,"column":27}},"115":{"start":{"line":328,"column":33},"end":{"line":328,"column":89}},"116":{"start":{"line":333,"column":18},"end":{"line":335,"column":27}},"117":{"start":{"line":343,"column":33},"end":{"line":343,"column":85}},"118":{"start":{"line":351,"column":33},"end":{"line":351,"column":85}},"119":{"start":{"line":359,"column":33},"end":{"line":359,"column":86}},"120":{"start":{"line":367,"column":33},"end":{"line":367,"column":86}},"121":{"start":{"line":422,"column":31},"end":{"line":422,"column":56}},"122":{"start":{"line":423,"column":33},"end":{"line":423,"column":55}},"123":{"start":{"line":424,"column":32},"end":{"line":424,"column":129}},"124":{"start":{"line":426,"column":14},"end":{"line":497,"column":14}},"125":{"start":{"line":516,"column":31},"end":{"line":516,"column":75}},"126":{"start":{"line":528,"column":16},"end":{"line":536,"column":17}},"127":{"start":{"line":529,"column":18},"end":{"line":529,"column":37}},"128":{"start":{"line":530,"column":23},"end":{"line":536,"column":17}},"129":{"start":{"line":531,"column":18},"end":{"line":531,"column":37}},"130":{"start":{"line":532,"column":23},"end":{"line":536,"column":17}},"131":{"start":{"line":533,"column":18},"end":{"line":533,"column":50}},"132":{"start":{"line":535,"column":18},"end":{"line":535,"column":51}},"133":{"start":{"line":538,"column":33},"end":{"line":538,"column":59}},"134":{"start":{"line":540,"column":16},"end":{"line":552,"column":18}},"135":{"start":{"line":543,"column":35},"end":{"line":543,"column":61}},"136":{"start":{"line":557,"column":31},"end":{"line":557,"column":84}}},"fnMap":{"0":{"name":"Cars","decl":{"start":{"line":31,"column":24},"end":{"line":31,"column":28}},"loc":{"start":{"line":31,"column":31},"end":{"line":576,"column":1}},"line":31},"1":{"name":"(anonymous_1)","decl":{"start":{"line":58,"column":12},"end":{"line":58,"column":13}},"loc":{"start":{"line":58,"column":18},"end":{"line":60,"column":3}},"line":58},"2":{"name":"(anonymous_2)","decl":{"start":{"line":62,"column":12},"end":{"line":62,"column":13}},"loc":{"start":{"line":62,"column":18},"end":{"line":64,"column":3}},"line":62},"3":{"name":"(anonymous_3)","decl":{"start":{"line":66,"column":12},"end":{"line":66,"column":13}},"loc":{"start":{"line":66,"column":18},"end":{"line":70,"column":3}},"line":66},"4":{"name":"(anonymous_4)","decl":{"start":{"line":72,"column":12},"end":{"line":72,"column":13}},"loc":{"start":{"line":72,"column":18},"end":{"line":112,"column":3}},"line":72},"5":{"name":"(anonymous_5)","decl":{"start":{"line":75,"column":42},"end":{"line":75,"column":43}},"loc":{"start":{"line":75,"column":51},"end":{"line":75,"column":82}},"line":75},"6":{"name":"(anonymous_6)","decl":{"start":{"line":80,"column":23},"end":{"line":80,"column":24}},"loc":{"start":{"line":80,"column":35},"end":{"line":106,"column":5}},"line":80},"7":{"name":"(anonymous_7)","decl":{"start":{"line":82,"column":30},"end":{"line":82,"column":31}},"loc":{"start":{"line":82,"column":45},"end":{"line":90,"column":9}},"line":82},"8":{"name":"(anonymous_8)","decl":{"start":{"line":95,"column":19},"end":{"line":95,"column":20}},"loc":{"start":{"line":95,"column":29},"end":{"line":105,"column":7}},"line":95},"9":{"name":"(anonymous_9)","decl":{"start":{"line":109,"column":11},"end":{"line":109,"column":12}},"loc":{"start":{"line":109,"column":17},"end":{"line":111,"column":5}},"line":109},"10":{"name":"(anonymous_10)","decl":{"start":{"line":115,"column":12},"end":{"line":115,"column":13}},"loc":{"start":{"line":115,"column":18},"end":{"line":166,"column":3}},"line":115},"11":{"name":"(anonymous_11)","decl":{"start":{"line":118,"column":47},"end":{"line":118,"column":48}},"loc":{"start":{"line":118,"column":56},"end":{"line":118,"column":79}},"line":118},"12":{"name":"(anonymous_12)","decl":{"start":{"line":123,"column":28},"end":{"line":123,"column":29}},"loc":{"start":{"line":123,"column":40},"end":{"line":160,"column":5}},"line":123},"13":{"name":"(anonymous_13)","decl":{"start":{"line":125,"column":35},"end":{"line":125,"column":36}},"loc":{"start":{"line":125,"column":50},"end":{"line":144,"column":9}},"line":125},"14":{"name":"(anonymous_14)","decl":{"start":{"line":149,"column":24},"end":{"line":149,"column":25}},"loc":{"start":{"line":149,"column":34},"end":{"line":159,"column":7}},"line":149},"15":{"name":"(anonymous_15)","decl":{"start":{"line":163,"column":11},"end":{"line":163,"column":12}},"loc":{"start":{"line":163,"column":17},"end":{"line":165,"column":5}},"line":163},"16":{"name":"(anonymous_16)","decl":{"start":{"line":168,"column":29},"end":{"line":168,"column":30}},"loc":{"start":{"line":168,"column":41},"end":{"line":186,"column":3}},"line":168},"17":{"name":"(anonymous_17)","decl":{"start":{"line":178,"column":31},"end":{"line":178,"column":32}},"loc":{"start":{"line":178,"column":43},"end":{"line":178,"column":49}},"line":178},"18":{"name":"(anonymous_18)","decl":{"start":{"line":179,"column":54},"end":{"line":179,"column":55}},"loc":{"start":{"line":179,"column":66},"end":{"line":179,"column":73}},"line":179},"19":{"name":"(anonymous_19)","decl":{"start":{"line":180,"column":61},"end":{"line":180,"column":62}},"loc":{"start":{"line":180,"column":73},"end":{"line":180,"column":80}},"line":180},"20":{"name":"(anonymous_20)","decl":{"start":{"line":181,"column":54},"end":{"line":181,"column":55}},"loc":{"start":{"line":181,"column":67},"end":{"line":181,"column":75}},"line":181},"21":{"name":"(anonymous_21)","decl":{"start":{"line":188,"column":20},"end":{"line":188,"column":21}},"loc":{"start":{"line":188,"column":32},"end":{"line":227,"column":3}},"line":188},"22":{"name":"(anonymous_22)","decl":{"start":{"line":214,"column":38},"end":{"line":214,"column":39}},"loc":{"start":{"line":214,"column":56},"end":{"line":216,"column":7}},"line":214},"23":{"name":"(anonymous_23)","decl":{"start":{"line":232,"column":22},"end":{"line":232,"column":23}},"loc":{"start":{"line":233,"column":4},"end":{"line":233,"column":114}},"line":233},"24":{"name":"(anonymous_24)","decl":{"start":{"line":249,"column":26},"end":{"line":249,"column":27}},"loc":{"start":{"line":249,"column":33},"end":{"line":252,"column":17}},"line":249},"25":{"name":"(anonymous_25)","decl":{"start":{"line":261,"column":26},"end":{"line":261,"column":27}},"loc":{"start":{"line":261,"column":33},"end":{"line":264,"column":17}},"line":261},"26":{"name":"(anonymous_26)","decl":{"start":{"line":275,"column":25},"end":{"line":275,"column":26}},"loc":{"start":{"line":275,"column":31},"end":{"line":275,"column":59}},"line":275},"27":{"name":"(anonymous_27)","decl":{"start":{"line":289,"column":26},"end":{"line":289,"column":27}},"loc":{"start":{"line":289,"column":33},"end":{"line":289,"column":82}},"line":289},"28":{"name":"(anonymous_28)","decl":{"start":{"line":293,"column":42},"end":{"line":293,"column":43}},"loc":{"start":{"line":294,"column":18},"end":{"line":296,"column":27}},"line":294},"29":{"name":"(anonymous_29)","decl":{"start":{"line":302,"column":26},"end":{"line":302,"column":27}},"loc":{"start":{"line":302,"column":33},"end":{"line":302,"column":86}},"line":302},"30":{"name":"(anonymous_30)","decl":{"start":{"line":306,"column":45},"end":{"line":306,"column":46}},"loc":{"start":{"line":307,"column":18},"end":{"line":309,"column":27}},"line":307},"31":{"name":"(anonymous_31)","decl":{"start":{"line":315,"column":26},"end":{"line":315,"column":27}},"loc":{"start":{"line":315,"column":33},"end":{"line":315,"column":86}},"line":315},"32":{"name":"(anonymous_32)","decl":{"start":{"line":319,"column":45},"end":{"line":319,"column":46}},"loc":{"start":{"line":320,"column":18},"end":{"line":322,"column":27}},"line":320},"33":{"name":"(anonymous_33)","decl":{"start":{"line":328,"column":26},"end":{"line":328,"column":27}},"loc":{"start":{"line":328,"column":33},"end":{"line":328,"column":89}},"line":328},"34":{"name":"(anonymous_34)","decl":{"start":{"line":332,"column":49},"end":{"line":332,"column":50}},"loc":{"start":{"line":333,"column":18},"end":{"line":335,"column":27}},"line":333},"35":{"name":"(anonymous_35)","decl":{"start":{"line":343,"column":26},"end":{"line":343,"column":27}},"loc":{"start":{"line":343,"column":33},"end":{"line":343,"column":85}},"line":343},"36":{"name":"(anonymous_36)","decl":{"start":{"line":351,"column":26},"end":{"line":351,"column":27}},"loc":{"start":{"line":351,"column":33},"end":{"line":351,"column":85}},"line":351},"37":{"name":"(anonymous_37)","decl":{"start":{"line":359,"column":26},"end":{"line":359,"column":27}},"loc":{"start":{"line":359,"column":33},"end":{"line":359,"column":86}},"line":359},"38":{"name":"(anonymous_38)","decl":{"start":{"line":367,"column":26},"end":{"line":367,"column":27}},"loc":{"start":{"line":367,"column":33},"end":{"line":367,"column":86}},"line":367},"39":{"name":"(anonymous_39)","decl":{"start":{"line":421,"column":30},"end":{"line":421,"column":31}},"loc":{"start":{"line":421,"column":39},"end":{"line":498,"column":13}},"line":421},"40":{"name":"(anonymous_40)","decl":{"start":{"line":516,"column":25},"end":{"line":516,"column":26}},"loc":{"start":{"line":516,"column":31},"end":{"line":516,"column":75}},"line":516},"41":{"name":"(anonymous_41)","decl":{"start":{"line":526,"column":63},"end":{"line":526,"column":64}},"loc":{"start":{"line":526,"column":73},"end":{"line":553,"column":15}},"line":526},"42":{"name":"(anonymous_42)","decl":{"start":{"line":543,"column":29},"end":{"line":543,"column":30}},"loc":{"start":{"line":543,"column":35},"end":{"line":543,"column":61}},"line":543},"43":{"name":"(anonymous_43)","decl":{"start":{"line":557,"column":25},"end":{"line":557,"column":26}},"loc":{"start":{"line":557,"column":31},"end":{"line":557,"column":84}},"line":557}},"branchMap":{"0":{"loc":{"start":{"line":73,"column":4},"end":{"line":73,"column":29}},"type":"if","locations":[{"start":{"line":73,"column":4},"end":{"line":73,"column":29}},{"start":{},"end":{}}],"line":73},"1":{"loc":{"start":{"line":76,"column":4},"end":{"line":76,"column":42}},"type":"if","locations":[{"start":{"line":76,"column":4},"end":{"line":76,"column":42}},{"start":{},"end":{}}],"line":76},"2":{"loc":{"start":{"line":93,"column":6},"end":{"line":93,"column":26}},"type":"if","locations":[{"start":{"line":93,"column":6},"end":{"line":93,"column":26}},{"start":{},"end":{}}],"line":93},"3":{"loc":{"start":{"line":99,"column":10},"end":{"line":102,"column":11}},"type":"if","locations":[{"start":{"line":99,"column":10},"end":{"line":102,"column":11}},{"start":{},"end":{}}],"line":99},"4":{"loc":{"start":{"line":104,"column":15},"end":{"line":104,"column":36}},"type":"cond-expr","locations":[{"start":{"line":104,"column":25},"end":{"line":104,"column":29}},{"start":{"line":104,"column":32},"end":{"line":104,"column":36}}],"line":104},"5":{"loc":{"start":{"line":116,"column":4},"end":{"line":116,"column":29}},"type":"if","locations":[{"start":{"line":116,"column":4},"end":{"line":116,"column":29}},{"start":{},"end":{}}],"line":116},"6":{"loc":{"start":{"line":119,"column":4},"end":{"line":119,"column":47}},"type":"if","locations":[{"start":{"line":119,"column":4},"end":{"line":119,"column":47}},{"start":{},"end":{}}],"line":119},"7":{"loc":{"start":{"line":135,"column":26},"end":{"line":135,"column":47}},"type":"binary-expr","locations":[{"start":{"line":135,"column":26},"end":{"line":135,"column":40}},{"start":{"line":135,"column":44},"end":{"line":135,"column":47}}],"line":135},"8":{"loc":{"start":{"line":147,"column":6},"end":{"line":147,"column":26}},"type":"if","locations":[{"start":{"line":147,"column":6},"end":{"line":147,"column":26}},{"start":{},"end":{}}],"line":147},"9":{"loc":{"start":{"line":153,"column":10},"end":{"line":156,"column":11}},"type":"if","locations":[{"start":{"line":153,"column":10},"end":{"line":156,"column":11}},{"start":{},"end":{}}],"line":153},"10":{"loc":{"start":{"line":153,"column":14},"end":{"line":153,"column":37}},"type":"binary-expr","locations":[{"start":{"line":153,"column":14},"end":{"line":153,"column":24}},{"start":{"line":153,"column":28},"end":{"line":153,"column":37}}],"line":153},"11":{"loc":{"start":{"line":158,"column":15},"end":{"line":158,"column":36}},"type":"cond-expr","locations":[{"start":{"line":158,"column":25},"end":{"line":158,"column":29}},{"start":{"line":158,"column":32},"end":{"line":158,"column":36}}],"line":158},"12":{"loc":{"start":{"line":175,"column":26},"end":{"line":175,"column":55}},"type":"binary-expr","locations":[{"start":{"line":175,"column":26},"end":{"line":175,"column":49}},{"start":{"line":175,"column":53},"end":{"line":175,"column":55}}],"line":175},"13":{"loc":{"start":{"line":176,"column":25},"end":{"line":176,"column":52}},"type":"binary-expr","locations":[{"start":{"line":176,"column":25},"end":{"line":176,"column":46}},{"start":{"line":176,"column":50},"end":{"line":176,"column":52}}],"line":176},"14":{"loc":{"start":{"line":179,"column":20},"end":{"line":179,"column":48}},"type":"binary-expr","locations":[{"start":{"line":179,"column":20},"end":{"line":179,"column":42}},{"start":{"line":179,"column":46},"end":{"line":179,"column":48}}],"line":179},"15":{"loc":{"start":{"line":180,"column":24},"end":{"line":180,"column":55}},"type":"binary-expr","locations":[{"start":{"line":180,"column":24},"end":{"line":180,"column":49}},{"start":{"line":180,"column":53},"end":{"line":180,"column":55}}],"line":180},"16":{"loc":{"start":{"line":181,"column":20},"end":{"line":181,"column":48}},"type":"binary-expr","locations":[{"start":{"line":181,"column":20},"end":{"line":181,"column":42}},{"start":{"line":181,"column":46},"end":{"line":181,"column":48}}],"line":181},"17":{"loc":{"start":{"line":194,"column":6},"end":{"line":196,"column":7}},"type":"if","locations":[{"start":{"line":194,"column":6},"end":{"line":196,"column":7}},{"start":{},"end":{}}],"line":194},"18":{"loc":{"start":{"line":209,"column":25},"end":{"line":209,"column":78}},"type":"binary-expr","locations":[{"start":{"line":209,"column":25},"end":{"line":209,"column":53}},{"start":{"line":209,"column":57},"end":{"line":209,"column":78}}],"line":209},"19":{"loc":{"start":{"line":215,"column":8},"end":{"line":215,"column":60}},"type":"if","locations":[{"start":{"line":215,"column":8},"end":{"line":215,"column":60}},{"start":{},"end":{}}],"line":215},"20":{"loc":{"start":{"line":215,"column":12},"end":{"line":215,"column":38}},"type":"binary-expr","locations":[{"start":{"line":215,"column":12},"end":{"line":215,"column":17}},{"start":{"line":215,"column":21},"end":{"line":215,"column":38}}],"line":215},"21":{"loc":{"start":{"line":219,"column":14},"end":{"line":219,"column":38}},"type":"binary-expr","locations":[{"start":{"line":219,"column":14},"end":{"line":219,"column":32}},{"start":{"line":219,"column":36},"end":{"line":219,"column":38}}],"line":219},"22":{"loc":{"start":{"line":220,"column":20},"end":{"line":220,"column":56}},"type":"binary-expr","locations":[{"start":{"line":220,"column":20},"end":{"line":220,"column":51}},{"start":{"line":220,"column":55},"end":{"line":220,"column":56}}],"line":220},"23":{"loc":{"start":{"line":285,"column":11},"end":{"line":371,"column":11}},"type":"binary-expr","locations":[{"start":{"line":285,"column":11},"end":{"line":285,"column":22}},{"start":{"line":286,"column":12},"end":{"line":370,"column":18}}],"line":285},"24":{"loc":{"start":{"line":405,"column":11},"end":{"line":412,"column":11}},"type":"binary-expr","locations":[{"start":{"line":405,"column":11},"end":{"line":405,"column":19}},{"start":{"line":405,"column":23},"end":{"line":405,"column":37}},{"start":{"line":406,"column":12},"end":{"line":411,"column":18}}],"line":405},"25":{"loc":{"start":{"line":415,"column":9},"end":{"line":500,"column":9}},"type":"cond-expr","locations":[{"start":{"line":416,"column":10},"end":{"line":418,"column":16}},{"start":{"line":420,"column":10},"end":{"line":499,"column":16}}],"line":415},"26":{"loc":{"start":{"line":422,"column":31},"end":{"line":422,"column":56}},"type":"binary-expr","locations":[{"start":{"line":422,"column":31},"end":{"line":422,"column":48}},{"start":{"line":422,"column":52},"end":{"line":422,"column":56}}],"line":422},"27":{"loc":{"start":{"line":424,"column":32},"end":{"line":424,"column":129}},"type":"cond-expr","locations":[{"start":{"line":424,"column":46},"end":{"line":424,"column":121}},{"start":{"line":424,"column":125},"end":{"line":424,"column":129}}],"line":424},"28":{"loc":{"start":{"line":433,"column":19},"end":{"line":442,"column":19}},"type":"cond-expr","locations":[{"start":{"line":434,"column":20},"end":{"line":439,"column":22}},{"start":{"line":441,"column":20},"end":{"line":441,"column":67}}],"line":433},"29":{"loc":{"start":{"line":455,"column":19},"end":{"line":479,"column":19}},"type":"cond-expr","locations":[{"start":{"line":456,"column":20},"end":{"line":471,"column":26}},{"start":{"line":473,"column":20},"end":{"line":478,"column":26}}],"line":455},"30":{"loc":{"start":{"line":461,"column":62},"end":{"line":461,"column":139}},"type":"cond-expr","locations":[{"start":{"line":461,"column":79},"end":{"line":461,"column":90}},{"start":{"line":461,"column":93},"end":{"line":461,"column":139}}],"line":461},"31":{"loc":{"start":{"line":461,"column":93},"end":{"line":461,"column":139}},"type":"cond-expr","locations":[{"start":{"line":461,"column":111},"end":{"line":461,"column":124}},{"start":{"line":461,"column":127},"end":{"line":461,"column":139}}],"line":461},"32":{"loc":{"start":{"line":463,"column":66},"end":{"line":463,"column":152}},"type":"cond-expr","locations":[{"start":{"line":463,"column":83},"end":{"line":463,"column":97}},{"start":{"line":463,"column":100},"end":{"line":463,"column":152}}],"line":463},"33":{"loc":{"start":{"line":463,"column":100},"end":{"line":463,"column":152}},"type":"cond-expr","locations":[{"start":{"line":463,"column":118},"end":{"line":463,"column":134}},{"start":{"line":463,"column":137},"end":{"line":463,"column":152}}],"line":463},"34":{"loc":{"start":{"line":464,"column":29},"end":{"line":464,"column":113}},"type":"cond-expr","locations":[{"start":{"line":464,"column":46},"end":{"line":464,"column":61}},{"start":{"line":464,"column":64},"end":{"line":464,"column":113}}],"line":464},"35":{"loc":{"start":{"line":464,"column":64},"end":{"line":464,"column":113}},"type":"cond-expr","locations":[{"start":{"line":464,"column":82},"end":{"line":464,"column":95}},{"start":{"line":464,"column":98},"end":{"line":464,"column":113}}],"line":464},"36":{"loc":{"start":{"line":466,"column":64},"end":{"line":466,"column":150}},"type":"cond-expr","locations":[{"start":{"line":466,"column":81},"end":{"line":466,"column":95}},{"start":{"line":466,"column":98},"end":{"line":466,"column":150}}],"line":466},"37":{"loc":{"start":{"line":466,"column":98},"end":{"line":466,"column":150}},"type":"cond-expr","locations":[{"start":{"line":466,"column":116},"end":{"line":466,"column":132}},{"start":{"line":466,"column":135},"end":{"line":466,"column":150}}],"line":466},"38":{"loc":{"start":{"line":467,"column":29},"end":{"line":467,"column":54}},"type":"cond-expr","locations":[{"start":{"line":467,"column":46},"end":{"line":467,"column":49}},{"start":{"line":467,"column":52},"end":{"line":467,"column":54}}],"line":467},"39":{"loc":{"start":{"line":484,"column":42},"end":{"line":484,"column":80}},"type":"binary-expr","locations":[{"start":{"line":484,"column":42},"end":{"line":484,"column":71}},{"start":{"line":484,"column":75},"end":{"line":484,"column":80}}],"line":484},"40":{"loc":{"start":{"line":488,"column":29},"end":{"line":488,"column":51}},"type":"binary-expr","locations":[{"start":{"line":488,"column":29},"end":{"line":488,"column":42}},{"start":{"line":488,"column":46},"end":{"line":488,"column":51}}],"line":488},"41":{"loc":{"start":{"line":488,"column":56},"end":{"line":488,"column":81}},"type":"binary-expr","locations":[{"start":{"line":488,"column":56},"end":{"line":488,"column":72}},{"start":{"line":488,"column":76},"end":{"line":488,"column":81}}],"line":488},"42":{"loc":{"start":{"line":492,"column":29},"end":{"line":492,"column":51}},"type":"binary-expr","locations":[{"start":{"line":492,"column":29},"end":{"line":492,"column":42}},{"start":{"line":492,"column":46},"end":{"line":492,"column":51}}],"line":492},"43":{"loc":{"start":{"line":492,"column":53},"end":{"line":492,"column":87}},"type":"cond-expr","locations":[{"start":{"line":492,"column":65},"end":{"line":492,"column":82}},{"start":{"line":492,"column":85},"end":{"line":492,"column":87}}],"line":492},"44":{"loc":{"start":{"line":502,"column":9},"end":{"line":508,"column":9}},"type":"binary-expr","locations":[{"start":{"line":502,"column":9},"end":{"line":502,"column":17}},{"start":{"line":502,"column":21},"end":{"line":502,"column":46}},{"start":{"line":503,"column":10},"end":{"line":507,"column":16}}],"line":502},"45":{"loc":{"start":{"line":511,"column":9},"end":{"line":572,"column":9}},"type":"binary-expr","locations":[{"start":{"line":511,"column":9},"end":{"line":511,"column":17}},{"start":{"line":511,"column":21},"end":{"line":511,"column":44}},{"start":{"line":511,"column":48},"end":{"line":511,"column":62}},{"start":{"line":512,"column":10},"end":{"line":571,"column":16}}],"line":511},"46":{"loc":{"start":{"line":528,"column":16},"end":{"line":536,"column":17}},"type":"if","locations":[{"start":{"line":528,"column":16},"end":{"line":536,"column":17}},{"start":{"line":530,"column":23},"end":{"line":536,"column":17}}],"line":528},"47":{"loc":{"start":{"line":530,"column":23},"end":{"line":536,"column":17}},"type":"if","locations":[{"start":{"line":530,"column":23},"end":{"line":536,"column":17}},{"start":{"line":532,"column":23},"end":{"line":536,"column":17}}],"line":530},"48":{"loc":{"start":{"line":532,"column":23},"end":{"line":536,"column":17}},"type":"if","locations":[{"start":{"line":532,"column":23},"end":{"line":536,"column":17}},{"start":{"line":534,"column":23},"end":{"line":536,"column":17}}],"line":532},"49":{"loc":{"start":{"line":545,"column":22},"end":{"line":547,"column":71}},"type":"cond-expr","locations":[{"start":{"line":546,"column":26},"end":{"line":546,"column":60}},{"start":{"line":547,"column":26},"end":{"line":547,"column":71}}],"line":545}},"s":{"0":24,"1":23,"2":23,"3":23,"4":23,"5":23,"6":23,"7":23,"8":23,"9":23,"10":23,"11":10,"12":23,"13":10,"14":23,"15":10,"16":10,"17":23,"18":21,"19":11,"20":10,"21":20,"22":10,"23":2,"24":8,"25":8,"26":8,"27":16,"28":16,"29":8,"30":3,"31":5,"32":2,"33":2,"34":2,"35":4,"36":4,"37":4,"38":2,"39":8,"40":8,"41":8,"42":23,"43":19,"44":11,"45":8,"46":16,"47":8,"48":0,"49":8,"50":8,"51":8,"52":16,"53":16,"54":16,"55":16,"56":16,"57":8,"58":3,"59":5,"60":2,"61":2,"62":2,"63":4,"64":0,"65":0,"66":2,"67":8,"68":8,"69":8,"70":23,"71":10,"72":10,"73":10,"74":10,"75":10,"76":20,"77":20,"78":20,"79":20,"80":0,"81":23,"82":10,"83":10,"84":10,"85":10,"86":0,"87":10,"88":10,"89":10,"90":10,"91":10,"92":90,"93":0,"94":10,"95":10,"96":10,"97":10,"98":0,"99":10,"100":23,"101":23,"102":24,"103":23,"104":0,"105":0,"106":0,"107":0,"108":2,"109":0,"110":4,"111":0,"112":4,"113":0,"114":4,"115":0,"116":4,"117":0,"118":0,"119":0,"120":0,"121":24,"122":24,"123":24,"124":24,"125":0,"126":0,"127":0,"128":0,"129":0,"130":0,"131":0,"132":0,"133":0,"134":0,"135":0,"136":0},"f":{"0":24,"1":10,"2":10,"3":10,"4":21,"5":20,"6":8,"7":16,"8":2,"9":8,"10":19,"11":16,"12":8,"13":16,"14":2,"15":8,"16":10,"17":20,"18":20,"19":20,"20":20,"21":10,"22":90,"23":24,"24":0,"25":0,"26":2,"27":0,"28":4,"29":0,"30":4,"31":0,"32":4,"33":0,"34":4,"35":0,"36":0,"37":0,"38":0,"39":24,"40":0,"41":0,"42":0,"43":0},"b":{"0":[11,10],"1":[2,8],"2":[3,5],"3":[4,0],"4":[2,0],"5":[11,8],"6":[0,8],"7":[16,0],"8":[3,5],"9":[0,4],"10":[4,0],"11":[0,2],"12":[10,0],"13":[10,0],"14":[10,0],"15":[10,0],"16":[10,0],"17":[0,10],"18":[10,0],"19":[0,90],"20":[90,10],"21":[10,0],"22":[10,1],"23":[23,2],"24":[23,13,0],"25":[10,13],"26":[24,16],"27":[0,24],"28":[8,16],"29":[0,24],"30":[0,0],"31":[0,0],"32":[0,0],"33":[0,0],"34":[0,0],"35":[0,0],"36":[0,0],"37":[0,0],"38":[0,0],"39":[24,0],"40":[24,0],"41":[24,0],"42":[24,0],"43":[24,0],"44":[23,13,1],"45":[23,13,12,0],"46":[0,0],"47":[0,0],"48":[0,0],"49":[0,0]},"_coverageSchema":"1a1c01bbd47fc00a2c39e90264f33305004495a9","hash":"3357e25c72155a5595c6ffbbad927791f5ecd6a2"}
,"C:\\Users\\Igor Cretu\\Desktop\\Bachelor\\Project\\FrontEnd\\src\\pages\\Home.tsx": {"path":"C:\\Users\\Igor Cretu\\Desktop\\Bachelor\\Project\\FrontEnd\\src\\pages\\Home.tsx","statementMap":{"0":{"start":{"line":5,"column":2},"end":{"line":163,"column":4}}},"fnMap":{"0":{"name":"Home","decl":{"start":{"line":4,"column":24},"end":{"line":4,"column":28}},"loc":{"start":{"line":4,"column":31},"end":{"line":164,"column":1}},"line":4}},"branchMap":{},"s":{"0":31},"f":{"0":31},"b":{},"_coverageSchema":"1a1c01bbd47fc00a2c39e90264f33305004495a9","hash":"229a52a900104889f44dcdbb121593e9b583c056"}
[...]
ne":148,"column":79},"end":{"line":148,"column":88}}],"line":148},"12":{"loc":{"start":{"line":153,"column":15},"end":{"line":153,"column":70}},"type":"binary-expr","locations":[{"start":{"line":153,"column":15},"end":{"line":153,"column":40}},{"start":{"line":153,"column":44},"end":{"line":153,"column":70}}],"line":153},"13":{"loc":{"start":{"line":176,"column":38},"end":{"line":176,"column":66}},"type":"binary-expr","locations":[{"start":{"line":176,"column":38},"end":{"line":176,"column":39}},{"start":{"line":176,"column":43},"end":{"line":176,"column":66}}],"line":176},"14":{"loc":{"start":{"line":212,"column":15},"end":{"line":236,"column":15}},"type":"cond-expr","locations":[{"start":{"line":213,"column":16},"end":{"line":224,"column":19}},{"start":{"line":226,"column":16},"end":{"line":235,"column":22}}],"line":212},"15":{"loc":{"start":{"line":229,"column":21},"end":{"line":233,"column":44}},"type":"cond-expr","locations":[{"start":{"line":230,"column":24},"end":{"line":230,"column":51}},{"start":{"line":231,"column":24},"end":{"line":233,"column":44}}],"line":229},"16":{"loc":{"start":{"line":231,"column":24},"end":{"line":233,"column":44}},"type":"cond-expr","locations":[{"start":{"line":232,"column":24},"end":{"line":232,"column":51}},{"start":{"line":233,"column":24},"end":{"line":233,"column":44}}],"line":231},"17":{"loc":{"start":{"line":269,"column":30},"end":{"line":269,"column":62}},"type":"binary-expr","locations":[{"start":{"line":269,"column":30},"end":{"line":269,"column":45}},{"start":{"line":269,"column":49},"end":{"line":269,"column":62}}],"line":269},"18":{"loc":{"start":{"line":273,"column":23},"end":{"line":273,"column":115}},"type":"cond-expr","locations":[{"start":{"line":273,"column":39},"end":{"line":273,"column":58}},{"start":{"line":273,"column":61},"end":{"line":273,"column":115}}],"line":273},"19":{"loc":{"start":{"line":273,"column":61},"end":{"line":273,"column":115}},"type":"cond-expr","locations":[{"start":{"line":273,"column":78},"end":{"line":273,"column":92}},{"start":{"line":273,"column":95},"end":{"line":273,"column":115}}],"line":273},"20":{"loc":{"start":{"line":309,"column":17},"end":{"line":309,"column":119}},"type":"cond-expr","locations":[{"start":{"line":309,"column":30},"end":{"line":309,"column":72}},{"start":{"line":309,"column":75},"end":{"line":309,"column":119}}],"line":309},"21":{"loc":{"start":{"line":316,"column":21},"end":{"line":316,"column":99}},"type":"binary-expr","locations":[{"start":{"line":316,"column":21},"end":{"line":316,"column":33}},{"start":{"line":316,"column":37},"end":{"line":316,"column":99}}],"line":316},"22":{"loc":{"start":{"line":322,"column":30},"end":{"line":322,"column":61}},"type":"binary-expr","locations":[{"start":{"line":322,"column":30},"end":{"line":322,"column":45}},{"start":{"line":322,"column":49},"end":{"line":322,"column":61}}],"line":322},"23":{"loc":{"start":{"line":325,"column":38},"end":{"line":325,"column":97}},"type":"cond-expr","locations":[{"start":{"line":325,"column":56},"end":{"line":325,"column":76}},{"start":{"line":325,"column":79},"end":{"line":325,"column":97}}],"line":325},"24":{"loc":{"start":{"line":331,"column":21},"end":{"line":339,"column":21}},"type":"binary-expr","locations":[{"start":{"line":331,"column":21},"end":{"line":331,"column":32}},{"start":{"line":331,"column":36},"end":{"line":331,"column":50}},{"start":{"line":332,"column":22},"end":{"line":338,"column":25}}],"line":331},"25":{"loc":{"start":{"line":346,"column":21},"end":{"line":346,"column":99}},"type":"binary-expr","locations":[{"start":{"line":346,"column":21},"end":{"line":346,"column":33}},{"start":{"line":346,"column":37},"end":{"line":346,"column":99}}],"line":346},"26":{"loc":{"start":{"line":352,"column":30},"end":{"line":352,"column":61}},"type":"binary-expr","locations":[{"start":{"line":352,"column":30},"end":{"line":352,"column":45}},{"start":{"line":352,"column":49},"end":{"line":352,"column":61}}],"line":352},"27":{"loc":{"start":{"line":355,"column":38},"end":{"line":355,"column":100}},"type":"cond-expr","locations":[{"start":{"line":355,"column":56},"end":{"line":355,"column":76}},{"start":{"line":355,"column":79},"end":{"line":355,"column":100}}],"line":355},"28":{"loc":{"start":{"line":361,"column":21},"end":{"line":367,"column":21}},"type":"binary-expr","locations":[{"start":{"line":361,"column":21},"end":{"line":361,"column":32}},{"start":{"line":361,"column":36},"end":{"line":361,"column":50}},{"start":{"line":362,"column":22},"end":{"line":366,"column":25}}],"line":361},"29":{"loc":{"start":{"line":382,"column":17},"end":{"line":394,"column":17}},"type":"binary-expr","locations":[{"start":{"line":382,"column":17},"end":{"line":382,"column":28}},{"start":{"line":383,"column":18},"end":{"line":393,"column":24}}],"line":382},"30":{"loc":{"start":{"line":408,"column":21},"end":{"line":408,"column":99}},"type":"binary-expr","locations":[{"start":{"line":408,"column":21},"end":{"line":408,"column":33}},{"start":{"line":408,"column":37},"end":{"line":408,"column":99}}],"line":408},"31":{"loc":{"start":{"line":414,"column":30},"end":{"line":414,"column":61}},"type":"binary-expr","locations":[{"start":{"line":414,"column":30},"end":{"line":414,"column":45}},{"start":{"line":414,"column":49},"end":{"line":414,"column":61}}],"line":414},"32":{"loc":{"start":{"line":417,"column":38},"end":{"line":417,"column":97}},"type":"cond-expr","locations":[{"start":{"line":417,"column":56},"end":{"line":417,"column":76}},{"start":{"line":417,"column":79},"end":{"line":417,"column":97}}],"line":417},"33":{"loc":{"start":{"line":423,"column":21},"end":{"line":434,"column":21}},"type":"binary-expr","locations":[{"start":{"line":423,"column":21},"end":{"line":423,"column":32}},{"start":{"line":423,"column":36},"end":{"line":423,"column":50}},{"start":{"line":424,"column":22},"end":{"line":433,"column":25}}],"line":423},"34":{"loc":{"start":{"line":479,"column":13},"end":{"line":484,"column":13}},"type":"binary-expr","locations":[{"start":{"line":479,"column":13},"end":{"line":479,"column":18}},{"start":{"line":480,"column":14},"end":{"line":483,"column":20}}],"line":479},"35":{"loc":{"start":{"line":491,"column":15},"end":{"line":498,"column":15}},"type":"cond-expr","locations":[{"start":{"line":492,"column":16},"end":{"line":495,"column":19}},{"start":{"line":497,"column":16},"end":{"line":497,"column":38}}],"line":491},"36":{"loc":{"start":{"line":504,"column":13},"end":{"line":606,"column":13}},"type":"cond-expr","locations":[{"start":{"line":505,"column":14},"end":{"line":582,"column":20}},{"start":{"line":584,"column":14},"end":{"line":605,"column":20}}],"line":504},"37":{"loc":{"start":{"line":570,"column":69},"end":{"line":570,"column":107}},"type":"binary-expr","locations":[{"start":{"line":570,"column":69},"end":{"line":570,"column":98}},{"start":{"line":570,"column":102},"end":{"line":570,"column":107}}],"line":570}},"s":{"0":1,"1":17,"2":16,"3":16,"4":16,"5":16,"6":16,"7":16,"8":16,"9":16,"10":16,"11":16,"12":6,"13":6,"14":6,"15":6,"16":18,"17":6,"18":0,"19":6,"20":16,"21":6,"22":6,"23":6,"24":6,"25":0,"26":0,"27":0,"28":0,"29":0,"30":0,"31":0,"32":0,"33":0,"34":0,"35":16,"36":6,"37":6,"38":6,"39":0,"40":0,"41":0,"42":0,"43":0,"44":0,"45":0,"46":0,"47":0,"48":0,"49":0,"50":0,"51":0,"52":0,"53":0,"54":0,"55":0,"56":0,"57":0,"58":16,"59":6,"60":6,"61":6,"62":0,"63":0,"64":0,"65":0,"66":16,"67":0,"68":0,"69":0,"70":0,"71":0,"72":0,"73":0,"74":0,"75":0,"76":16,"77":0,"78":16,"79":16,"80":16,"81":16,"82":128,"83":16,"84":16,"85":16,"86":0,"87":12,"88":0,"89":0,"90":0,"91":0,"92":0,"93":0,"94":0,"95":0,"96":0,"97":0,"98":0,"99":0,"100":0,"101":0,"102":176,"103":0},"f":{"0":17,"1":6,"2":6,"3":18,"4":6,"5":0,"6":0,"7":6,"8":0,"9":0,"10":6,"11":0,"12":0,"13":0,"14":16,"15":128,"16":0,"17":12,"18":0,"19":0,"20":0,"21":0,"22":0,"23":0,"24":0,"25":0,"26":0,"27":0,"28":0,"29":0,"30":0,"31":0,"32":176,"33":0},"b":{"0":[6,0],"1":[6,0],"2":[6,0],"3":[0,0],"4":[0,0],"5":[0,0],"6":[0,0],"7":[6,0],"8":[6,0,0],"9":[0,0],"10":[0,0],"11":[0,0],"12":[0,0],"13":[128,16],"14":[0,16],"15":[16,0],"16":[0,0],"17":[16,0],"18":[0,16],"19":[0,16],"20":[0,16],"21":[16,0],"22":[16,0],"23":[16,0],"24":[16,16,0],"25":[16,0],"26":[16,0],"27":[16,0],"28":[16,16,0],"29":[16,16],"30":[16,0],"31":[16,0],"32":[16,0],"33":[16,16,0],"34":[16,0],"35":[0,16],"36":[0,16],"37":[0,0]},"_coverageSchema":"1a1c01bbd47fc00a2c39e90264f33305004495a9","hash":"2cabe5afd0e5d80509ac0a67653468c8700f4f20"}
,"C:\\Users\\Igor Cretu\\Desktop\\Bachelor\\Project\\FrontEnd\\src\\utils\\carImages.ts": {"path":"C:\\Users\\Igor Cretu\\Desktop\\Bachelor\\Project\\FrontEnd\\src\\utils\\carImages.ts","statementMap":{"0":{"start":{"line":8,"column":24},"end":{"line":8,"column":60}},"1":{"start":{"line":9,"column":24},"end":{"line":9,"column":46}},"2":{"start":{"line":10,"column":22},"end":{"line":10,"column":29}},"3":{"start":{"line":11,"column":22},"end":{"line":11,"column":26}},"4":{"start":{"line":12,"column":20},"end":{"line":12,"column":52}},"5":{"start":{"line":13,"column":23},"end":{"line":13,"column":52}},"6":{"start":{"line":14,"column":22},"end":{"line":14,"column":32}},"7":{"start":{"line":16,"column":20},"end":{"line":17,"column":51}},"8":{"start":{"line":17,"column":2},"end":{"line":17,"column":51}},"9":{"start":{"line":19,"column":24},"end":{"line":29,"column":1}},"10":{"start":{"line":20,"column":2},"end":{"line":20,"column":101}},"11":{"start":{"line":20,"column":85},"end":{"line":20,"column":101}},"12":{"start":{"line":21,"column":2},"end":{"line":28,"column":3}},"13":{"start":{"line":22,"column":16},"end":{"line":22,"column":72}},"14":{"start":{"line":23,"column":4},"end":{"line":23,"column":38}},"15":{"start":{"line":23,"column":22},"end":{"line":23,"column":38}},"16":{"start":{"line":24,"column":4},"end":{"line":24,"column":42}},"17":{"start":{"line":24,"column":31},"end":{"line":24,"column":42}},"18":{"start":{"line":25,"column":4},"end":{"line":25,"column":14}},"19":{"start":{"line":27,"column":4},"end":{"line":27,"column":20}},"20":{"start":{"line":31,"column":23},"end":{"line":38,"column":1}},"21":{"start":{"line":32,"column":2},"end":{"line":32,"column":91}},"22":{"start":{"line":32,"column":85},"end":{"line":32,"column":91}},"23":{"start":{"line":33,"column":2},"end":{"line":37,"column":3}},"24":{"start":{"line":34,"column":4},"end":{"line":34,"column":84}},"25":{"start":{"line":40,"column":35},"end":{"line":53,"column":1}},"26":{"start":{"line":41,"column":33},"end":{"line":41,"column":36}},"27":{"start":{"line":42,"column":2},"end":{"line":42,"column":60}},"28":{"start":{"line":42,"column":49},"end":{"line":42,"column":60}},"29":{"start":{"line":44,"column":14},"end":{"line":44,"column":38}},"30":{"start":{"line":45,"column":2},"end":{"line":45,"column":54}},"31":{"start":{"line":46,"column":2},"end":{"line":46,"column":47}},"32":{"start":{"line":47,"column":2},"end":{"line":47,"column":70}},"33":{"start":{"line":48,"column":2},"end":{"line":48,"column":49}},"34":{"start":{"line":49,"column":2},"end":{"line":49,"column":49}},"35":{"start":{"line":50,"column":2},"end":{"line":50,"column":52}},"36":{"start":{"line":50,"column":13},"end":{"line":50,"column":52}},"37":{"start":{"line":52,"column":2},"end":{"line":52,"column":23}},"38":{"start":{"line":55,"column":29},"end":{"line":86,"column":1}},"39":{"start":{"line":56,"column":18},"end":{"line":56,"column":47}},"40":{"start":{"line":57,"column":23},"end":{"line":57,"column":26}},"41":{"start":{"line":59,"column":2},"end":{"line":83,"column":3}},"42":{"start":{"line":61,"column":6},"end":{"line":64,"column":78}},"43":{"start":{"line":66,"column":4},"end":{"line":82,"column":5}},"44":{"start":{"line":67,"column":23},"end":{"line":67,"column":39}},"45":{"start":{"line":68,"column":6},"end":{"line":68,"column":32}},"46":{"start":{"line":68,"column":24},"end":{"line":68,"column":32}},"47":{"start":{"line":69,"column":19},"end":{"line":75,"column":7}},"48":{"start":{"line":76,"column":24},"end":{"line":76,"column":79}},"49":{"start":{"line":77,"column":19},"end":{"line":77,"column":44}},"50":{"start":{"line":78,"column":23},"end":{"line":78,"column":50}},"51":{"start":{"line":79,"column":6},"end":{"line":79,"column":35}},"52":{"start":{"line":79,"column":20},"end":{"line":79,"column":35}},"53":{"start":{"line":85,"column":2},"end":{"line":85,"column":13}},"54":{"start":{"line":88,"column":27},"end":{"line":112,"column":1}},"55":{"start":{"line":89,"column":14},"end":{"line":89,"column":37}},"56":{"start":{"line":91,"column":2},"end":{"line":93,"column":3}},"57":{"start":{"line":92,"column":4},"end":{"line":92,"column":39}},"58":{"start":{"line":95,"column":17},"end":{"line":95,"column":37}},"59":{"start":{"line":96,"column":2},"end":{"line":99,"column":3}},"60":{"start":{"line":97,"column":4},"end":{"line":97,"column":32}},"61":{"start":{"line":98,"column":4},"end":{"line":98,"column":17}},"62":{"start":{"line":101,"column":20},"end":{"line":101,"column":51}},"63":{"start":{"line":102,"column":2},"end":{"line":106,"column":3}},"64":{"start":{"line":103,"column":4},"end":{"line":103,"column":35}},"65":{"start":{"line":104,"column":4},"end":{"line":104,"column":34}},"66":{"start":{"line":105,"column":4},"end":{"line":105,"column":20}},"67":{"start":{"line":108,"column":16},"end":{"line":108,"column":95}},"68":{"start":{"line":109,"column":2},"end":{"line":109,"column":29}},"69":{"start":{"line":110,"column":2},"end":{"line":110,"column":28}},"70":{"start":{"line":111,"column":2},"end":{"line":111,"column":14}},"71":{"start":{"line":114,"column":35},"end":{"line":114,"column":55}}},"fnMap":{"0":{"name":"(anonymous_0)","decl":{"start":{"line":16,"column":20},"end":{"line":16,"column":21}},"loc":{"start":{"line":17,"column":2},"end":{"line":17,"column":51}},"line":17},"1":{"name":"(anonymous_1)","decl":{"start":{"line":19,"column":24},"end":{"line":19,"column":25}},"loc":{"start":{"line":19,"column":68},"end":{"line":29,"column":1}},"line":19},"2":{"name":"(anonymous_2)","decl":{"start":{"line":31,"column":23},"end":{"line":31,"column":24}},"loc":{"start":{"line":31,"column":62},"end":{"line":38,"column":1}},"line":31},"3":{"name":"(anonymous_3)","decl":{"start":{"line":40,"column":35},"end":{"line":40,"column":36}},"loc":{"start":{"line":40,"column":110},"end":{"line":53,"column":1}},"line":40},"4":{"name":"(anonymous_4)","decl":{"start":{"line":55,"column":29},"end":{"line":55,"column":30}},"loc":{"start":{"line":55,"column":107},"end":{"line":86,"column":1}},"line":55},"5":{"name":"(anonymous_5)","decl":{"start":{"line":88,"column":27},"end":{"line":88,"column":28}},"loc":{"start":{"line":88,"column":93},"end":{"line":112,"column":1}},"line":88}},"branchMap":{"0":{"loc":{"start":{"line":17,"column":3},"end":{"line":17,"column":36}},"type":"binary-expr","locations":[{"start":{"line":17,"column":3},"end":{"line":17,"column":5}},{"start":{"line":17,"column":9},"end":{"line":17,"column":36}}],"line":17},"1":{"loc":{"start":{"line":20,"column":2},"end":{"line":20,"column":101}},"type":"if","locations":[{"start":{"line":20,"column":2},"end":{"line":20,"column":101}},{"start":{},"end":{}}],"line":20},"2":{"loc":{"start":{"line":20,"column":6},"end":{"line":20,"column":83}},"type":"binary-expr","locations":[{"start":{"line":20,"column":6},"end":{"line":20,"column":35}},{"start":{"line":20,"column":39},"end":{"line":20,"column":83}}],"line":20},"3":{"loc":{"start":{"line":23,"column":4},"end":{"line":23,"column":38}},"type":"if","locations":[{"start":{"line":23,"column":4},"end":{"line":23,"column":38}},{"start":{},"end":{}}],"line":23},"4":{"loc":{"start":{"line":24,"column":4},"end":{"line":24,"column":42}},"type":"if","locations":[{"start":{"line":24,"column":4},"end":{"line":24,"column":42}},{"start":{},"end":{}}],"line":24},"5":{"loc":{"start":{"line":32,"column":2},"end":{"line":32,"column":91}},"type":"if","locations":[{"start":{"line":32,"column":2},"end":{"line":32,"column":91}},{"start":{},"end":{}}],"line":32},"6":{"loc":{"start":{"line":32,"column":6},"end":{"line":32,"column":83}},"type":"binary-expr","locations":[{"start":{"line":32,"column":6},"end":{"line":32,"column":35}},{"start":{"line":32,"column":39},"end":{"line":32,"column":83}}],"line":32},"7":{"loc":{"start":{"line":34,"column":61},"end":{"line":34,"column":83}},"type":"binary-expr","locations":[{"start":{"line":34,"column":61},"end":{"line":34,"column":66}},{"start":{"line":34,"column":70},"end":{"line":34,"column":83}}],"line":34},"8":{"loc":{"start":{"line":40,"column":61},"end":{"line":40,"column":90}},"type":"default-arg","locations":[{"start":{"line":40,"column":77},"end":{"line":40,"column":90}}],"line":40},"9":{"loc":{"start":{"line":42,"column":2},"end":{"line":42,"column":60}},"type":"if","locations":[{"start":{"line":42,"column":2},"end":{"line":42,"column":60}},{"start":{},"end":{}}],"line":42},"10":{"loc":{"start":{"line":42,"column":6},"end":{"line":42,"column":47}},"type":"binary-expr","locations":[{"start":{"line":42,"column":6},"end":{"line":42,"column":20}},{"start":{"line":42,"column":24},"end":{"line":42,"column":38}},{"start":{"line":42,"column":42},"end":{"line":42,"column":47}}],"line":42},"11":{"loc":{"start":{"line":50,"column":2},"end":{"line":50,"column":52}},"type":"if","locations":[{"start":{"line":50,"column":2},"end":{"line":50,"column":52}},{"start":{},"end":{}}],"line":50},"12":{"loc":{"start":{"line":68,"column":6},"end":{"line":68,"column":32}},"type":"if","locations":[{"start":{"line":68,"column":6},"end":{"line":68,"column":32}},{"start":{},"end":{}}],"line":68},"13":{"loc":{"start":{"line":76,"column":24},"end":{"line":76,"column":79}},"type":"binary-expr","locations":[{"start":{"line":76,"column":24},"end":{"line":76,"column":41}},{"start":{"line":76,"column":45},"end":{"line":76,"column":79}}],"line":76},"14":{"loc":{"start":{"line":78,"column":23},"end":{"line":78,"column":50}},"type":"binary-expr","locations":[{"start":{"line":78,"column":23},"end":{"line":78,"column":37}},{"start":{"line":78,"column":41},"end":{"line":78,"column":50}}],"line":78},"15":{"loc":{"start":{"line":79,"column":6},"end":{"line":79,"column":35}},"type":"if","locations":[{"start":{"line":79,"column":6},"end":{"line":79,"column":35}},{"start":{},"end":{}}],"line":79},"16":{"loc":{"start":{"line":91,"column":2},"end":{"line":93,"column":3}},"type":"if","locations":[{"start":{"line":91,"column":2},"end":{"line":93,"column":3}},{"start":{},"end":{}}],"line":91},"17":{"loc":{"start":{"line":92,"column":11},"end":{"line":92,"column":39}},"type":"binary-expr","locations":[{"start":{"line":92,"column":11},"end":{"line":92,"column":31}},{"start":{"line":92,"column":35},"end":{"line":92,"column":39}}],"line":92},"18":{"loc":{"start":{"line":96,"column":2},"end":{"line":99,"column":3}},"type":"if","locations":[{"start":{"line":96,"column":2},"end":{"line":99,"column":3}},{"start":{},"end":{}}],"line":96},"19":{"loc":{"start":{"line":102,"column":2},"end":{"line":106,"column":3}},"type":"if","locations":[{"start":{"line":102,"column":2},"end":{"line":106,"column":3}},{"start":{},"end":{}}],"line":102}},"s":{"0":2,"1":2,"2":2,"3":2,"4":2,"5":2,"6":2,"7":2,"8":2,"9":2,"10":1,"11":0,"12":1,"13":1,"14":1,"15":1,"16":0,"17":0,"18":0,"19":0,"20":2,"21":1,"22":0,"23":1,"24":1,"25":2,"26":1,"27":1,"28":0,"29":1,"30":1,"31":1,"32":1,"33":1,"34":1,"35":1,"36":1,"37":1,"38":2,"39":0,"40":0,"41":0,"42":0,"43":0,"44":0,"45":0,"46":0,"47":0,"48":0,"49":0,"50":0,"51":0,"52":0,"53":0,"54":2,"55":2,"56":2,"57":1,"58":1,"59":1,"60":0,"61":0,"62":1,"63":1,"64":1,"65":1,"66":1,"67":0,"68":0,"69":0,"70":0,"71":2},"f":{"0":2,"1":1,"2":1,"3":1,"4":0,"5":2},"b":{"0":[2,0],"1":[0,1],"2":[1,1],"3":[1,0],"4":[0,0],"5":[0,1],"6":[1,1],"7":[1,0],"8":[1],"9":[0,1],"10":[1,1,1],"11":[1,0],"12":[0,0],"13":[0,0],"14":[0,0],"15":[0,0],"16":[1,1],"17":[1,0],"18":[0,1],"19":[1,0]},"_coverageSchema":"1a1c01bbd47fc00a2c39e90264f33305004495a9","hash":"7b9a005aad9f1036e22d2e75c855b0ecfbafaf95"}
}
