{"/home/igor/BachelorApi/BPR-FrontEnd/src/App.tsx": {"path":"/home/igor/BachelorApi/BPR-FrontEnd/src/App.tsx","statementMap":{"0":{"start":{"line":17,"column":46},"end":{"line":17,"column":61}},"1":{"start":{"line":18,"column":19},"end":{"line":18,"column":32}},"2":{"start":{"line":20,"column":19},"end":{"line":25,"column":3}},"3":{"start":{"line":21,"column":4},"end":{"line":23,"column":5}},"4":{"start":{"line":22,"column":6},"end":{"line":22,"column":39}},"5":{"start":{"line":24,"column":4},"end":{"line":24,"column":46}},"6":{"start":{"line":27,"column":23},"end":{"line":32,"column":6}},"7":{"start":{"line":28,"column":4},"end":{"line":32,"column":6}},"8":{"start":{"line":34,"column":29},"end":{"line":39,"column":6}},"9":{"start":{"line":35,"column":4},"end":{"line":39,"column":6}},"10":{"start":{"line":41,"column":2},"end":{"line":161,"column":4}},"11":{"start":{"line":82,"column":27},"end":{"line":82,"column":61}},"12":{"start":{"line":101,"column":31},"end":{"line":101,"column":55}},"13":{"start":{"line":108,"column":31},"end":{"line":108,"column":55}},"14":{"start":{"line":115,"column":31},"end":{"line":115,"column":55}},"15":{"start":{"line":122,"column":31},"end":{"line":122,"column":55}},"16":{"start":{"line":129,"column":31},"end":{"line":129,"column":55}},"17":{"start":{"line":136,"column":31},"end":{"line":136,"column":55}},"18":{"start":{"line":143,"column":31},"end":{"line":143,"column":55}},"19":{"start":{"line":151,"column":31},"end":{"line":151,"column":55}},"20":{"start":{"line":165,"column":2},"end":{"line":228,"column":4}}},"fnMap":{"0":{"name":"Navigation","decl":{"start":{"line":16,"column":9},"end":{"line":16,"column":19}},"loc":{"start":{"line":16,"column":22},"end":{"line":162,"column":1}},"line":16},"1":{"name":"(anonymous_1)","decl":{"start":{"line":20,"column":19},"end":{"line":20,"column":20}},"loc":{"start":{"line":20,"column":37},"end":{"line":25,"column":3}},"line":20},"2":{"name":"(anonymous_2)","decl":{"start":{"line":27,"column":23},"end":{"line":27,"column":24}},"loc":{"start":{"line":28,"column":4},"end":{"line":32,"column":6}},"line":28},"3":{"name":"(anonymous_3)","decl":{"start":{"line":34,"column":29},"end":{"line":34,"column":30}},"loc":{"start":{"line":35,"column":4},"end":{"line":39,"column":6}},"line":35},"4":{"name":"(anonymous_4)","decl":{"start":{"line":82,"column":21},"end":{"line":82,"column":22}},"loc":{"start":{"line":82,"column":27},"end":{"line":82,"column":61}},"line":82},"5":{"name":"(anonymous_5)","decl":{"start":{"line":101,"column":25},"end":{"line":101,"column":26}},"loc":{"start":{"line":101,"column":31},"end":{"line":101,"column":55}},"line":101},"6":{"name":"(anonymous_6)","decl":{"start":{"line":108,"column":25},"end":{"line":108,"column":26}},"loc":{"start":{"line":108,"column":31},"end":{"line":108,"column":55}},"line":108},"7":{"name":"(anonymous_7)","decl":{"start":{"line":115,"column":25},"end":{"line":115,"column":26}},"loc":{"start":{"line":115,"column":31},"end":{"line":115,"column":55}},"line":115},"8":{"name":"(anonymous_8)","decl":{"start":{"line":122,"column":25},"end":{"line":122,"column":26}},"loc":{"start":{"line":122,"column":31},"end":{"line":122,"column":55}},"line":122},"9":{"name":"(anonymous_9)","decl":{"start":{"line":129,"column":25},"end":{"line":129,"column":26}},"loc":{"start":{"line":129,"column":31},"end":{"line":129,"column":55}},"line":129},"10":{"name":"(anonymous_10)","decl":{"start":{"line":136,"column":25},"end":{"line":136,"column":26}},"loc":{"start":{"line":136,"column":31},"end":{"line":136,"column":55}},"line":136},"11":{"name":"(anonymous_11)","decl":{"start":{"line":143,"column":25},"end":{"line":143,"column":26}},"loc":{"start":{"line":143,"column":31},"end":{"line":143,"column":55}},"line":143},"12":{"name":"(anonymous_12)","decl":{"start":{"line":151,"column":25},"end":{"line":151,"column":26}},"loc":{"start":{"line":151,"column":31},"end":{"line":151,"column":55}},"line":151},"13":{"name":"App","decl":{"start":{"line":164,"column":24},"end":{"line":164,"column":27}},"loc":{"start":{"line":164,"column":30},"end":{"line":229,"column":1}},"line":164}},"branchMap":{"0":{"loc":{"start":{"line":21,"column":4},"end":{"line":23,"column":5}},"type":"if","locations":[{"start":{"line":21,"column":4},"end":{"line":23,"column":5}},{"start":{},"end":{}}],"line":21},"1":{"loc":{"start":{"line":29,"column":6},"end":{"line":31,"column":45}},"type":"cond-expr","locations":[{"start":{"line":30,"column":10},"end":{"line":30,"column":39}},{"start":{"line":31,"column":10},"end":{"line":31,"column":45}}],"line":29},"2":{"loc":{"start":{"line":36,"column":6},"end":{"line":38,"column":45}},"type":"cond-expr","locations":[{"start":{"line":37,"column":10},"end":{"line":37,"column":71}},{"start":{"line":38,"column":10},"end":{"line":38,"column":45}}],"line":36},"3":{"loc":{"start":{"line":86,"column":13},"end":{"line":86,"column":86}},"type":"cond-expr","locations":[{"start":{"line":86,"column":30},"end":{"line":86,"column":55}},{"start":{"line":86,"column":58},"end":{"line":86,"column":86}}],"line":86},"4":{"loc":{"start":{"line":93,"column":12},"end":{"line":93,"column":78}},"type":"cond-expr","locations":[{"start":{"line":93,"column":29},"end":{"line":93,"column":56}},{"start":{"line":93,"column":59},"end":{"line":93,"column":78}}],"line":93}},"s":{"0":10,"1":10,"2":10,"3":140,"4":0,"5":140,"6":10,"7":70,"8":10,"9":70,"10":10,"11":0,"12":0,"13":0,"14":0,"15":0,"16":0,"17":0,"18":0,"19":0,"20":10},"f":{"0":10,"1":140,"2":70,"3":70,"4":0,"5":0,"6":0,"7":0,"8":0,"9":0,"10":0,"11":0,"12":0,"13":10},"b":{"0":[0,140],"1":[0,70],"2":[0,70],"3":[0,10],"4":[0,10]},"_coverageSchema":"1a1c01bbd47fc00a2c39e90264f33305004495a9","hash":"5390c81949bf81fec3f76a175da1048841d26807"}
,"/home/igor/BachelorApi/BPR-FrontEnd/src/api/client.ts": {"path":"/home/igor/BachelorApi/BPR-FrontEnd/src/api/client.ts","statementMap":{"0":{"start":{"line":3,"column":16},"end":{"line":3,"column":106}},"1":{"start":{"line":5,"column":12},"end":{"line":10,"column":2}}},"fnMap":{},"branchMap":{"0":{"loc":{"start":{"line":3,"column":17},"end":{"line":3,"column":86}},"type":"binary-expr","locations":[{"start":{"line":3,"column":17},"end":{"line":3,"column":45}},{"start":{"line":3,"column":49},"end":{"line":3,"column":86}}],"line":3}},"s":{"0":7,"1":7},"f":{},"b":{"0":[7,7]},"_coverageSchema":"1a1c01bbd47fc00a2c39e90264f33305004495a9","hash":"bba9dee46d99e5b8e3ffa5f2b228202e7cd257a5"}
,"/home/igor/BachelorApi/BPR-FrontEnd/src/components/ScrollToTop.tsx": {"path":"/home/igor/BachelorApi/BPR-FrontEnd/src/components/ScrollToTop.tsx","statementMap":{"0":{"start":{"line":5,"column":23},"end":{"line":5,"column":36}},"1":{"start":{"line":7,"column":2},"end":{"line":9,"column":17}},"2":{"start":{"line":8,"column":4},"end":{"line":8,"column":26}},"3":{"start":{"line":11,"column":2},"end":{"line":11,"column":14}}},"fnMap":{"0":{"name":"ScrollToTop","decl":{"start":{"line":4,"column":24},"end":{"line":4,"column":35}},"loc":{"start":{"line":4,"column":38},"end":{"line":12,"column":1}},"line":4},"1":{"name":"(anonymous_1)","decl":{"start":{"line":7,"column":12},"end":{"line":7,"column":13}},"loc":{"start":{"line":7,"column":18},"end":{"line":9,"column":3}},"line":7}},"branchMap":{},"s":{"0":3,"1":3,"2":3,"3":3},"f":{"0":3,"1":3},"b":{},"_coverageSchema":"1a1c01bbd47fc00a2c39e90264f33305004495a9","hash":"89785f287c6a54b2220ed73801b2046db54531bf"}
,"/home/igor/BachelorApi/BPR-FrontEnd/src/pages/AboutUs.tsx": {"path":"/home/igor/BachelorApi/BPR-FrontEnd/src/pages/AboutUs.tsx","statementMap":{"0":{"start":{"line":5,"column":2},"end":{"line":312,"column":4}}},"fnMap":{"0":{"name":"AboutUs","decl":{"start":{"line":4,"column":24},"end":{"line":4,"column":31}},"loc":{"start":{"line":4,"column":34},"end":{"line":313,"column":1}},"line":4}},"branchMap":{},"s":{"0":7},"f":{"0":7},"b":{},"_coverageSchema":"1a1c01bbd47fc00a2c39e90264f33305004495a9","hash":"4dc2bac3c564801d74c757d338e682989b57cc81"}
,"/home/igor/BachelorApi/BPR-FrontEnd/src/pages/BackendHealth.tsx": {"path":"/home/igor/BachelorApi/BPR-FrontEnd/src/pages/BackendHealth.tsx","statementMap":{"0":{"start":{"line":80,"column":30},"end":{"line":82,"column":4}},"1":{"start":{"line":83,"column":36},"end":{"line":83,"column":62}},"2":{"start":{"line":84,"column":40},"end":{"line":84,"column":54}},"3":{"start":{"line":85,"column":56},"end":{"line":85,"column":71}},"4":{"start":{"line":86,"column":56},"end":{"line":86,"column":71}},"5":{"start":{"line":87,"column":42},"end":{"line":87,"column":57}},"6":{"start":{"line":89,"column":22},"end":{"line":144,"column":3}},"7":{"start":{"line":90,"column":22},"end":{"line":90,"column":32}},"8":{"start":{"line":91,"column":4},"end":{"line":94,"column":8}},"9":{"start":{"line":91,"column":25},"end":{"line":94,"column":5}},"10":{"start":{"line":96,"column":4},"end":{"line":143,"column":5}},"11":{"start":{"line":98,"column":22},"end":{"line":98,"column":112}},"12":{"start":{"line":99,"column":23},"end":{"line":99,"column":55}},"13":{"start":{"line":100,"column":27},"end":{"line":100,"column":49}},"14":{"start":{"line":102,"column":6},"end":{"line":130,"column":7}},"15":{"start":{"line":103,"column":21},"end":{"line":103,"column":42}},"16":{"start":{"line":104,"column":8},"end":{"line":129,"column":11}},"17":{"start":{"line":132,"column":27},"end":{"line":132,"column":49}},"18":{"start":{"line":133,"column":6},"end":{"line":140,"column":9}},"19":{"start":{"line":142,"column":6},"end":{"line":142,"column":31}},"20":{"start":{"line":146,"column":26},"end":{"line":172,"column":3}},"21":{"start":{"line":147,"column":4},"end":{"line":147,"column":26}},"22":{"start":{"line":148,"column":4},"end":{"line":171,"column":5}},"23":{"start":{"line":149,"column":22},"end":{"line":149,"column":112}},"24":{"start":{"line":150,"column":23},"end":{"line":154,"column":8}},"25":{"start":{"line":156,"column":19},"end":{"line":156,"column":40}},"26":{"start":{"line":158,"column":6},"end":{"line":165,"column":7}},"27":{"start":{"line":159,"column":8},"end":{"line":159,"column":85}},"28":{"start":{"line":160,"column":8},"end":{"line":160,"column":38}},"29":{"start":{"line":162,"column":8},"end":{"line":162,"column":46}},"30":{"start":{"line":162,"column":25},"end":{"line":162,"column":38}},"31":{"start":{"line":164,"column":8},"end":{"line":164,"column":35}},"32":{"start":{"line":167,"column":6},"end":{"line":167,"column":63}},"33":{"start":{"line":168,"column":6},"end":{"line":168,"column":54}},"34":{"start":{"line":170,"column":6},"end":{"line":170,"column":29}},"35":{"start":{"line":174,"column":26},"end":{"line":199,"column":3}},"36":{"start":{"line":175,"column":4},"end":{"line":175,"column":26}},"37":{"start":{"line":176,"column":4},"end":{"line":198,"column":5}},"38":{"start":{"line":177,"column":22},"end":{"line":177,"column":112}},"39":{"start":{"line":178,"column":23},"end":{"line":181,"column":8}},"40":{"start":{"line":183,"column":19},"end":{"line":183,"column":40}},"41":{"start":{"line":185,"column":6},"end":{"line":192,"column":7}},"42":{"start":{"line":186,"column":8},"end":{"line":186,"column":85}},"43":{"start":{"line":187,"column":8},"end":{"line":187,"column":38}},"44":{"start":{"line":189,"column":8},"end":{"line":189,"column":46}},"45":{"start":{"line":189,"column":25},"end":{"line":189,"column":38}},"46":{"start":{"line":191,"column":8},"end":{"line":191,"column":35}},"47":{"start":{"line":194,"column":6},"end":{"line":194,"column":63}},"48":{"start":{"line":195,"column":6},"end":{"line":195,"column":54}},"49":{"start":{"line":197,"column":6},"end":{"line":197,"column":29}},"50":{"start":{"line":201,"column":2},"end":{"line":203,"column":9}},"51":{"start":{"line":202,"column":4},"end":{"line":202,"column":18}},"52":{"start":{"line":205,"column":2},"end":{"line":213,"column":20}},"53":{"start":{"line":206,"column":4},"end":{"line":206,"column":29}},"54":{"start":{"line":206,"column":22},"end":{"line":206,"column":29}},"55":{"start":{"line":208,"column":21},"end":{"line":210,"column":13}},"56":{"start":{"line":209,"column":6},"end":{"line":209,"column":20}},"57":{"start":{"line":212,"column":4},"end":{"line":212,"column":41}},"58":{"start":{"line":212,"column":17},"end":{"line":212,"column":40}},"59":{"start":{"line":215,"column":24},"end":{"line":226,"column":3}},"60":{"start":{"line":216,"column":4},"end":{"line":225,"column":5}},"61":{"start":{"line":218,"column":8},"end":{"line":218,"column":66}},"62":{"start":{"line":220,"column":8},"end":{"line":220,"column":60}},"63":{"start":{"line":222,"column":8},"end":{"line":222,"column":72}},"64":{"start":{"line":224,"column":8},"end":{"line":224,"column":69}},"65":{"start":{"line":228,"column":25},"end":{"line":239,"column":3}},"66":{"start":{"line":229,"column":4},"end":{"line":238,"column":5}},"67":{"start":{"line":231,"column":8},"end":{"line":231,"column":46}},"68":{"start":{"line":233,"column":8},"end":{"line":233,"column":42}},"69":{"start":{"line":235,"column":8},"end":{"line":235,"column":44}},"70":{"start":{"line":237,"column":8},"end":{"line":237,"column":48}},"71":{"start":{"line":241,"column":26},"end":{"line":244,"column":3}},"72":{"start":{"line":242,"column":17},"end":{"line":242,"column":36}},"73":{"start":{"line":243,"column":4},"end":{"line":243,"column":37}},"74":{"start":{"line":246,"column":2},"end":{"line":761,"column":4}},"75":{"start":{"line":276,"column":35},"end":{"line":276,"column":67}},"76":{"start":{"line":442,"column":18},"end":{"line":462,"column":24}},"77":{"start":{"line":623,"column":31},"end":{"line":623,"column":59}},"78":{"start":{"line":643,"column":31},"end":{"line":643,"column":59}},"79":{"start":{"line":680,"column":33},"end":{"line":680,"column":63}},"80":{"start":{"line":687,"column":33},"end":{"line":687,"column":56}},"81":{"start":{"line":694,"column":33},"end":{"line":694,"column":62}},"82":{"start":{"line":735,"column":33},"end":{"line":735,"column":62}}},"fnMap":{"0":{"name":"BackendHealth","decl":{"start":{"line":79,"column":24},"end":{"line":79,"column":37}},"loc":{"start":{"line":79,"column":40},"end":{"line":762,"column":1}},"line":79},"1":{"name":"(anonymous_1)","decl":{"start":{"line":89,"column":22},"end":{"line":89,"column":23}},"loc":{"start":{"line":89,"column":34},"end":{"line":144,"column":3}},"line":89},"2":{"name":"(anonymous_2)","decl":{"start":{"line":91,"column":14},"end":{"line":91,"column":15}},"loc":{"start":{"line":91,"column":25},"end":{"line":94,"column":5}},"line":91},"3":{"name":"(anonymous_3)","decl":{"start":{"line":146,"column":26},"end":{"line":146,"column":27}},"loc":{"start":{"line":146,"column":66},"end":{"line":172,"column":3}},"line":146},"4":{"name":"(anonymous_4)","decl":{"start":{"line":162,"column":19},"end":{"line":162,"column":20}},"loc":{"start":{"line":162,"column":25},"end":{"line":162,"column":38}},"line":162},"5":{"name":"(anonymous_5)","decl":{"start":{"line":174,"column":26},"end":{"line":174,"column":27}},"loc":{"start":{"line":174,"column":38},"end":{"line":199,"column":3}},"line":174},"6":{"name":"(anonymous_6)","decl":{"start":{"line":189,"column":19},"end":{"line":189,"column":20}},"loc":{"start":{"line":189,"column":25},"end":{"line":189,"column":38}},"line":189},"7":{"name":"(anonymous_7)","decl":{"start":{"line":201,"column":12},"end":{"line":201,"column":13}},"loc":{"start":{"line":201,"column":18},"end":{"line":203,"column":3}},"line":201},"8":{"name":"(anonymous_8)","decl":{"start":{"line":205,"column":12},"end":{"line":205,"column":13}},"loc":{"start":{"line":205,"column":18},"end":{"line":213,"column":3}},"line":205},"9":{"name":"(anonymous_9)","decl":{"start":{"line":208,"column":33},"end":{"line":208,"column":34}},"loc":{"start":{"line":208,"column":39},"end":{"line":210,"column":5}},"line":208},"10":{"name":"(anonymous_10)","decl":{"start":{"line":212,"column":11},"end":{"line":212,"column":12}},"loc":{"start":{"line":212,"column":17},"end":{"line":212,"column":40}},"line":212},"11":{"name":"(anonymous_11)","decl":{"start":{"line":215,"column":24},"end":{"line":215,"column":25}},"loc":{"start":{"line":215,"column":44},"end":{"line":226,"column":3}},"line":215},"12":{"name":"(anonymous_12)","decl":{"start":{"line":228,"column":25},"end":{"line":228,"column":26}},"loc":{"start":{"line":228,"column":45},"end":{"line":239,"column":3}},"line":228},"13":{"name":"(anonymous_13)","decl":{"start":{"line":241,"column":26},"end":{"line":241,"column":27}},"loc":{"start":{"line":241,"column":49},"end":{"line":244,"column":3}},"line":241},"14":{"name":"(anonymous_14)","decl":{"start":{"line":276,"column":28},"end":{"line":276,"column":29}},"loc":{"start":{"line":276,"column":35},"end":{"line":276,"column":67}},"line":276},"15":{"name":"(anonymous_15)","decl":{"start":{"line":441,"column":37},"end":{"line":441,"column":38}},"loc":{"start":{"line":442,"column":18},"end":{"line":462,"column":24}},"line":442},"16":{"name":"(anonymous_16)","decl":{"start":{"line":623,"column":25},"end":{"line":623,"column":26}},"loc":{"start":{"line":623,"column":31},"end":{"line":623,"column":59}},"line":623},"17":{"name":"(anonymous_17)","decl":{"start":{"line":643,"column":25},"end":{"line":643,"column":26}},"loc":{"start":{"line":643,"column":31},"end":{"line":643,"column":59}},"line":643},"18":{"name":"(anonymous_18)","decl":{"start":{"line":680,"column":27},"end":{"line":680,"column":28}},"loc":{"start":{"line":680,"column":33},"end":{"line":680,"column":63}},"line":680},"19":{"name":"(anonymous_19)","decl":{"start":{"line":687,"column":27},"end":{"line":687,"column":28}},"loc":{"start":{"line":687,"column":33},"end":{"line":687,"column":56}},"line":687},"20":{"name":"(anonymous_20)","decl":{"start":{"line":694,"column":27},"end":{"line":694,"column":28}},"loc":{"start":{"line":694,"column":33},"end":{"line":694,"column":62}},"line":694},"21":{"name":"(anonymous_21)","decl":{"start":{"line":735,"column":27},"end":{"line":735,"column":28}},"loc":{"start":{"line":735,"column":33},"end":{"line":735,"column":62}},"line":735}},"branchMap":{"0":{"loc":{"start":{"line":98,"column":23},"end":{"line":98,"column":92}},"type":"binary-expr","locations":[{"start":{"line":98,"column":23},"end":{"line":98,"column":51}},{"start":{"line":98,"column":55},"end":{"line":98,"column":92}}],"line":98},"1":{"loc":{"start":{"line":102,"column":6},"end":{"line":130,"column":7}},"type":"if","locations":[{"start":{"line":102,"column":6},"end":{"line":130,"column":7}},{"start":{},"end":{}}],"line":102},"2":{"loc":{"start":{"line":107,"column":21},"end":{"line":107,"column":53}},"type":"binary-expr","locations":[{"start":{"line":107,"column":21},"end":{"line":107,"column":33}},{"start":{"line":107,"column":37},"end":{"line":107,"column":53}}],"line":107},"3":{"loc":{"start":{"line":111,"column":20},"end":{"line":117,"column":23}},"type":"cond-expr","locations":[{"start":{"line":112,"column":14},"end":{"line":116,"column":15}},{"start":{"line":117,"column":14},"end":{"line":117,"column":23}}],"line":111},"4":{"loc":{"start":{"line":113,"column":24},"end":{"line":113,"column":86}},"type":"cond-expr","locations":[{"start":{"line":113,"column":63},"end":{"line":113,"column":72}},{"start":{"line":113,"column":75},"end":{"line":113,"column":86}}],"line":113},"5":{"loc":{"start":{"line":114,"column":25},"end":{"line":114,"column":73}},"type":"binary-expr","locations":[{"start":{"line":114,"column":25},"end":{"line":114,"column":46}},{"start":{"line":114,"column":50},"end":{"line":114,"column":73}}],"line":114},"6":{"loc":{"start":{"line":118,"column":17},"end":{"line":124,"column":23}},"type":"cond-expr","locations":[{"start":{"line":119,"column":14},"end":{"line":123,"column":15}},{"start":{"line":124,"column":14},"end":{"line":124,"column":23}}],"line":118},"7":{"loc":{"start":{"line":120,"column":24},"end":{"line":120,"column":83}},"type":"cond-expr","locations":[{"start":{"line":120,"column":60},"end":{"line":120,"column":69}},{"start":{"line":120,"column":72},"end":{"line":120,"column":83}}],"line":120},"8":{"loc":{"start":{"line":121,"column":25},"end":{"line":121,"column":67}},"type":"binary-expr","locations":[{"start":{"line":121,"column":25},"end":{"line":121,"column":43}},{"start":{"line":121,"column":47},"end":{"line":121,"column":67}}],"line":121},"9":{"loc":{"start":{"line":125,"column":19},"end":{"line":125,"column":45}},"type":"binary-expr","locations":[{"start":{"line":125,"column":19},"end":{"line":125,"column":32}},{"start":{"line":125,"column":36},"end":{"line":125,"column":45}}],"line":125},"10":{"loc":{"start":{"line":126,"column":20},"end":{"line":126,"column":47}},"type":"binary-expr","locations":[{"start":{"line":126,"column":20},"end":{"line":126,"column":34}},{"start":{"line":126,"column":38},"end":{"line":126,"column":47}}],"line":126},"11":{"loc":{"start":{"line":127,"column":20},"end":{"line":127,"column":41}},"type":"binary-expr","locations":[{"start":{"line":127,"column":20},"end":{"line":127,"column":33}},{"start":{"line":127,"column":37},"end":{"line":127,"column":41}}],"line":127},"12":{"loc":{"start":{"line":128,"column":20},"end":{"line":128,"column":41}},"type":"binary-expr","locations":[{"start":{"line":128,"column":20},"end":{"line":128,"column":33}},{"start":{"line":128,"column":37},"end":{"line":128,"column":41}}],"line":128},"13":{"loc":{"start":{"line":136,"column":19},"end":{"line":136,"column":62}},"type":"binary-expr","locations":[{"start":{"line":136,"column":19},"end":{"line":136,"column":32}},{"start":{"line":136,"column":36},"end":{"line":136,"column":62}}],"line":136},"14":{"loc":{"start":{"line":149,"column":23},"end":{"line":149,"column":92}},"type":"binary-expr","locations":[{"start":{"line":149,"column":23},"end":{"line":149,"column":51}},{"start":{"line":149,"column":55},"end":{"line":149,"column":92}}],"line":149},"15":{"loc":{"start":{"line":158,"column":6},"end":{"line":165,"column":7}},"type":"if","locations":[{"start":{"line":158,"column":6},"end":{"line":165,"column":7}},{"start":{"line":163,"column":13},"end":{"line":165,"column":7}}],"line":158},"16":{"loc":{"start":{"line":177,"column":23},"end":{"line":177,"column":92}},"type":"binary-expr","locations":[{"start":{"line":177,"column":23},"end":{"line":177,"column":51}},{"start":{"line":177,"column":55},"end":{"line":177,"column":92}}],"line":177},"17":{"loc":{"start":{"line":185,"column":6},"end":{"line":192,"column":7}},"type":"if","locations":[{"start":{"line":185,"column":6},"end":{"line":192,"column":7}},{"start":{"line":190,"column":13},"end":{"line":192,"column":7}}],"line":185},"18":{"loc":{"start":{"line":206,"column":4},"end":{"line":206,"column":29}},"type":"if","locations":[{"start":{"line":206,"column":4},"end":{"line":206,"column":29}},{"start":{},"end":{}}],"line":206},"19":{"loc":{"start":{"line":216,"column":4},"end":{"line":225,"column":5}},"type":"switch","locations":[{"start":{"line":217,"column":6},"end":{"line":218,"column":66}},{"start":{"line":219,"column":6},"end":{"line":220,"column":60}},{"start":{"line":221,"column":6},"end":{"line":222,"column":72}},{"start":{"line":223,"column":6},"end":{"line":224,"column":69}}],"line":216},"20":{"loc":{"start":{"line":229,"column":4},"end":{"line":238,"column":5}},"type":"switch","locations":[{"start":{"line":230,"column":6},"end":{"line":231,"column":46}},{"start":{"line":232,"column":6},"end":{"line":233,"column":42}},{"start":{"line":234,"column":6},"end":{"line":235,"column":44}},{"start":{"line":236,"column":6},"end":{"line":237,"column":48}}],"line":229},"21":{"loc":{"start":{"line":268,"column":48},"end":{"line":268,"column":102}},"type":"cond-expr","locations":[{"start":{"line":268,"column":83},"end":{"line":268,"column":97}},{"start":{"line":268,"column":100},"end":{"line":268,"column":102}}],"line":268},"22":{"loc":{"start":{"line":269,"column":17},"end":{"line":269,"column":81}},"type":"cond-expr","locations":[{"start":{"line":269,"column":52},"end":{"line":269,"column":65}},{"start":{"line":269,"column":68},"end":{"line":269,"column":81}}],"line":269},"23":{"loc":{"start":{"line":322,"column":17},"end":{"line":324,"column":17}},"type":"binary-expr","locations":[{"start":{"line":322,"column":17},"end":{"line":322,"column":40}},{"start":{"line":323,"column":18},"end":{"line":323,"column":112}}],"line":322},"24":{"loc":{"start":{"line":331,"column":11},"end":{"line":355,"column":11}},"type":"binary-expr","locations":[{"start":{"line":331,"column":11},"end":{"line":331,"column":26}},{"start":{"line":332,"column":12},"end":{"line":354,"column":18}}],"line":331},"25":{"loc":{"start":{"line":358,"column":11},"end":{"line":382,"column":11}},"type":"binary-expr","locations":[{"start":{"line":358,"column":11},"end":{"line":358,"column":23}},{"start":{"line":359,"column":12},"end":{"line":381,"column":18}}],"line":358},"26":{"loc":{"start":{"line":385,"column":11},"end":{"line":425,"column":11}},"type":"binary-expr","locations":[{"start":{"line":385,"column":11},"end":{"line":385,"column":25}},{"start":{"line":386,"column":12},"end":{"line":424,"column":18}}],"line":385},"27":{"loc":{"start":{"line":387,"column":77},"end":{"line":387,"column":166}},"type":"cond-expr","locations":[{"start":{"line":387,"column":101},"end":{"line":387,"column":131}},{"start":{"line":387,"column":134},"end":{"line":387,"column":166}}],"line":387},"28":{"loc":{"start":{"line":397,"column":17},"end":{"line":401,"column":17}},"type":"cond-expr","locations":[{"start":{"line":398,"column":18},"end":{"line":398,"column":68}},{"start":{"line":400,"column":18},"end":{"line":400,"column":71}}],"line":397},"29":{"loc":{"start":{"line":405,"column":19},"end":{"line":405,"column":96}},"type":"cond-expr","locations":[{"start":{"line":405,"column":43},"end":{"line":405,"column":67}},{"start":{"line":405,"column":70},"end":{"line":405,"column":96}}],"line":405},"30":{"loc":{"start":{"line":408,"column":63},"end":{"line":408,"column":91}},"type":"binary-expr","locations":[{"start":{"line":408,"column":63},"end":{"line":408,"column":82}},{"start":{"line":408,"column":86},"end":{"line":408,"column":91}}],"line":408},"31":{"loc":{"start":{"line":409,"column":66},"end":{"line":409,"column":97}},"type":"binary-expr","locations":[{"start":{"line":409,"column":66},"end":{"line":409,"column":88}},{"start":{"line":409,"column":92},"end":{"line":409,"column":97}}],"line":409},"32":{"loc":{"start":{"line":410,"column":19},"end":{"line":412,"column":19}},"type":"binary-expr","locations":[{"start":{"line":410,"column":19},"end":{"line":410,"column":44}},{"start":{"line":410,"column":48},"end":{"line":410,"column":83}},{"start":{"line":411,"column":20},"end":{"line":411,"column":106}}],"line":410},"33":{"loc":{"start":{"line":413,"column":19},"end":{"line":415,"column":19}},"type":"binary-expr","locations":[{"start":{"line":413,"column":19},"end":{"line":413,"column":48}},{"start":{"line":414,"column":20},"end":{"line":414,"column":113}}],"line":413},"34":{"loc":{"start":{"line":416,"column":19},"end":{"line":418,"column":19}},"type":"binary-expr","locations":[{"start":{"line":416,"column":19},"end":{"line":416,"column":41}},{"start":{"line":416,"column":45},"end":{"line":416,"column":77}},{"start":{"line":417,"column":20},"end":{"line":417,"column":187}}],"line":416},"35":{"loc":{"start":{"line":417,"column":69},"end":{"line":417,"column":172}},"type":"cond-expr","locations":[{"start":{"line":417,"column":114},"end":{"line":417,"column":147}},{"start":{"line":417,"column":150},"end":{"line":417,"column":172}}],"line":417},"36":{"loc":{"start":{"line":419,"column":19},"end":{"line":421,"column":19}},"type":"binary-expr","locations":[{"start":{"line":419,"column":19},"end":{"line":419,"column":42}},{"start":{"line":419,"column":46},"end":{"line":419,"column":79}},{"start":{"line":420,"column":20},"end":{"line":420,"column":185}}],"line":419},"37":{"loc":{"start":{"line":420,"column":64},"end":{"line":420,"column":170}},"type":"cond-expr","locations":[{"start":{"line":420,"column":110},"end":{"line":420,"column":144}},{"start":{"line":420,"column":147},"end":{"line":420,"column":170}}],"line":420},"38":{"loc":{"start":{"line":428,"column":11},"end":{"line":466,"column":11}},"type":"binary-expr","locations":[{"start":{"line":428,"column":11},"end":{"line":428,"column":26}},{"start":{"line":428,"column":30},"end":{"line":428,"column":60}},{"start":{"line":428,"column":64},"end":{"line":428,"column":90}},{"start":{"line":429,"column":12},"end":{"line":465,"column":18}}],"line":428},"39":{"loc":{"start":{"line":448,"column":23},"end":{"line":452,"column":23}},"type":"cond-expr","locations":[{"start":{"line":449,"column":24},"end":{"line":449,"column":126}},{"start":{"line":451,"column":24},"end":{"line":451,"column":126}}],"line":448},"40":{"loc":{"start":{"line":455,"column":23},"end":{"line":457,"column":23}},"type":"binary-expr","locations":[{"start":{"line":455,"column":23},"end":{"line":455,"column":46}},{"start":{"line":456,"column":24},"end":{"line":456,"column":129}}],"line":455},"41":{"loc":{"start":{"line":458,"column":23},"end":{"line":460,"column":23}},"type":"binary-expr","locations":[{"start":{"line":458,"column":23},"end":{"line":458,"column":41}},{"start":{"line":459,"column":24},"end":{"line":459,"column":123}}],"line":458},"42":{"loc":{"start":{"line":469,"column":11},"end":{"line":513,"column":11}},"type":"binary-expr","locations":[{"start":{"line":469,"column":11},"end":{"line":469,"column":26}},{"start":{"line":469,"column":30},"end":{"line":469,"column":52}},{"start":{"line":470,"column":12},"end":{"line":512,"column":18}}],"line":469},"43":{"loc":{"start":{"line":470,"column":80},"end":{"line":470,"column":165}},"type":"cond-expr","locations":[{"start":{"line":470,"column":106},"end":{"line":470,"column":136}},{"start":{"line":470,"column":139},"end":{"line":470,"column":165}}],"line":470},"44":{"loc":{"start":{"line":477,"column":21},"end":{"line":482,"column":21}},"type":"binary-expr","locations":[{"start":{"line":477,"column":21},"end":{"line":477,"column":55}},{"start":{"line":478,"column":22},"end":{"line":481,"column":29}}],"line":477},"45":{"loc":{"start":{"line":485,"column":17},"end":{"line":489,"column":17}},"type":"cond-expr","locations":[{"start":{"line":486,"column":18},"end":{"line":486,"column":68}},{"start":{"line":488,"column":18},"end":{"line":488,"column":62}}],"line":485},"46":{"loc":{"start":{"line":493,"column":19},"end":{"line":493,"column":108}},"type":"cond-expr","locations":[{"start":{"line":493,"column":45},"end":{"line":493,"column":83}},{"start":{"line":493,"column":86},"end":{"line":493,"column":108}}],"line":493},"47":{"loc":{"start":{"line":495,"column":17},"end":{"line":497,"column":17}},"type":"binary-expr","locations":[{"start":{"line":495,"column":17},"end":{"line":495,"column":46}},{"start":{"line":496,"column":18},"end":{"line":496,"column":89}}],"line":495},"48":{"loc":{"start":{"line":504,"column":19},"end":{"line":506,"column":19}},"type":"binary-expr","locations":[{"start":{"line":504,"column":19},"end":{"line":504,"column":43}},{"start":{"line":505,"column":20},"end":{"line":505,"column":134}}],"line":504},"49":{"loc":{"start":{"line":507,"column":19},"end":{"line":509,"column":19}},"type":"binary-expr","locations":[{"start":{"line":507,"column":19},"end":{"line":507,"column":47}},{"start":{"line":508,"column":20},"end":{"line":508,"column":140}}],"line":507},"50":{"loc":{"start":{"line":516,"column":11},"end":{"line":592,"column":11}},"type":"binary-expr","locations":[{"start":{"line":516,"column":11},"end":{"line":516,"column":26}},{"start":{"line":516,"column":30},"end":{"line":516,"column":52}},{"start":{"line":517,"column":12},"end":{"line":591,"column":18}}],"line":516},"51":{"loc":{"start":{"line":517,"column":80},"end":{"line":517,"column":323}},"type":"cond-expr","locations":[{"start":{"line":517,"column":121},"end":{"line":517,"column":151}},{"start":{"line":517,"column":154},"end":{"line":517,"column":323}}],"line":517},"52":{"loc":{"start":{"line":517,"column":154},"end":{"line":517,"column":323}},"type":"cond-expr","locations":[{"start":{"line":517,"column":192},"end":{"line":517,"column":218}},{"start":{"line":517,"column":221},"end":{"line":517,"column":323}}],"line":517},"53":{"loc":{"start":{"line":517,"column":221},"end":{"line":517,"column":323}},"type":"cond-expr","locations":[{"start":{"line":517,"column":260},"end":{"line":517,"column":288}},{"start":{"line":517,"column":291},"end":{"line":517,"column":323}}],"line":517},"54":{"loc":{"start":{"line":524,"column":21},"end":{"line":529,"column":21}},"type":"binary-expr","locations":[{"start":{"line":524,"column":22},"end":{"line":524,"column":58}},{"start":{"line":524,"column":62},"end":{"line":524,"column":98}},{"start":{"line":524,"column":102},"end":{"line":524,"column":137}},{"start":{"line":525,"column":22},"end":{"line":528,"column":29}}],"line":524},"55":{"loc":{"start":{"line":527,"column":25},"end":{"line":527,"column":99}},"type":"cond-expr","locations":[{"start":{"line":527,"column":64},"end":{"line":527,"column":77}},{"start":{"line":527,"column":80},"end":{"line":527,"column":99}}],"line":527},"56":{"loc":{"start":{"line":532,"column":17},"end":{"line":540,"column":17}},"type":"cond-expr","locations":[{"start":{"line":533,"column":18},"end":{"line":533,"column":68}},{"start":{"line":534,"column":20},"end":{"line":540,"column":17}}],"line":532},"57":{"loc":{"start":{"line":534,"column":20},"end":{"line":540,"column":17}},"type":"cond-expr","locations":[{"start":{"line":535,"column":18},"end":{"line":535,"column":62}},{"start":{"line":536,"column":20},"end":{"line":540,"column":17}}],"line":534},"58":{"loc":{"start":{"line":536,"column":20},"end":{"line":540,"column":17}},"type":"cond-expr","locations":[{"start":{"line":537,"column":18},"end":{"line":537,"column":78}},{"start":{"line":539,"column":18},"end":{"line":539,"column":63}}],"line":536},"59":{"loc":{"start":{"line":543,"column":17},"end":{"line":549,"column":17}},"type":"binary-expr","locations":[{"start":{"line":543,"column":17},"end":{"line":543,"column":53}},{"start":{"line":544,"column":18},"end":{"line":548,"column":24}}],"line":543},"60":{"loc":{"start":{"line":550,"column":17},"end":{"line":561,"column":17}},"type":"binary-expr","locations":[{"start":{"line":550,"column":17},"end":{"line":550,"column":53}},{"start":{"line":551,"column":18},"end":{"line":560,"column":24}}],"line":550},"61":{"loc":{"start":{"line":555,"column":21},"end":{"line":559,"column":21}},"type":"binary-expr","locations":[{"start":{"line":555,"column":21},"end":{"line":555,"column":42}},{"start":{"line":556,"column":22},"end":{"line":558,"column":26}}],"line":555},"62":{"loc":{"start":{"line":563,"column":77},"end":{"line":563,"column":266}},"type":"cond-expr","locations":[{"start":{"line":563,"column":118},"end":{"line":563,"column":134}},{"start":{"line":563,"column":137},"end":{"line":563,"column":266}}],"line":563},"63":{"loc":{"start":{"line":563,"column":137},"end":{"line":563,"column":266}},"type":"cond-expr","locations":[{"start":{"line":563,"column":175},"end":{"line":563,"column":189}},{"start":{"line":563,"column":192},"end":{"line":563,"column":266}}],"line":563},"64":{"loc":{"start":{"line":563,"column":192},"end":{"line":563,"column":266}},"type":"cond-expr","locations":[{"start":{"line":563,"column":231},"end":{"line":563,"column":246}},{"start":{"line":563,"column":249},"end":{"line":563,"column":266}}],"line":563},"65":{"loc":{"start":{"line":564,"column":19},"end":{"line":566,"column":19}},"type":"binary-expr","locations":[{"start":{"line":564,"column":19},"end":{"line":564,"column":47}},{"start":{"line":565,"column":20},"end":{"line":565,"column":133}}],"line":564},"66":{"loc":{"start":{"line":567,"column":19},"end":{"line":569,"column":19}},"type":"binary-expr","locations":[{"start":{"line":567,"column":19},"end":{"line":567,"column":45}},{"start":{"line":568,"column":20},"end":{"line":568,"column":128}}],"line":567},"67":{"loc":{"start":{"line":570,"column":19},"end":{"line":572,"column":19}},"type":"binary-expr","locations":[{"start":{"line":570,"column":19},"end":{"line":570,"column":44}},{"start":{"line":571,"column":20},"end":{"line":571,"column":126}}],"line":570},"68":{"loc":{"start":{"line":573,"column":19},"end":{"line":582,"column":19}},"type":"binary-expr","locations":[{"start":{"line":573,"column":19},"end":{"line":573,"column":51}},{"start":{"line":573,"column":55},"end":{"line":573,"column":91}},{"start":{"line":574,"column":20},"end":{"line":581,"column":34}}],"line":573},"69":{"loc":{"start":{"line":575,"column":23},"end":{"line":579,"column":76}},"type":"cond-expr","locations":[{"start":{"line":576,"column":26},"end":{"line":576,"column":146}},{"start":{"line":577,"column":26},"end":{"line":579,"column":76}}],"line":575},"70":{"loc":{"start":{"line":577,"column":26},"end":{"line":579,"column":76}},"type":"cond-expr","locations":[{"start":{"line":578,"column":26},"end":{"line":578,"column":135}},{"start":{"line":579,"column":26},"end":{"line":579,"column":76}}],"line":577},"71":{"loc":{"start":{"line":583,"column":19},"end":{"line":585,"column":19}},"type":"binary-expr","locations":[{"start":{"line":583,"column":19},"end":{"line":583,"column":49}},{"start":{"line":583,"column":53},"end":{"line":583,"column":94}},{"start":{"line":584,"column":20},"end":{"line":584,"column":146}}],"line":583},"72":{"loc":{"start":{"line":586,"column":19},"end":{"line":588,"column":19}},"type":"binary-expr","locations":[{"start":{"line":586,"column":19},"end":{"line":586,"column":43}},{"start":{"line":587,"column":20},"end":{"line":587,"column":158}}],"line":586},"73":{"loc":{"start":{"line":595,"column":11},"end":{"line":608,"column":11}},"type":"binary-expr","locations":[{"start":{"line":595,"column":11},"end":{"line":595,"column":27}},{"start":{"line":596,"column":12},"end":{"line":607,"column":18}}],"line":595},"74":{"loc":{"start":{"line":624,"column":26},"end":{"line":624,"column":76}},"type":"binary-expr","locations":[{"start":{"line":624,"column":26},"end":{"line":624,"column":60}},{"start":{"line":624,"column":64},"end":{"line":624,"column":76}}],"line":624},"75":{"loc":{"start":{"line":628,"column":17},"end":{"line":628,"column":94}},"type":"cond-expr","locations":[{"start":{"line":628,"column":54},"end":{"line":628,"column":75}},{"start":{"line":628,"column":78},"end":{"line":628,"column":94}}],"line":628},"76":{"loc":{"start":{"line":636,"column":15},"end":{"line":641,"column":15}},"type":"binary-expr","locations":[{"start":{"line":636,"column":16},"end":{"line":636,"column":53}},{"start":{"line":636,"column":57},"end":{"line":636,"column":94}},{"start":{"line":636,"column":98},"end":{"line":636,"column":133}},{"start":{"line":637,"column":16},"end":{"line":640,"column":22}}],"line":636},"77":{"loc":{"start":{"line":639,"column":31},"end":{"line":639,"column":97}},"type":"cond-expr","locations":[{"start":{"line":639,"column":71},"end":{"line":639,"column":81}},{"start":{"line":639,"column":84},"end":{"line":639,"column":97}}],"line":639},"78":{"loc":{"start":{"line":644,"column":26},"end":{"line":644,"column":159}},"type":"binary-expr","locations":[{"start":{"line":644,"column":26},"end":{"line":644,"column":63}},{"start":{"line":644,"column":67},"end":{"line":644,"column":104}},{"start":{"line":644,"column":108},"end":{"line":644,"column":143}},{"start":{"line":644,"column":147},"end":{"line":644,"column":159}}],"line":644},"79":{"loc":{"start":{"line":648,"column":17},"end":{"line":650,"column":33}},"type":"cond-expr","locations":[{"start":{"line":648,"column":57},"end":{"line":648,"column":79}},{"start":{"line":649,"column":17},"end":{"line":650,"column":33}}],"line":648},"80":{"loc":{"start":{"line":649,"column":17},"end":{"line":650,"column":33}},"type":"cond-expr","locations":[{"start":{"line":649,"column":96},"end":{"line":649,"column":117}},{"start":{"line":650,"column":17},"end":{"line":650,"column":33}}],"line":649},"81":{"loc":{"start":{"line":649,"column":17},"end":{"line":649,"column":93}},"type":"binary-expr","locations":[{"start":{"line":649,"column":17},"end":{"line":649,"column":54}},{"start":{"line":649,"column":58},"end":{"line":649,"column":93}}],"line":649},"82":{"loc":{"start":{"line":657,"column":9},"end":{"line":702,"column":9}},"type":"binary-expr","locations":[{"start":{"line":657,"column":9},"end":{"line":657,"column":28}},{"start":{"line":658,"column":10},"end":{"line":701,"column":16}}],"line":657},"83":{"loc":{"start":{"line":705,"column":9},"end":{"line":743,"column":9}},"type":"binary-expr","locations":[{"start":{"line":705,"column":9},"end":{"line":705,"column":28}},{"start":{"line":706,"column":10},"end":{"line":742,"column":16}}],"line":705},"84":{"loc":{"start":{"line":732,"column":19},"end":{"line":732,"column":66}},"type":"cond-expr","locations":[{"start":{"line":732,"column":34},"end":{"line":732,"column":47}},{"start":{"line":732,"column":50},"end":{"line":732,"column":66}}],"line":732}},"s":{"0":22,"1":21,"2":21,"3":21,"4":21,"5":21,"6":21,"7":14,"8":14,"9":8,"10":14,"11":14,"12":14,"13":12,"14":12,"15":12,"16":12,"17":2,"18":2,"19":14,"20":21,"21":0,"22":0,"23":0,"24":0,"25":0,"26":0,"27":0,"28":0,"29":0,"30":0,"31":0,"32":0,"33":0,"34":0,"35":21,"36":0,"37":0,"38":0,"39":0,"40":0,"41":0,"42":0,"43":0,"44":0,"45":0,"46":0,"47":0,"48":0,"49":0,"50":21,"51":7,"52":21,"53":8,"54":1,"55":7,"56":6,"57":7,"58":7,"59":21,"60":22,"61":5,"62":1,"63":16,"64":0,"65":21,"66":22,"67":5,"68":1,"69":16,"70":0,"71":21,"72":43,"73":43,"74":21,"75":1,"76":0,"77":0,"78":0,"79":0,"80":0,"81":0,"82":0},"f":{"0":22,"1":14,"2":8,"3":0,"4":0,"5":0,"6":0,"7":7,"8":8,"9":6,"10":7,"11":22,"12":22,"13":43,"14":1,"15":0,"16":0,"17":0,"18":0,"19":0,"20":0,"21":0},"b":{"0":[14,14],"1":[12,0],"2":[12,0],"3":[2,10],"4":[2,0],"5":[2,0],"6":[0,12],"7":[0,0],"8":[0,0],"9":[12,12],"10":[12,12],"11":[12,12],"12":[12,12],"13":[2,0],"14":[0,0],"15":[0,0],"16":[0,0],"17":[0,0],"18":[1,7],"19":[5,1,16,0],"20":[5,1,16,0],"21":[16,5],"22":[16,5],"23":[21,5],"24":[21,1],"25":[21,0],"26":[21,0],"27":[0,0],"28":[0,0],"29":[0,0],"30":[0,0],"31":[0,0],"32":[0,0,0],"33":[0,0],"34":[0,0,0],"35":[0,0],"36":[0,0,0],"37":[0,0],"38":[21,0,0,0],"39":[0,0],"40":[0,0],"41":[0,0],"42":[21,0,0],"43":[0,0],"44":[0,0],"45":[0,0],"46":[0,0],"47":[0,0],"48":[0,0],"49":[0,0],"50":[21,0,0],"51":[0,0],"52":[0,0],"53":[0,0],"54":[0,0,0,0],"55":[0,0],"56":[0,0],"57":[0,0],"58":[0,0],"59":[0,0],"60":[0,0],"61":[0,0],"62":[0,0],"63":[0,0],"64":[0,0],"65":[0,0],"66":[0,0],"67":[0,0],"68":[0,0,0],"69":[0,0],"70":[0,0],"71":[0,0,0],"72":[0,0],"73":[21,21],"74":[21,21],"75":[0,21],"76":[21,21,21,0],"77":[0,0],"78":[21,21,21,21],"79":[0,21],"80":[0,21],"81":[21,21],"82":[21,0],"83":[21,0],"84":[0,0]},"_coverageSchema":"1a1c01bbd47fc00a2c39e90264f33305004495a9","hash":"9111f8f115e8dd66cf633cbaed13928ac13e4166"}
,"/home/igor/BachelorApi/BPR-FrontEnd/src/pages/CarDetail.tsx": {"path":"/home/igor/BachelorApi/BPR-FrontEnd/src/pages/CarDetail.tsx","statementMap":{"0":{"start":{"line":76,"column":17},"end":{"line":76,"column":28}},"1":{"start":{"line":77,"column":24},"end":{"line":77,"column":56}},"2":{"start":{"line":78,"column":38},"end":{"line":78,"column":71}},"3":{"start":{"line":79,"column":32},"end":{"line":79,"column":46}},"4":{"start":{"line":80,"column":38},"end":{"line":80,"column":53}},"5":{"start":{"line":81,"column":34},"end":{"line":81,"column":63}},"6":{"start":{"line":83,"column":2},"end":{"line":85,"column":11}},"7":{"start":{"line":84,"column":4},"end":{"line":84,"column":15}},"8":{"start":{"line":87,"column":2},"end":{"line":103,"column":12}},"9":{"start":{"line":88,"column":4},"end":{"line":91,"column":5}},"10":{"start":{"line":89,"column":6},"end":{"line":89,"column":24}},"11":{"start":{"line":90,"column":6},"end":{"line":90,"column":13}},"12":{"start":{"line":92,"column":17},"end":{"line":92,"column":21}},"13":{"start":{"line":93,"column":22},"end":{"line":100,"column":5}},"14":{"start":{"line":94,"column":6},"end":{"line":99,"column":7}},"15":{"start":{"line":95,"column":20},"end":{"line":95,"column":105}},"16":{"start":{"line":96,"column":8},"end":{"line":96,"column":37}},"17":{"start":{"line":96,"column":20},"end":{"line":96,"column":37}},"18":{"start":{"line":98,"column":8},"end":{"line":98,"column":58}},"19":{"start":{"line":101,"column":4},"end":{"line":101,"column":16}},"20":{"start":{"line":102,"column":4},"end":{"line":102,"column":37}},"21":{"start":{"line":102,"column":19},"end":{"line":102,"column":34}},"22":{"start":{"line":106,"column":2},"end":{"line":110,"column":12}},"23":{"start":{"line":107,"column":4},"end":{"line":109,"column":5}},"24":{"start":{"line":108,"column":6},"end":{"line":108,"column":22}},"25":{"start":{"line":112,"column":19},"end":{"line":121,"column":3}},"26":{"start":{"line":113,"column":4},"end":{"line":120,"column":5}},"27":{"start":{"line":114,"column":23},"end":{"line":114,"column":51}},"28":{"start":{"line":115,"column":6},"end":{"line":115,"column":32}},"29":{"start":{"line":117,"column":6},"end":{"line":117,"column":50}},"30":{"start":{"line":119,"column":6},"end":{"line":119,"column":24}},"31":{"start":{"line":123,"column":24},"end":{"line":147,"column":3}},"32":{"start":{"line":124,"column":4},"end":{"line":124,"column":21}},"33":{"start":{"line":124,"column":14},"end":{"line":124,"column":21}},"34":{"start":{"line":125,"column":4},"end":{"line":125,"column":24}},"35":{"start":{"line":126,"column":4},"end":{"line":146,"column":5}},"36":{"start":{"line":127,"column":23},"end":{"line":140,"column":8}},"37":{"start":{"line":141,"column":6},"end":{"line":141,"column":35}},"38":{"start":{"line":143,"column":6},"end":{"line":143,"column":56}},"39":{"start":{"line":145,"column":6},"end":{"line":145,"column":27}},"40":{"start":{"line":149,"column":22},"end":{"line":150,"column":114}},"41":{"start":{"line":150,"column":4},"end":{"line":150,"column":114}},"42":{"start":{"line":152,"column":23},"end":{"line":152,"column":76}},"43":{"start":{"line":152,"column":39},"end":{"line":152,"column":76}},"44":{"start":{"line":154,"column":2},"end":{"line":160,"column":3}},"45":{"start":{"line":155,"column":4},"end":{"line":159,"column":6}},"46":{"start":{"line":162,"column":2},"end":{"line":169,"column":3}},"47":{"start":{"line":163,"column":4},"end":{"line":168,"column":6}},"48":{"start":{"line":171,"column":20},"end":{"line":171,"column":114}},"49":{"start":{"line":172,"column":21},"end":{"line":172,"column":96}},"50":{"start":{"line":173,"column":23},"end":{"line":173,"column":97}},"51":{"start":{"line":175,"column":2},"end":{"line":787,"column":4}},"52":{"start":{"line":600,"column":36},"end":{"line":600,"column":47}},"53":{"start":{"line":602,"column":22},"end":{"line":604,"column":29}}},"fnMap":{"0":{"name":"CarDetail","decl":{"start":{"line":75,"column":24},"end":{"line":75,"column":33}},"loc":{"start":{"line":75,"column":36},"end":{"line":788,"column":1}},"line":75},"1":{"name":"(anonymous_1)","decl":{"start":{"line":83,"column":12},"end":{"line":83,"column":13}},"loc":{"start":{"line":83,"column":18},"end":{"line":85,"column":3}},"line":83},"2":{"name":"(anonymous_2)","decl":{"start":{"line":87,"column":12},"end":{"line":87,"column":13}},"loc":{"start":{"line":87,"column":18},"end":{"line":103,"column":3}},"line":87},"3":{"name":"(anonymous_3)","decl":{"start":{"line":93,"column":22},"end":{"line":93,"column":23}},"loc":{"start":{"line":93,"column":34},"end":{"line":100,"column":5}},"line":93},"4":{"name":"(anonymous_4)","decl":{"start":{"line":102,"column":11},"end":{"line":102,"column":12}},"loc":{"start":{"line":102,"column":17},"end":{"line":102,"column":36}},"line":102},"5":{"name":"(anonymous_5)","decl":{"start":{"line":106,"column":12},"end":{"line":106,"column":13}},"loc":{"start":{"line":106,"column":18},"end":{"line":110,"column":3}},"line":106},"6":{"name":"(anonymous_6)","decl":{"start":{"line":112,"column":19},"end":{"line":112,"column":20}},"loc":{"start":{"line":112,"column":31},"end":{"line":121,"column":3}},"line":112},"7":{"name":"(anonymous_7)","decl":{"start":{"line":123,"column":24},"end":{"line":123,"column":25}},"loc":{"start":{"line":123,"column":36},"end":{"line":147,"column":3}},"line":123},"8":{"name":"(anonymous_8)","decl":{"start":{"line":149,"column":22},"end":{"line":149,"column":23}},"loc":{"start":{"line":150,"column":4},"end":{"line":150,"column":114}},"line":150},"9":{"name":"(anonymous_9)","decl":{"start":{"line":152,"column":23},"end":{"line":152,"column":24}},"loc":{"start":{"line":152,"column":39},"end":{"line":152,"column":76}},"line":152},"10":{"name":"(anonymous_10)","decl":{"start":{"line":600,"column":28},"end":{"line":600,"column":29}},"loc":{"start":{"line":600,"column":36},"end":{"line":600,"column":47}},"line":600},"11":{"name":"(anonymous_11)","decl":{"start":{"line":601,"column":25},"end":{"line":601,"column":26}},"loc":{"start":{"line":602,"column":22},"end":{"line":604,"column":29}},"line":602}},"branchMap":{"0":{"loc":{"start":{"line":88,"column":4},"end":{"line":91,"column":5}},"type":"if","locations":[{"start":{"line":88,"column":4},"end":{"line":91,"column":5}},{"start":{},"end":{}}],"line":88},"1":{"loc":{"start":{"line":96,"column":8},"end":{"line":96,"column":37}},"type":"if","locations":[{"start":{"line":96,"column":8},"end":{"line":96,"column":37}},{"start":{},"end":{}}],"line":96},"2":{"loc":{"start":{"line":107,"column":4},"end":{"line":109,"column":5}},"type":"if","locations":[{"start":{"line":107,"column":4},"end":{"line":109,"column":5}},{"start":{},"end":{}}],"line":107},"3":{"loc":{"start":{"line":107,"column":8},"end":{"line":107,"column":26}},"type":"binary-expr","locations":[{"start":{"line":107,"column":8},"end":{"line":107,"column":11}},{"start":{"line":107,"column":15},"end":{"line":107,"column":26}}],"line":107},"4":{"loc":{"start":{"line":124,"column":4},"end":{"line":124,"column":21}},"type":"if","locations":[{"start":{"line":124,"column":4},"end":{"line":124,"column":21}},{"start":{},"end":{}}],"line":124},"5":{"loc":{"start":{"line":152,"column":39},"end":{"line":152,"column":76}},"type":"cond-expr","locations":[{"start":{"line":152,"column":43},"end":{"line":152,"column":68}},{"start":{"line":152,"column":71},"end":{"line":152,"column":76}}],"line":152},"6":{"loc":{"start":{"line":154,"column":2},"end":{"line":160,"column":3}},"type":"if","locations":[{"start":{"line":154,"column":2},"end":{"line":160,"column":3}},{"start":{},"end":{}}],"line":154},"7":{"loc":{"start":{"line":162,"column":2},"end":{"line":169,"column":3}},"type":"if","locations":[{"start":{"line":162,"column":2},"end":{"line":169,"column":3}},{"start":{},"end":{}}],"line":162},"8":{"loc":{"start":{"line":171,"column":20},"end":{"line":171,"column":114}},"type":"cond-expr","locations":[{"start":{"line":171,"column":34},"end":{"line":171,"column":109}},{"start":{"line":171,"column":113},"end":{"line":171,"column":114}}],"line":171},"9":{"loc":{"start":{"line":172,"column":21},"end":{"line":172,"column":96}},"type":"binary-expr","locations":[{"start":{"line":172,"column":21},"end":{"line":172,"column":70}},{"start":{"line":172,"column":74},"end":{"line":172,"column":96}}],"line":172},"10":{"loc":{"start":{"line":173,"column":23},"end":{"line":173,"column":97}},"type":"cond-expr","locations":[{"start":{"line":173,"column":40},"end":{"line":173,"column":89}},{"start":{"line":173,"column":93},"end":{"line":173,"column":97}}],"line":173},"11":{"loc":{"start":{"line":189,"column":21},"end":{"line":189,"column":59}},"type":"binary-expr","locations":[{"start":{"line":189,"column":21},"end":{"line":189,"column":29}},{"start":{"line":189,"column":33},"end":{"line":189,"column":59}}],"line":189},"12":{"loc":{"start":{"line":202,"column":19},"end":{"line":202,"column":93}},"type":"binary-expr","locations":[{"start":{"line":202,"column":19},"end":{"line":202,"column":30}},{"start":{"line":202,"column":34},"end":{"line":202,"column":93}}],"line":202},"13":{"loc":{"start":{"line":203,"column":19},"end":{"line":205,"column":19}},"type":"binary-expr","locations":[{"start":{"line":203,"column":19},"end":{"line":203,"column":28}},{"start":{"line":203,"column":32},"end":{"line":203,"column":73}},{"start":{"line":204,"column":20},"end":{"line":204,"column":79}}],"line":203},"14":{"loc":{"start":{"line":207,"column":21},"end":{"line":211,"column":21}},"type":"binary-expr","locations":[{"start":{"line":207,"column":21},"end":{"line":207,"column":36}},{"start":{"line":208,"column":22},"end":{"line":210,"column":29}}],"line":207},"15":{"loc":{"start":{"line":212,"column":21},"end":{"line":216,"column":21}},"type":"binary-expr","locations":[{"start":{"line":212,"column":21},"end":{"line":212,"column":33}},{"start":{"line":213,"column":22},"end":{"line":215,"column":29}}],"line":212},"16":{"loc":{"start":{"line":221,"column":19},"end":{"line":225,"column":19}},"type":"binary-expr","locations":[{"start":{"line":221,"column":19},"end":{"line":221,"column":32}},{"start":{"line":222,"column":20},"end":{"line":224,"column":26}}],"line":221},"17":{"loc":{"start":{"line":242,"column":19},"end":{"line":242,"column":147}},"type":"cond-expr","locations":[{"start":{"line":242,"column":32},"end":{"line":242,"column":87}},{"start":{"line":242,"column":90},"end":{"line":242,"column":147}}],"line":242},"18":{"loc":{"start":{"line":252,"column":15},"end":{"line":303,"column":15}},"type":"binary-expr","locations":[{"start":{"line":252,"column":16},"end":{"line":252,"column":38}},{"start":{"line":252,"column":42},"end":{"line":252,"column":61}},{"start":{"line":252,"column":65},"end":{"line":252,"column":79}},{"start":{"line":252,"column":83},"end":{"line":252,"column":95}},{"start":{"line":252,"column":99},"end":{"line":252,"column":112}},{"start":{"line":252,"column":116},"end":{"line":252,"column":123}},{"start":{"line":252,"column":127},"end":{"line":252,"column":136}},{"start":{"line":252,"column":140},"end":{"line":252,"column":149}},{"start":{"line":253,"column":16},"end":{"line":302,"column":22}}],"line":252},"19":{"loc":{"start":{"line":254,"column":19},"end":{"line":259,"column":19}},"type":"binary-expr","locations":[{"start":{"line":254,"column":19},"end":{"line":254,"column":41}},{"start":{"line":255,"column":20},"end":{"line":258,"column":26}}],"line":254},"20":{"loc":{"start":{"line":260,"column":19},"end":{"line":265,"column":19}},"type":"binary-expr","locations":[{"start":{"line":260,"column":19},"end":{"line":260,"column":33}},{"start":{"line":261,"column":20},"end":{"line":264,"column":26}}],"line":260},"21":{"loc":{"start":{"line":266,"column":19},"end":{"line":271,"column":19}},"type":"binary-expr","locations":[{"start":{"line":266,"column":19},"end":{"line":266,"column":38}},{"start":{"line":267,"column":20},"end":{"line":270,"column":26}}],"line":266},"22":{"loc":{"start":{"line":272,"column":19},"end":{"line":277,"column":19}},"type":"binary-expr","locations":[{"start":{"line":272,"column":19},"end":{"line":272,"column":32}},{"start":{"line":273,"column":20},"end":{"line":276,"column":26}}],"line":272},"23":{"loc":{"start":{"line":278,"column":19},"end":{"line":283,"column":19}},"type":"binary-expr","locations":[{"start":{"line":278,"column":19},"end":{"line":278,"column":28}},{"start":{"line":279,"column":20},"end":{"line":282,"column":26}}],"line":278},"24":{"loc":{"start":{"line":284,"column":19},"end":{"line":289,"column":19}},"type":"binary-expr","locations":[{"start":{"line":284,"column":19},"end":{"line":284,"column":28}},{"start":{"line":285,"column":20},"end":{"line":288,"column":26}}],"line":284},"25":{"loc":{"start":{"line":290,"column":19},"end":{"line":295,"column":19}},"type":"binary-expr","locations":[{"start":{"line":290,"column":19},"end":{"line":290,"column":26}},{"start":{"line":291,"column":20},"end":{"line":294,"column":26}}],"line":290},"26":{"loc":{"start":{"line":296,"column":19},"end":{"line":301,"column":19}},"type":"binary-expr","locations":[{"start":{"line":296,"column":19},"end":{"line":296,"column":31}},{"start":{"line":297,"column":20},"end":{"line":300,"column":26}}],"line":296},"27":{"loc":{"start":{"line":316,"column":21},"end":{"line":321,"column":21}},"type":"binary-expr","locations":[{"start":{"line":316,"column":21},"end":{"line":316,"column":35}},{"start":{"line":317,"column":22},"end":{"line":320,"column":28}}],"line":316},"28":{"loc":{"start":{"line":322,"column":21},"end":{"line":327,"column":21}},"type":"binary-expr","locations":[{"start":{"line":322,"column":21},"end":{"line":322,"column":34}},{"start":{"line":323,"column":22},"end":{"line":326,"column":28}}],"line":322},"29":{"loc":{"start":{"line":328,"column":21},"end":{"line":333,"column":21}},"type":"binary-expr","locations":[{"start":{"line":328,"column":21},"end":{"line":328,"column":37}},{"start":{"line":329,"column":22},"end":{"line":332,"column":28}}],"line":328},"30":{"loc":{"start":{"line":334,"column":21},"end":{"line":339,"column":21}},"type":"binary-expr","locations":[{"start":{"line":334,"column":21},"end":{"line":334,"column":34}},{"start":{"line":335,"column":22},"end":{"line":338,"column":28}}],"line":334},"31":{"loc":{"start":{"line":340,"column":21},"end":{"line":345,"column":21}},"type":"binary-expr","locations":[{"start":{"line":340,"column":21},"end":{"line":340,"column":32}},{"start":{"line":340,"column":36},"end":{"line":340,"column":51}},{"start":{"line":341,"column":22},"end":{"line":344,"column":28}}],"line":340},"32":{"loc":{"start":{"line":350,"column":17},"end":{"line":394,"column":17}},"type":"binary-expr","locations":[{"start":{"line":350,"column":17},"end":{"line":350,"column":27}},{"start":{"line":351,"column":18},"end":{"line":393,"column":24}}],"line":350},"33":{"loc":{"start":{"line":356,"column":23},"end":{"line":361,"column":23}},"type":"binary-expr","locations":[{"start":{"line":356,"column":23},"end":{"line":356,"column":35}},{"start":{"line":357,"column":24},"end":{"line":360,"column":30}}],"line":356},"34":{"loc":{"start":{"line":362,"column":23},"end":{"line":367,"column":23}},"type":"binary-expr","locations":[{"start":{"line":362,"column":23},"end":{"line":362,"column":43}},{"start":{"line":363,"column":24},"end":{"line":366,"column":30}}],"line":362},"35":{"loc":{"start":{"line":368,"column":23},"end":{"line":373,"column":23}},"type":"binary-expr","locations":[{"start":{"line":368,"column":23},"end":{"line":368,"column":45}},{"start":{"line":369,"column":24},"end":{"line":372,"column":30}}],"line":368},"36":{"loc":{"start":{"line":374,"column":23},"end":{"line":379,"column":23}},"type":"binary-expr","locations":[{"start":{"line":374,"column":23},"end":{"line":374,"column":43}},{"start":{"line":375,"column":24},"end":{"line":378,"column":30}}],"line":374},"37":{"loc":{"start":{"line":380,"column":23},"end":{"line":385,"column":23}},"type":"binary-expr","locations":[{"start":{"line":380,"column":23},"end":{"line":380,"column":43}},{"start":{"line":381,"column":24},"end":{"line":384,"column":30}}],"line":380},"38":{"loc":{"start":{"line":386,"column":23},"end":{"line":391,"column":23}},"type":"binary-expr","locations":[{"start":{"line":386,"column":23},"end":{"line":386,"column":43}},{"start":{"line":387,"column":24},"end":{"line":390,"column":30}}],"line":386},"39":{"loc":{"start":{"line":397,"column":17},"end":{"line":429,"column":17}},"type":"binary-expr","locations":[{"start":{"line":397,"column":17},"end":{"line":397,"column":28}},{"start":{"line":397,"column":33},"end":{"line":397,"column":53}},{"start":{"line":397,"column":57},"end":{"line":397,"column":73}},{"start":{"line":397,"column":77},"end":{"line":397,"column":90}},{"start":{"line":398,"column":18},"end":{"line":428,"column":24}}],"line":397},"40":{"loc":{"start":{"line":403,"column":23},"end":{"line":408,"column":23}},"type":"binary-expr","locations":[{"start":{"line":403,"column":23},"end":{"line":403,"column":43}},{"start":{"line":404,"column":24},"end":{"line":407,"column":30}}],"line":403},"41":{"loc":{"start":{"line":409,"column":23},"end":{"line":414,"column":23}},"type":"binary-expr","locations":[{"start":{"line":409,"column":23},"end":{"line":409,"column":39}},{"start":{"line":410,"column":24},"end":{"line":413,"column":30}}],"line":409},"42":{"loc":{"start":{"line":415,"column":23},"end":{"line":420,"column":23}},"type":"binary-expr","locations":[{"start":{"line":415,"column":23},"end":{"line":415,"column":36}},{"start":{"line":416,"column":24},"end":{"line":419,"column":30}}],"line":415},"43":{"loc":{"start":{"line":421,"column":23},"end":{"line":426,"column":23}},"type":"binary-expr","locations":[{"start":{"line":421,"column":23},"end":{"line":421,"column":40}},{"start":{"line":422,"column":24},"end":{"line":425,"column":30}}],"line":421},"44":{"loc":{"start":{"line":441,"column":21},"end":{"line":446,"column":21}},"type":"binary-expr","locations":[{"start":{"line":441,"column":21},"end":{"line":441,"column":30}},{"start":{"line":442,"column":22},"end":{"line":445,"column":28}}],"line":441},"45":{"loc":{"start":{"line":447,"column":21},"end":{"line":452,"column":21}},"type":"binary-expr","locations":[{"start":{"line":447,"column":21},"end":{"line":447,"column":30}},{"start":{"line":448,"column":22},"end":{"line":451,"column":28}}],"line":447},"46":{"loc":{"start":{"line":453,"column":21},"end":{"line":458,"column":21}},"type":"binary-expr","locations":[{"start":{"line":453,"column":21},"end":{"line":453,"column":30}},{"start":{"line":454,"column":22},"end":{"line":457,"column":28}}],"line":453},"47":{"loc":{"start":{"line":459,"column":21},"end":{"line":464,"column":21}},"type":"binary-expr","locations":[{"start":{"line":459,"column":21},"end":{"line":459,"column":35}},{"start":{"line":460,"column":22},"end":{"line":463,"column":28}}],"line":459},"48":{"loc":{"start":{"line":465,"column":21},"end":{"line":470,"column":21}},"type":"binary-expr","locations":[{"start":{"line":465,"column":21},"end":{"line":465,"column":35}},{"start":{"line":466,"column":22},"end":{"line":469,"column":28}}],"line":465},"49":{"loc":{"start":{"line":471,"column":21},"end":{"line":476,"column":21}},"type":"binary-expr","locations":[{"start":{"line":471,"column":21},"end":{"line":471,"column":34}},{"start":{"line":472,"column":22},"end":{"line":475,"column":28}}],"line":471},"50":{"loc":{"start":{"line":486,"column":21},"end":{"line":491,"column":21}},"type":"binary-expr","locations":[{"start":{"line":486,"column":21},"end":{"line":486,"column":31}},{"start":{"line":487,"column":22},"end":{"line":490,"column":28}}],"line":486},"51":{"loc":{"start":{"line":492,"column":21},"end":{"line":497,"column":21}},"type":"binary-expr","locations":[{"start":{"line":492,"column":21},"end":{"line":492,"column":35}},{"start":{"line":493,"column":22},"end":{"line":496,"column":28}}],"line":492},"52":{"loc":{"start":{"line":498,"column":21},"end":{"line":503,"column":21}},"type":"binary-expr","locations":[{"start":{"line":498,"column":21},"end":{"line":498,"column":38}},{"start":{"line":499,"column":22},"end":{"line":502,"column":28}}],"line":498},"53":{"loc":{"start":{"line":504,"column":21},"end":{"line":509,"column":21}},"type":"binary-expr","locations":[{"start":{"line":504,"column":21},"end":{"line":504,"column":40}},{"start":{"line":505,"column":22},"end":{"line":508,"column":28}}],"line":504},"54":{"loc":{"start":{"line":510,"column":21},"end":{"line":515,"column":21}},"type":"binary-expr","locations":[{"start":{"line":510,"column":21},"end":{"line":510,"column":42}},{"start":{"line":511,"column":22},"end":{"line":514,"column":28}}],"line":510},"55":{"loc":{"start":{"line":516,"column":21},"end":{"line":521,"column":21}},"type":"binary-expr","locations":[{"start":{"line":516,"column":21},"end":{"line":516,"column":37}},{"start":{"line":517,"column":22},"end":{"line":520,"column":28}}],"line":516},"56":{"loc":{"start":{"line":526,"column":17},"end":{"line":552,"column":17}},"type":"binary-expr","locations":[{"start":{"line":526,"column":18},"end":{"line":526,"column":27}},{"start":{"line":526,"column":31},"end":{"line":526,"column":41}},{"start":{"line":526,"column":45},"end":{"line":526,"column":55}},{"start":{"line":527,"column":18},"end":{"line":551,"column":24}}],"line":526},"57":{"loc":{"start":{"line":532,"column":23},"end":{"line":537,"column":23}},"type":"binary-expr","locations":[{"start":{"line":532,"column":23},"end":{"line":532,"column":33}},{"start":{"line":533,"column":24},"end":{"line":536,"column":30}}],"line":532},"58":{"loc":{"start":{"line":538,"column":23},"end":{"line":543,"column":23}},"type":"binary-expr","locations":[{"start":{"line":538,"column":23},"end":{"line":538,"column":32}},{"start":{"line":539,"column":24},"end":{"line":542,"column":30}}],"line":538},"59":{"loc":{"start":{"line":544,"column":23},"end":{"line":549,"column":23}},"type":"binary-expr","locations":[{"start":{"line":544,"column":23},"end":{"line":544,"column":33}},{"start":{"line":545,"column":24},"end":{"line":548,"column":30}}],"line":544},"60":{"loc":{"start":{"line":555,"column":17},"end":{"line":581,"column":17}},"type":"binary-expr","locations":[{"start":{"line":555,"column":18},"end":{"line":555,"column":46}},{"start":{"line":555,"column":50},"end":{"line":555,"column":71}},{"start":{"line":555,"column":75},"end":{"line":555,"column":86}},{"start":{"line":556,"column":18},"end":{"line":580,"column":24}}],"line":555},"61":{"loc":{"start":{"line":561,"column":23},"end":{"line":566,"column":23}},"type":"binary-expr","locations":[{"start":{"line":561,"column":23},"end":{"line":561,"column":51}},{"start":{"line":562,"column":24},"end":{"line":565,"column":30}}],"line":561},"62":{"loc":{"start":{"line":564,"column":55},"end":{"line":564,"column":88}},"type":"cond-expr","locations":[{"start":{"line":564,"column":72},"end":{"line":564,"column":79}},{"start":{"line":564,"column":82},"end":{"line":564,"column":88}}],"line":564},"63":{"loc":{"start":{"line":567,"column":23},"end":{"line":572,"column":23}},"type":"binary-expr","locations":[{"start":{"line":567,"column":23},"end":{"line":567,"column":44}},{"start":{"line":568,"column":24},"end":{"line":571,"column":30}}],"line":567},"64":{"loc":{"start":{"line":570,"column":55},"end":{"line":570,"column":81}},"type":"cond-expr","locations":[{"start":{"line":570,"column":65},"end":{"line":570,"column":72}},{"start":{"line":570,"column":75},"end":{"line":570,"column":81}}],"line":570},"65":{"loc":{"start":{"line":573,"column":23},"end":{"line":578,"column":23}},"type":"binary-expr","locations":[{"start":{"line":573,"column":23},"end":{"line":573,"column":34}},{"start":{"line":574,"column":24},"end":{"line":577,"column":30}}],"line":573},"66":{"loc":{"start":{"line":586,"column":13},"end":{"line":591,"column":13}},"type":"binary-expr","locations":[{"start":{"line":586,"column":13},"end":{"line":586,"column":28}},{"start":{"line":587,"column":14},"end":{"line":590,"column":20}}],"line":586},"67":{"loc":{"start":{"line":594,"column":13},"end":{"line":608,"column":13}},"type":"binary-expr","locations":[{"start":{"line":594,"column":13},"end":{"line":594,"column":26}},{"start":{"line":595,"column":14},"end":{"line":607,"column":20}}],"line":594},"68":{"loc":{"start":{"line":611,"column":13},"end":{"line":660,"column":13}},"type":"binary-expr","locations":[{"start":{"line":611,"column":14},"end":{"line":611,"column":21}},{"start":{"line":611,"column":25},"end":{"line":611,"column":39}},{"start":{"line":611,"column":43},"end":{"line":611,"column":57}},{"start":{"line":612,"column":14},"end":{"line":659,"column":20}}],"line":611},"69":{"loc":{"start":{"line":615,"column":19},"end":{"line":627,"column":19}},"type":"binary-expr","locations":[{"start":{"line":615,"column":19},"end":{"line":615,"column":26}},{"start":{"line":616,"column":20},"end":{"line":626,"column":26}}],"line":615},"70":{"loc":{"start":{"line":629,"column":21},"end":{"line":642,"column":21}},"type":"binary-expr","locations":[{"start":{"line":629,"column":21},"end":{"line":629,"column":35}},{"start":{"line":630,"column":22},"end":{"line":641,"column":28}}],"line":629},"71":{"loc":{"start":{"line":643,"column":21},"end":{"line":656,"column":21}},"type":"binary-expr","locations":[{"start":{"line":643,"column":21},"end":{"line":643,"column":35}},{"start":{"line":644,"column":22},"end":{"line":655,"column":28}}],"line":643},"72":{"loc":{"start":{"line":672,"column":15},"end":{"line":759,"column":15}},"type":"cond-expr","locations":[{"start":{"line":673,"column":16},"end":{"line":686,"column":25}},{"start":{"line":688,"column":16},"end":{"line":758,"column":22}}],"line":672},"73":{"loc":{"start":{"line":678,"column":19},"end":{"line":685,"column":19}},"type":"cond-expr","locations":[{"start":{"line":679,"column":20},"end":{"line":682,"column":23}},{"start":{"line":684,"column":20},"end":{"line":684,"column":42}}],"line":678},"74":{"loc":{"start":{"line":696,"column":19},"end":{"line":706,"column":19}},"type":"binary-expr","locations":[{"start":{"line":696,"column":20},"end":{"line":696,"column":39}},{"start":{"line":696,"column":44},"end":{"line":696,"column":47}},{"start":{"line":696,"column":51},"end":{"line":696,"column":59}},{"start":{"line":696,"column":63},"end":{"line":696,"column":78}},{"start":{"line":697,"column":20},"end":{"line":705,"column":26}}],"line":696},"75":{"loc":{"start":{"line":702,"column":68},"end":{"line":702,"column":156}},"type":"binary-expr","locations":[{"start":{"line":702,"column":68},"end":{"line":702,"column":87}},{"start":{"line":702,"column":91},"end":{"line":702,"column":156}}],"line":702},"76":{"loc":{"start":{"line":708,"column":52},"end":{"line":708,"column":127}},"type":"cond-expr","locations":[{"start":{"line":708,"column":68},"end":{"line":708,"column":79}},{"start":{"line":708,"column":82},"end":{"line":708,"column":127}}],"line":708},"77":{"loc":{"start":{"line":708,"column":82},"end":{"line":708,"column":127}},"type":"cond-expr","locations":[{"start":{"line":708,"column":99},"end":{"line":708,"column":112}},{"start":{"line":708,"column":115},"end":{"line":708,"column":127}}],"line":708},"78":{"loc":{"start":{"line":710,"column":23},"end":{"line":710,"column":105}},"type":"cond-expr","locations":[{"start":{"line":710,"column":39},"end":{"line":710,"column":54}},{"start":{"line":710,"column":57},"end":{"line":710,"column":105}}],"line":710},"79":{"loc":{"start":{"line":710,"column":57},"end":{"line":710,"column":105}},"type":"cond-expr","locations":[{"start":{"line":710,"column":74},"end":{"line":710,"column":87}},{"start":{"line":710,"column":90},"end":{"line":710,"column":105}}],"line":710},"80":{"loc":{"start":{"line":712,"column":57},"end":{"line":712,"column":141}},"type":"cond-expr","locations":[{"start":{"line":712,"column":73},"end":{"line":712,"column":87}},{"start":{"line":712,"column":90},"end":{"line":712,"column":141}}],"line":712},"81":{"loc":{"start":{"line":712,"column":90},"end":{"line":712,"column":141}},"type":"cond-expr","locations":[{"start":{"line":712,"column":107},"end":{"line":712,"column":123}},{"start":{"line":712,"column":126},"end":{"line":712,"column":141}}],"line":712},"82":{"loc":{"start":{"line":713,"column":23},"end":{"line":713,"column":47}},"type":"cond-expr","locations":[{"start":{"line":713,"column":39},"end":{"line":713,"column":42}},{"start":{"line":713,"column":45},"end":{"line":713,"column":47}}],"line":713},"83":{"loc":{"start":{"line":768,"column":15},"end":{"line":781,"column":15}},"type":"cond-expr","locations":[{"start":{"line":769,"column":16},"end":{"line":776,"column":20}},{"start":{"line":778,"column":16},"end":{"line":780,"column":22}}],"line":768}},"s":{"0":11,"1":10,"2":10,"3":10,"4":10,"5":10,"6":10,"7":5,"8":10,"9":7,"10":5,"11":5,"12":2,"13":2,"14":2,"15":2,"16":2,"17":2,"18":0,"19":2,"20":2,"21":2,"22":10,"23":7,"24":2,"25":10,"26":5,"27":5,"28":4,"29":1,"30":5,"31":10,"32":2,"33":0,"34":2,"35":2,"36":2,"37":2,"38":2,"39":2,"40":10,"41":4,"42":10,"43":4,"44":10,"45":5,"46":5,"47":1,"48":4,"49":4,"50":4,"51":4,"52":0,"53":0},"f":{"0":11,"1":5,"2":7,"3":2,"4":2,"5":7,"6":5,"7":2,"8":4,"9":4,"10":0,"11":0},"b":{"0":[5,2],"1":[2,0],"2":[2,5],"3":[7,2],"4":[0,2],"5":[4,0],"6":[5,5],"7":[1,4],"8":[0,4],"9":[4,0],"10":[0,4],"11":[4,4],"12":[4,4],"13":[4,4,4],"14":[4,0],"15":[4,0],"16":[4,0],"17":[4,0],"18":[4,4,4,4,4,0,0,0,4],"19":[4,0],"20":[4,0],"21":[4,0],"22":[4,4],"23":[4,4],"24":[4,4],"25":[4,0],"26":[4,0],"27":[4,4],"28":[4,0],"29":[4,0],"30":[4,0],"31":[4,0,0],"32":[4,4],"33":[4,0],"34":[4,0],"35":[4,0],"36":[4,0],"37":[4,0],"38":[4,0],"39":[4,0,0,0,0],"40":[0,0],"41":[0,0],"42":[0,0],"43":[0,0],"44":[4,4],"45":[4,4],"46":[4,4],"47":[4,0],"48":[4,0],"49":[4,0],"50":[4,0],"51":[4,0],"52":[4,0],"53":[4,0],"54":[4,0],"55":[4,0],"56":[4,4,4,0],"57":[0,0],"58":[0,0],"59":[0,0],"60":[4,4,4,0],"61":[0,0],"62":[0,0],"63":[0,0],"64":[0,0],"65":[0,0],"66":[4,4],"67":[4,0],"68":[4,4,4,0],"69":[0,0],"70":[0,0],"71":[0,0],"72":[4,0],"73":[2,2],"74":[0,0,0,0,0],"75":[0,0],"76":[0,0],"77":[0,0],"78":[0,0],"79":[0,0],"80":[0,0],"81":[0,0],"82":[0,0],"83":[0,4]},"_coverageSchema":"1a1c01bbd47fc00a2c39e90264f33305004495a9","hash":"933dd91a01d40175c13b472e47aed1b7512c5fd7"}
,"/home/igor/BachelorApi/BPR-FrontEnd/src/pages/Cars.tsx": {"path":"/home/igor/BachelorApi/BPR-FrontEnd/src/pages/Cars.tsx","statementMap":{"0":{"start":{"line":33,"column":26},"end":{"line":33,"column":45}},"1":{"start":{"line":34,"column":32},"end":{"line":34,"column":46}},"2":{"start":{"line":35,"column":40},"end":{"line":35,"column":52}},"3":{"start":{"line":36,"column":36},"end":{"line":36,"column":79}},"4":{"start":{"line":37,"column":46},"end":{"line":37,"column":86}},"5":{"start":{"line":38,"column":40},"end":{"line":38,"column":51}},"6":{"start":{"line":39,"column":38},"end":{"line":39,"column":49}},"7":{"start":{"line":40,"column":32},"end":{"line":50,"column":4}},"8":{"start":{"line":51,"column":40},"end":{"line":51,"column":55}},"9":{"start":{"line":52,"column":44},"end":{"line":57,"column":4}},"10":{"start":{"line":59,"column":2},"end":{"line":61,"column":9}},"11":{"start":{"line":60,"column":4},"end":{"line":60,"column":25}},"12":{"start":{"line":63,"column":2},"end":{"line":65,"column":29}},"13":{"start":{"line":64,"column":4},"end":{"line":64,"column":22}},"14":{"start":{"line":67,"column":2},"end":{"line":71,"column":42}},"15":{"start":{"line":68,"column":4},"end":{"line":68,"column":16}},"16":{"start":{"line":70,"column":4},"end":{"line":70,"column":52}},"17":{"start":{"line":73,"column":2},"end":{"line":113,"column":24}},"18":{"start":{"line":74,"column":4},"end":{"line":74,"column":29}},"19":{"start":{"line":74,"column":22},"end":{"line":74,"column":29}},"20":{"start":{"line":76,"column":30},"end":{"line":76,"column":83}},"21":{"start":{"line":76,"column":51},"end":{"line":76,"column":82}},"22":{"start":{"line":77,"column":4},"end":{"line":77,"column":42}},"23":{"start":{"line":77,"column":35},"end":{"line":77,"column":42}},"24":{"start":{"line":79,"column":17},"end":{"line":79,"column":21}},"25":{"start":{"line":81,"column":23},"end":{"line":107,"column":5}},"26":{"start":{"line":82,"column":22},"end":{"line":92,"column":7}},"27":{"start":{"line":84,"column":24},"end":{"line":89,"column":12}},"28":{"start":{"line":90,"column":10},"end":{"line":90,"column":39}},"29":{"start":{"line":94,"column":6},"end":{"line":94,"column":26}},"30":{"start":{"line":94,"column":19},"end":{"line":94,"column":26}},"31":{"start":{"line":96,"column":6},"end":{"line":106,"column":9}},"32":{"start":{"line":97,"column":21},"end":{"line":97,"column":32}},"33":{"start":{"line":98,"column":22},"end":{"line":98,"column":27}},"34":{"start":{"line":99,"column":8},"end":{"line":104,"column":9}},"35":{"start":{"line":100,"column":10},"end":{"line":103,"column":11}},"36":{"start":{"line":101,"column":12},"end":{"line":101,"column":29}},"37":{"start":{"line":102,"column":12},"end":{"line":102,"column":27}},"38":{"start":{"line":105,"column":8},"end":{"line":105,"column":37}},"39":{"start":{"line":109,"column":4},"end":{"line":109,"column":17}},"40":{"start":{"line":110,"column":4},"end":{"line":112,"column":6}},"41":{"start":{"line":111,"column":6},"end":{"line":111,"column":21}},"42":{"start":{"line":116,"column":2},"end":{"line":167,"column":29}},"43":{"start":{"line":117,"column":4},"end":{"line":117,"column":29}},"44":{"start":{"line":117,"column":22},"end":{"line":117,"column":29}},"45":{"start":{"line":119,"column":35},"end":{"line":119,"column":80}},"46":{"start":{"line":119,"column":56},"end":{"line":119,"column":79}},"47":{"start":{"line":120,"column":4},"end":{"line":120,"column":47}},"48":{"start":{"line":120,"column":40},"end":{"line":120,"column":47}},"49":{"start":{"line":122,"column":17},"end":{"line":122,"column":21}},"50":{"start":{"line":124,"column":28},"end":{"line":161,"column":5}},"51":{"start":{"line":125,"column":22},"end":{"line":146,"column":7}},"52":{"start":{"line":127,"column":10},"end":{"line":144,"column":11}},"53":{"start":{"line":128,"column":29},"end":{"line":139,"column":14}},"54":{"start":{"line":140,"column":12},"end":{"line":140,"column":61}},"55":{"start":{"line":142,"column":12},"end":{"line":142,"column":78}},"56":{"start":{"line":143,"column":12},"end":{"line":143,"column":52}},"57":{"start":{"line":148,"column":6},"end":{"line":148,"column":26}},"58":{"start":{"line":148,"column":19},"end":{"line":148,"column":26}},"59":{"start":{"line":150,"column":6},"end":{"line":160,"column":9}},"60":{"start":{"line":151,"column":21},"end":{"line":151,"column":32}},"61":{"start":{"line":152,"column":22},"end":{"line":152,"column":27}},"62":{"start":{"line":153,"column":8},"end":{"line":158,"column":9}},"63":{"start":{"line":154,"column":10},"end":{"line":157,"column":11}},"64":{"start":{"line":155,"column":12},"end":{"line":155,"column":34}},"65":{"start":{"line":156,"column":12},"end":{"line":156,"column":27}},"66":{"start":{"line":159,"column":8},"end":{"line":159,"column":37}},"67":{"start":{"line":163,"column":4},"end":{"line":163,"column":22}},"68":{"start":{"line":164,"column":4},"end":{"line":166,"column":6}},"69":{"start":{"line":165,"column":6},"end":{"line":165,"column":21}},"70":{"start":{"line":169,"column":29},"end":{"line":187,"column":3}},"71":{"start":{"line":170,"column":4},"end":{"line":186,"column":5}},"72":{"start":{"line":172,"column":38},"end":{"line":175,"column":8}},"73":{"start":{"line":176,"column":26},"end":{"line":176,"column":55}},"74":{"start":{"line":177,"column":25},"end":{"line":177,"column":52}},"75":{"start":{"line":178,"column":6},"end":{"line":183,"column":9}},"76":{"start":{"line":179,"column":43},"end":{"line":179,"column":49}},"77":{"start":{"line":180,"column":66},"end":{"line":180,"column":73}},"78":{"start":{"line":181,"column":73},"end":{"line":181,"column":80}},"79":{"start":{"line":182,"column":67},"end":{"line":182,"column":75}},"80":{"start":{"line":185,"column":6},"end":{"line":185,"column":61}},"81":{"start":{"line":189,"column":20},"end":{"line":230,"column":3}},"82":{"start":{"line":190,"column":4},"end":{"line":229,"column":5}},"83":{"start":{"line":191,"column":6},"end":{"line":191,"column":23}},"84":{"start":{"line":192,"column":26},"end":{"line":192,"column":61}},"85":{"start":{"line":195,"column":6},"end":{"line":197,"column":7}},"86":{"start":{"line":196,"column":8},"end":{"line":196,"column":31}},"87":{"start":{"line":200,"column":83},"end":{"line":209,"column":7}},"88":{"start":{"line":212,"column":25},"end":{"line":212,"column":86}},"89":{"start":{"line":213,"column":6},"end":{"line":213,"column":42}},"90":{"start":{"line":214,"column":6},"end":{"line":214,"column":48}},"91":{"start":{"line":217,"column":6},"end":{"line":219,"column":9}},"92":{"start":{"line":218,"column":8},"end":{"line":218,"column":60}},"93":{"start":{"line":218,"column":40},"end":{"line":218,"column":60}},"94":{"start":{"line":221,"column":23},"end":{"line":221,"column":57}},"95":{"start":{"line":222,"column":6},"end":{"line":222,"column":40}},"96":{"start":{"line":223,"column":20},"end":{"line":223,"column":
[...]
":{"line":354,"column":61}},"type":"binary-expr","locations":[{"start":{"line":354,"column":30},"end":{"line":354,"column":45}},{"start":{"line":354,"column":49},"end":{"line":354,"column":61}}],"line":354},"26":{"loc":{"start":{"line":357,"column":38},"end":{"line":357,"column":97}},"type":"cond-expr","locations":[{"start":{"line":357,"column":56},"end":{"line":357,"column":76}},{"start":{"line":357,"column":79},"end":{"line":357,"column":97}}],"line":357},"27":{"loc":{"start":{"line":363,"column":21},"end":{"line":371,"column":21}},"type":"binary-expr","locations":[{"start":{"line":363,"column":21},"end":{"line":363,"column":32}},{"start":{"line":363,"column":36},"end":{"line":363,"column":50}},{"start":{"line":364,"column":22},"end":{"line":370,"column":25}}],"line":363},"28":{"loc":{"start":{"line":378,"column":21},"end":{"line":378,"column":99}},"type":"binary-expr","locations":[{"start":{"line":378,"column":21},"end":{"line":378,"column":33}},{"start":{"line":378,"column":37},"end":{"line":378,"column":99}}],"line":378},"29":{"loc":{"start":{"line":384,"column":30},"end":{"line":384,"column":61}},"type":"binary-expr","locations":[{"start":{"line":384,"column":30},"end":{"line":384,"column":45}},{"start":{"line":384,"column":49},"end":{"line":384,"column":61}}],"line":384},"30":{"loc":{"start":{"line":387,"column":38},"end":{"line":387,"column":100}},"type":"cond-expr","locations":[{"start":{"line":387,"column":56},"end":{"line":387,"column":76}},{"start":{"line":387,"column":79},"end":{"line":387,"column":100}}],"line":387},"31":{"loc":{"start":{"line":393,"column":21},"end":{"line":399,"column":21}},"type":"binary-expr","locations":[{"start":{"line":393,"column":21},"end":{"line":393,"column":32}},{"start":{"line":393,"column":36},"end":{"line":393,"column":50}},{"start":{"line":394,"column":22},"end":{"line":398,"column":25}}],"line":393},"32":{"loc":{"start":{"line":414,"column":17},"end":{"line":426,"column":17}},"type":"binary-expr","locations":[{"start":{"line":414,"column":17},"end":{"line":414,"column":28}},{"start":{"line":415,"column":18},"end":{"line":425,"column":24}}],"line":414},"33":{"loc":{"start":{"line":440,"column":21},"end":{"line":440,"column":99}},"type":"binary-expr","locations":[{"start":{"line":440,"column":21},"end":{"line":440,"column":33}},{"start":{"line":440,"column":37},"end":{"line":440,"column":99}}],"line":440},"34":{"loc":{"start":{"line":446,"column":30},"end":{"line":446,"column":61}},"type":"binary-expr","locations":[{"start":{"line":446,"column":30},"end":{"line":446,"column":45}},{"start":{"line":446,"column":49},"end":{"line":446,"column":61}}],"line":446},"35":{"loc":{"start":{"line":449,"column":38},"end":{"line":449,"column":97}},"type":"cond-expr","locations":[{"start":{"line":449,"column":56},"end":{"line":449,"column":76}},{"start":{"line":449,"column":79},"end":{"line":449,"column":97}}],"line":449},"36":{"loc":{"start":{"line":455,"column":21},"end":{"line":466,"column":21}},"type":"binary-expr","locations":[{"start":{"line":455,"column":21},"end":{"line":455,"column":32}},{"start":{"line":455,"column":36},"end":{"line":455,"column":50}},{"start":{"line":456,"column":22},"end":{"line":465,"column":25}}],"line":455},"37":{"loc":{"start":{"line":548,"column":13},"end":{"line":553,"column":13}},"type":"binary-expr","locations":[{"start":{"line":548,"column":13},"end":{"line":548,"column":18}},{"start":{"line":549,"column":14},"end":{"line":552,"column":20}}],"line":548},"38":{"loc":{"start":{"line":560,"column":15},"end":{"line":567,"column":15}},"type":"cond-expr","locations":[{"start":{"line":561,"column":16},"end":{"line":564,"column":19}},{"start":{"line":566,"column":16},"end":{"line":566,"column":38}}],"line":560},"39":{"loc":{"start":{"line":573,"column":13},"end":{"line":675,"column":13}},"type":"cond-expr","locations":[{"start":{"line":574,"column":14},"end":{"line":651,"column":20}},{"start":{"line":653,"column":14},"end":{"line":674,"column":20}}],"line":573},"40":{"loc":{"start":{"line":639,"column":69},"end":{"line":639,"column":107}},"type":"binary-expr","locations":[{"start":{"line":639,"column":69},"end":{"line":639,"column":98}},{"start":{"line":639,"column":102},"end":{"line":639,"column":107}}],"line":639}},"s":{"0":1,"1":17,"2":16,"3":16,"4":16,"5":16,"6":16,"7":16,"8":16,"9":16,"10":16,"11":16,"12":16,"13":16,"14":6,"15":6,"16":6,"17":6,"18":18,"19":6,"20":0,"21":6,"22":6,"23":6,"24":6,"25":0,"26":6,"27":6,"28":16,"29":6,"30":6,"31":6,"32":6,"33":0,"34":0,"35":0,"36":0,"37":0,"38":0,"39":0,"40":0,"41":0,"42":0,"43":16,"44":6,"45":6,"46":6,"47":0,"48":0,"49":0,"50":0,"51":0,"52":0,"53":0,"54":0,"55":0,"56":0,"57":0,"58":0,"59":0,"60":0,"61":0,"62":0,"63":0,"64":0,"65":0,"66":16,"67":6,"68":6,"69":6,"70":0,"71":0,"72":0,"73":0,"74":16,"75":0,"76":0,"77":0,"78":0,"79":0,"80":0,"81":0,"82":0,"83":0,"84":0,"85":0,"86":0,"87":0,"88":0,"89":0,"90":0,"91":16,"92":0,"93":16,"94":16,"95":16,"96":16,"97":128,"98":16,"99":16,"100":16,"101":0,"102":12,"103":0,"104":0,"105":0,"106":0,"107":0,"108":0,"109":0,"110":0,"111":0,"112":0,"113":0,"114":0,"115":0,"116":0,"117":176,"118":0,"119":0,"120":12},"f":{"0":17,"1":6,"2":6,"3":18,"4":6,"5":6,"6":0,"7":0,"8":6,"9":0,"10":0,"11":6,"12":0,"13":0,"14":0,"15":0,"16":16,"17":128,"18":0,"19":12,"20":0,"21":0,"22":0,"23":0,"24":0,"25":0,"26":0,"27":0,"28":0,"29":0,"30":0,"31":0,"32":0,"33":0,"34":176,"35":0,"36":0,"37":12},"b":{"0":[6,0],"1":[6,0],"2":[6,0],"3":[6,0],"4":[0,0],"5":[0,0],"6":[0,0],"7":[0,0],"8":[6,0],"9":[6,0,0],"10":[0,0],"11":[0,0],"12":[0,0],"13":[0,0],"14":[0,0],"15":[0,0],"16":[128,16],"17":[0,16],"18":[16,0],"19":[0,0],"20":[16,0],"21":[0,16],"22":[0,16],"23":[0,16],"24":[16,0],"25":[16,0],"26":[16,0],"27":[16,16,0],"28":[16,0],"29":[16,0],"30":[16,0],"31":[16,16,0],"32":[16,16],"33":[16,0],"34":[16,0],"35":[16,0],"36":[16,16,0],"37":[16,0],"38":[0,16],"39":[0,16],"40":[0,0]},"_coverageSchema":"1a1c01bbd47fc00a2c39e90264f33305004495a9","hash":"2b98391c6fbdb4cae9783adb79bb3afd013f097c"}
,"/home/igor/BachelorApi/BPR-FrontEnd/src/utils/carImages.ts": {"path":"/home/igor/BachelorApi/BPR-FrontEnd/src/utils/carImages.ts","statementMap":{"0":{"start":{"line":8,"column":24},"end":{"line":8,"column":26}},"1":{"start":{"line":9,"column":24},"end":{"line":9,"column":26}},"2":{"start":{"line":10,"column":22},"end":{"line":10,"column":29}},"3":{"start":{"line":11,"column":22},"end":{"line":11,"column":26}},"4":{"start":{"line":12,"column":20},"end":{"line":12,"column":52}},"5":{"start":{"line":13,"column":23},"end":{"line":13,"column":52}},"6":{"start":{"line":14,"column":22},"end":{"line":14,"column":32}},"7":{"start":{"line":16,"column":20},"end":{"line":17,"column":51}},"8":{"start":{"line":17,"column":2},"end":{"line":17,"column":51}},"9":{"start":{"line":19,"column":24},"end":{"line":29,"column":1}},"10":{"start":{"line":20,"column":2},"end":{"line":20,"column":101}},"11":{"start":{"line":20,"column":85},"end":{"line":20,"column":101}},"12":{"start":{"line":21,"column":2},"end":{"line":28,"column":3}},"13":{"start":{"line":22,"column":16},"end":{"line":22,"column":72}},"14":{"start":{"line":23,"column":4},"end":{"line":23,"column":38}},"15":{"start":{"line":23,"column":22},"end":{"line":23,"column":38}},"16":{"start":{"line":24,"column":4},"end":{"line":24,"column":42}},"17":{"start":{"line":24,"column":31},"end":{"line":24,"column":42}},"18":{"start":{"line":25,"column":4},"end":{"line":25,"column":14}},"19":{"start":{"line":27,"column":4},"end":{"line":27,"column":20}},"20":{"start":{"line":31,"column":23},"end":{"line":38,"column":1}},"21":{"start":{"line":32,"column":2},"end":{"line":32,"column":91}},"22":{"start":{"line":32,"column":85},"end":{"line":32,"column":91}},"23":{"start":{"line":33,"column":2},"end":{"line":37,"column":3}},"24":{"start":{"line":34,"column":4},"end":{"line":34,"column":84}},"25":{"start":{"line":40,"column":35},"end":{"line":54,"column":1}},"26":{"start":{"line":41,"column":33},"end":{"line":41,"column":36}},"27":{"start":{"line":42,"column":2},"end":{"line":42,"column":60}},"28":{"start":{"line":42,"column":49},"end":{"line":42,"column":60}},"29":{"start":{"line":43,"column":2},"end":{"line":43,"column":35}},"30":{"start":{"line":43,"column":24},"end":{"line":43,"column":35}},"31":{"start":{"line":45,"column":14},"end":{"line":45,"column":38}},"32":{"start":{"line":46,"column":2},"end":{"line":46,"column":54}},"33":{"start":{"line":47,"column":2},"end":{"line":47,"column":47}},"34":{"start":{"line":48,"column":2},"end":{"line":48,"column":70}},"35":{"start":{"line":49,"column":2},"end":{"line":49,"column":49}},"36":{"start":{"line":50,"column":2},"end":{"line":50,"column":49}},"37":{"start":{"line":51,"column":2},"end":{"line":51,"column":52}},"38":{"start":{"line":51,"column":13},"end":{"line":51,"column":52}},"39":{"start":{"line":53,"column":2},"end":{"line":53,"column":23}},"40":{"start":{"line":56,"column":29},"end":{"line":87,"column":1}},"41":{"start":{"line":57,"column":18},"end":{"line":57,"column":47}},"42":{"start":{"line":58,"column":23},"end":{"line":58,"column":26}},"43":{"start":{"line":60,"column":2},"end":{"line":84,"column":3}},"44":{"start":{"line":62,"column":6},"end":{"line":65,"column":78}},"45":{"start":{"line":67,"column":4},"end":{"line":83,"column":5}},"46":{"start":{"line":68,"column":23},"end":{"line":68,"column":39}},"47":{"start":{"line":69,"column":6},"end":{"line":69,"column":32}},"48":{"start":{"line":69,"column":24},"end":{"line":69,"column":32}},"49":{"start":{"line":70,"column":19},"end":{"line":76,"column":7}},"50":{"start":{"line":77,"column":24},"end":{"line":77,"column":79}},"51":{"start":{"line":78,"column":19},"end":{"line":78,"column":44}},"52":{"start":{"line":79,"column":23},"end":{"line":79,"column":50}},"53":{"start":{"line":80,"column":6},"end":{"line":80,"column":35}},"54":{"start":{"line":80,"column":20},"end":{"line":80,"column":35}},"55":{"start":{"line":86,"column":2},"end":{"line":86,"column":13}},"56":{"start":{"line":89,"column":24},"end":{"line":103,"column":1}},"57":{"start":{"line":90,"column":2},"end":{"line":102,"column":3}},"58":{"start":{"line":91,"column":19},"end":{"line":91,"column":74}},"59":{"start":{"line":92,"column":16},"end":{"line":92,"column":51}},"60":{"start":{"line":93,"column":21},"end":{"line":93,"column":37}},"61":{"start":{"line":95,"column":4},"end":{"line":98,"column":5}},"62":{"start":{"line":97,"column":6},"end":{"line":97,"column":16}},"63":{"start":{"line":99,"column":4},"end":{"line":99,"column":15}},"64":{"start":{"line":101,"column":4},"end":{"line":101,"column":15}},"65":{"start":{"line":105,"column":27},"end":{"line":140,"column":1}},"66":{"start":{"line":106,"column":14},"end":{"line":106,"column":37}},"67":{"start":{"line":108,"column":2},"end":{"line":110,"column":3}},"68":{"start":{"line":109,"column":4},"end":{"line":109,"column":39}},"69":{"start":{"line":112,"column":17},"end":{"line":112,"column":37}},"70":{"start":{"line":113,"column":2},"end":{"line":116,"column":3}},"71":{"start":{"line":114,"column":4},"end":{"line":114,"column":32}},"72":{"start":{"line":115,"column":4},"end":{"line":115,"column":17}},"73":{"start":{"line":119,"column":2},"end":{"line":126,"column":3}},"74":{"start":{"line":120,"column":25},"end":{"line":120,"column":61}},"75":{"start":{"line":121,"column":4},"end":{"line":125,"column":5}},"76":{"start":{"line":122,"column":6},"end":{"line":122,"column":40}},"77":{"start":{"line":123,"column":6},"end":{"line":123,"column":39}},"78":{"start":{"line":124,"column":6},"end":{"line":124,"column":25}},"79":{"start":{"line":128,"column":20},"end":{"line":128,"column":51}},"80":{"start":{"line":129,"column":2},"end":{"line":133,"column":3}},"81":{"start":{"line":130,"column":4},"end":{"line":130,"column":35}},"82":{"start":{"line":131,"column":4},"end":{"line":131,"column":34}},"83":{"start":{"line":132,"column":4},"end":{"line":132,"column":20}},"84":{"start":{"line":137,"column":2},"end":{"line":137,"column":28}},"85":{"start":{"line":138,"column":2},"end":{"line":138,"column":27}},"86":{"start":{"line":139,"column":2},"end":{"line":139,"column":13}},"87":{"start":{"line":142,"column":35},"end":{"line":142,"column":55}}},"fnMap":{"0":{"name":"(anonymous_0)","decl":{"start":{"line":16,"column":20},"end":{"line":16,"column":21}},"loc":{"start":{"line":17,"column":2},"end":{"line":17,"column":51}},"line":17},"1":{"name":"(anonymous_1)","decl":{"start":{"line":19,"column":24},"end":{"line":19,"column":25}},"loc":{"start":{"line":19,"column":68},"end":{"line":29,"column":1}},"line":19},"2":{"name":"(anonymous_2)","decl":{"start":{"line":31,"column":23},"end":{"line":31,"column":24}},"loc":{"start":{"line":31,"column":62},"end":{"line":38,"column":1}},"line":31},"3":{"name":"(anonymous_3)","decl":{"start":{"line":40,"column":35},"end":{"line":40,"column":36}},"loc":{"start":{"line":40,"column":110},"end":{"line":54,"column":1}},"line":40},"4":{"name":"(anonymous_4)","decl":{"start":{"line":56,"column":29},"end":{"line":56,"column":30}},"loc":{"start":{"line":56,"column":107},"end":{"line":87,"column":1}},"line":56},"5":{"name":"(anonymous_5)","decl":{"start":{"line":89,"column":24},"end":{"line":89,"column":25}},"loc":{"start":{"line":89,"column":73},"end":{"line":103,"column":1}},"line":89},"6":{"name":"(anonymous_6)","decl":{"start":{"line":105,"column":27},"end":{"line":105,"column":28}},"loc":{"start":{"line":105,"column":93},"end":{"line":140,"column":1}},"line":105}},"branchMap":{"0":{"loc":{"start":{"line":17,"column":3},"end":{"line":17,"column":36}},"type":"binary-expr","locations":[{"start":{"line":17,"column":3},"end":{"line":17,"column":5}},{"start":{"line":17,"column":9},"end":{"line":17,"column":36}}],"line":17},"1":{"loc":{"start":{"line":20,"column":2},"end":{"line":20,"column":101}},"type":"if","locations":[{"start":{"line":20,"column":2},"end":{"line":20,"column":101}},{"start":{},"end":{}}],"line":20},"2":{"loc":{"start":{"line":20,"column":6},"end":{"line":20,"column":83}},"type":"binary-expr","locations":[{"start":{"line":20,"column":6},"end":{"line":20,"column":35}},{"start":{"line":20,"column":39},"end":{"line":20,"column":83}}],"line":20},"3":{"loc":{"start":{"line":23,"column":4},"end":{"line":23,"column":38}},"type":"if","locations":[{"start":{"line":23,"column":4},"end":{"line":23,"column":38}},{"start":{},"end":{}}],"line":23},"4":{"loc":{"start":{"line":24,"column":4},"end":{"line":24,"column":42}},"type":"if","locations":[{"start":{"line":24,"column":4},"end":{"line":24,"column":42}},{"start":{},"end":{}}],"line":24},"5":{"loc":{"start":{"line":32,"column":2},"end":{"line":32,"column":91}},"type":"if","locations":[{"start":{"line":32,"column":2},"end":{"line":32,"column":91}},{"start":{},"end":{}}],"line":32},"6":{"loc":{"start":{"line":32,"column":6},"end":{"line":32,"column":83}},"type":"binary-expr","locations":[{"start":{"line":32,"column":6},"end":{"line":32,"column":35}},{"start":{"line":32,"column":39},"end":{"line":32,"column":83}}],"line":32},"7":{"loc":{"start":{"line":34,"column":61},"end":{"line":34,"column":83}},"type":"binary-expr","locations":[{"start":{"line":34,"column":61},"end":{"line":34,"column":66}},{"start":{"line":34,"column":70},"end":{"line":34,"column":83}}],"line":34},"8":{"loc":{"start":{"line":40,"column":61},"end":{"line":40,"column":90}},"type":"default-arg","locations":[{"start":{"line":40,"column":77},"end":{"line":40,"column":90}}],"line":40},"9":{"loc":{"start":{"line":42,"column":2},"end":{"line":42,"column":60}},"type":"if","locations":[{"start":{"line":42,"column":2},"end":{"line":42,"column":60}},{"start":{},"end":{}}],"line":42},"10":{"loc":{"start":{"line":42,"column":6},"end":{"line":42,"column":47}},"type":"binary-expr","locations":[{"start":{"line":42,"column":6},"end":{"line":42,"column":20}},{"start":{"line":42,"column":24},"end":{"line":42,"column":38}},{"start":{"line":42,"column":42},"end":{"line":42,"column":47}}],"line":42},"11":{"loc":{"start":{"line":43,"column":2},"end":{"line":43,"column":35}},"type":"if","locations":[{"start":{"line":43,"column":2},"end":{"line":43,"column":35}},{"start":{},"end":{}}],"line":43},"12":{"loc":{"start":{"line":51,"column":2},"end":{"line":51,"column":52}},"type":"if","locations":[{"start":{"line":51,"column":2},"end":{"line":51,"column":52}},{"start":{},"end":{}}],"line":51},"13":{"loc":{"start":{"line":69,"column":6},"end":{"line":69,"column":32}},"type":"if","locations":[{"start":{"line":69,"column":6},"end":{"line":69,"column":32}},{"start":{},"end":{}}],"line":69},"14":{"loc":{"start":{"line":77,"column":24},"end":{"line":77,"column":79}},"type":"binary-expr","locations":[{"start":{"line":77,"column":24},"end":{"line":77,"column":41}},{"start":{"line":77,"column":45},"end":{"line":77,"column":79}}],"line":77},"15":{"loc":{"start":{"line":79,"column":23},"end":{"line":79,"column":50}},"type":"binary-expr","locations":[{"start":{"line":79,"column":23},"end":{"line":79,"column":37}},{"start":{"line":79,"column":41},"end":{"line":79,"column":50}}],"line":79},"16":{"loc":{"start":{"line":80,"column":6},"end":{"line":80,"column":35}},"type":"if","locations":[{"start":{"line":80,"column":6},"end":{"line":80,"column":35}},{"start":{},"end":{}}],"line":80},"17":{"loc":{"start":{"line":91,"column":19},"end":{"line":91,"column":74}},"type":"binary-expr","locations":[{"start":{"line":91,"column":19},"end":{"line":91,"column":47}},{"start":{"line":91,"column":51},"end":{"line":91,"column":74}}],"line":91},"18":{"loc":{"start":{"line":95,"column":4},"end":{"line":98,"column":5}},"type":"if","locations":[{"start":{"line":95,"column":4},"end":{"line":98,"column":5}},{"start":{},"end":{}}],"line":95},"19":{"loc":{"start":{"line":108,"column":2},"end":{"line":110,"column":3}},"type":"if","locations":[{"start":{"line":108,"column":2},"end":{"line":110,"column":3}},{"start":{},"end":{}}],"line":108},"20":{"loc":{"start":{"line":109,"column":11},"end":{"line":109,"column":39}},"type":"binary-expr","locations":[{"start":{"line":109,"column":11},"end":{"line":109,"column":31}},{"start":{"line":109,"column":35},"end":{"line":109,"column":39}}],"line":109},"21":{"loc":{"start":{"line":113,"column":2},"end":{"line":116,"column":3}},"type":"if","locations":[{"start":{"line":113,"column":2},"end":{"line":116,"column":3}},{"start":{},"end":{}}],"line":113},"22":{"loc":{"start":{"line":119,"column":2},"end":{"line":126,"column":3}},"type":"if","locations":[{"start":{"line":119,"column":2},"end":{"line":126,"column":3}},{"start":{},"end":{}}],"line":119},"23":{"loc":{"start":{"line":121,"column":4},"end":{"line":125,"column":5}},"type":"if","locations":[{"start":{"line":121,"column":4},"end":{"line":125,"column":5}},{"start":{},"end":{}}],"line":121},"24":{"loc":{"start":{"line":129,"column":2},"end":{"line":133,"column":3}},"type":"if","locations":[{"start":{"line":129,"column":2},"end":{"line":133,"column":3}},{"start":{},"end":{}}],"line":129}},"s":{"0":2,"1":2,"2":2,"3":2,"4":2,"5":2,"6":2,"7":2,"8":2,"9":2,"10":1,"11":0,"12":1,"13":1,"14":1,"15":1,"16":0,"17":0,"18":0,"19":0,"20":2,"21":1,"22":0,"23":1,"24":1,"25":2,"26":1,"27":1,"28":0,"29":1,"30":1,"31":0,"32":0,"33":0,"34":0,"35":0,"36":0,"37":0,"38":0,"39":0,"40":2,"41":0,"42":0,"43":0,"44":0,"45":0,"46":0,"47":0,"48":0,"49":0,"50":0,"51":0,"52":0,"53":0,"54":0,"55":0,"56":2,"57":1,"58":1,"59":1,"60":1,"61":0,"62":0,"63":0,"64":1,"65":2,"66":2,"67":2,"68":1,"69":1,"70":1,"71":0,"72":0,"73":1,"74":1,"75":1,"76":0,"77":0,"78":0,"79":1,"80":1,"81":0,"82":0,"83":0,"84":1,"85":1,"86":1,"87":2},"f":{"0":2,"1":1,"2":1,"3":1,"4":0,"5":1,"6":2},"b":{"0":[2,0],"1":[0,1],"2":[1,1],"3":[1,0],"4":[0,0],"5":[0,1],"6":[1,1],"7":[1,1],"8":[1],"9":[0,1],"10":[1,1,1],"11":[1,0],"12":[0,0],"13":[0,0],"14":[0,0],"15":[0,0],"16":[0,0],"17":[1,1],"18":[0,0],"19":[1,1],"20":[1,1],"21":[0,1],"22":[1,0],"23":[0,1],"24":[0,1]},"_coverageSchema":"1a1c01bbd47fc00a2c39e90264f33305004495a9","hash":"a2565f1b6358d92d09d967dd46762fe64a6dc967"}
}
