TN:
SF:src\App.tsx
FN:16,App
FN:61,(anonymous_1)
FN:80,(anonymous_2)
FN:87,(anonymous_3)
FN:94,(anonymous_4)
FN:101,(anonymous_5)
FN:108,(anonymous_6)
FN:115,(anonymous_7)
FNF:8
FNH:1
FNDA:10,App
FNDA:0,(anonymous_1)
FNDA:0,(anonymous_2)
FNDA:0,(anonymous_3)
FNDA:0,(anonymous_4)
FNDA:0,(anonymous_5)
FNDA:0,(anonymous_6)
FNDA:0,(anonymous_7)
DA:17,10
DA:19,10
DA:61,0
DA:80,0
DA:87,0
DA:94,0
DA:101,0
DA:108,0
DA:115,0
LF:9
LH:2
BRDA:65,0,0,0
BRDA:65,0,1,10
BRDA:72,1,0,0
BRDA:72,1,1,10
BRF:4
BRH:2
end_of_record
TN:
SF:src\api\client.ts
FNF:0
FNH:0
DA:3,7
DA:5,7
LF:2
LH:2
BRDA:3,0,0,7
BRDA:3,0,1,7
BRF:2
BRH:2
end_of_record
TN:
SF:src\components\ScrollToTop.tsx
FN:4,ScrollToTop
FN:7,(anonymous_1)
FNF:2
FNH:2
FNDA:3,ScrollToTop
FNDA:3,(anonymous_1)
DA:5,3
DA:7,3
DA:8,3
DA:11,3
LF:4
LH:4
BRF:0
BRH:0
end_of_record
TN:
SF:src\pages\AboutUs.tsx
FN:4,AboutUs
FNF:1
FNH:1
FNDA:7,AboutUs
DA:5,7
LF:1
LH:1
BRF:0
BRH:0
end_of_record
TN:
SF:src\pages\BackendHealth.tsx
FN:28,BackendHealth
FN:35,(anonymous_1)
FN:37,(anonymous_2)
FN:89,(anonymous_3)
FN:93,(anonymous_4)
FN:96,(anonymous_5)
FN:100,(anonymous_6)
FN:103,(anonymous_7)
FN:116,(anonymous_8)
FN:129,(anonymous_9)
FN:164,(anonymous_10)
FNF:11
FNH:11
FNDA:22,BackendHealth
FNDA:14,(anonymous_1)
FNDA:8,(anonymous_2)
FNDA:7,(anonymous_3)
FNDA:8,(anonymous_4)
FNDA:6,(anonymous_5)
FNDA:7,(anonymous_6)
FNDA:22,(anonymous_7)
FNDA:22,(anonymous_8)
FNDA:43,(anonymous_9)
FNDA:1,(anonymous_10)
DA:29,22
DA:32,21
DA:33,21
DA:35,21
DA:36,14
DA:37,14
DA:42,14
DA:44,14
DA:45,14
DA:46,12
DA:48,12
DA:49,12
DA:50,12
DA:75,2
DA:76,2
DA:85,14
DA:89,21
DA:90,7
DA:93,21
DA:94,8
DA:96,7
DA:97,6
DA:100,7
DA:103,21
DA:104,22
DA:106,5
DA:108,1
DA:110,16
DA:112,0
DA:116,21
DA:117,22
DA:119,5
DA:121,1
DA:123,16
DA:125,0
DA:129,21
DA:130,43
DA:131,43
DA:134,21
DA:164,1
LF:40
LH:38
BRDA:44,0,0,14
BRDA:44,0,1,14
BRDA:48,1,0,12
BRDA:48,1,1,0
BRDA:53,2,0,12
BRDA:53,2,1,0
BRDA:57,3,0,2
BRDA:57,3,1,10
BRDA:59,4,0,2
BRDA:59,4,1,0
BRDA:60,5,0,2
BRDA:60,5,1,0
BRDA:64,6,0,0
BRDA:64,6,1,12
BRDA:66,7,0,0
BRDA:66,7,1,0
BRDA:67,8,0,0
BRDA:67,8,1,0
BRDA:71,9,0,12
BRDA:71,9,1,12
BRDA:79,10,0,2
BRDA:79,10,1,0
BRDA:94,11,0,1
BRDA:94,11,1,7
BRDA:104,12,0,5
BRDA:104,12,1,1
BRDA:104,12,2,16
BRDA:104,12,3,0
BRDA:117,13,0,5
BRDA:117,13,1,1
BRDA:117,13,2,16
BRDA:117,13,3,0
BRDA:156,14,0,16
BRDA:156,14,1,5
BRDA:157,15,0,16
BRDA:157,15,1,5
BRDA:210,16,0,21
BRDA:210,16,1,5
BRDA:219,17,0,21
BRDA:219,17,1,1
BRDA:246,18,0,21
BRDA:246,18,1,0
BRDA:273,19,0,21
BRDA:273,19,1,0
BRDA:275,20,0,0
BRDA:275,20,1,0
BRDA:285,21,0,0
BRDA:285,21,1,0
BRDA:293,22,0,0
BRDA:293,22,1,0
BRDA:296,23,0,0
BRDA:296,23,1,0
BRDA:297,24,0,0
BRDA:297,24,1,0
BRDA:298,25,0,0
BRDA:298,25,1,0
BRDA:298,25,2,0
BRDA:301,26,0,0
BRDA:301,26,1,0
BRDA:304,27,0,0
BRDA:304,27,1,0
BRDA:304,27,2,0
BRDA:305,28,0,0
BRDA:305,28,1,0
BRDA:307,29,0,0
BRDA:307,29,1,0
BRDA:307,29,2,0
BRDA:308,30,0,0
BRDA:308,30,1,0
BRF:69
BRH:30
end_of_record
TN:
SF:src\pages\CarDetail.tsx
FN:73,CarDetail
FN:81,(anonymous_1)
FN:85,(anonymous_2)
FN:91,(anonymous_3)
FN:100,(anonymous_4)
FN:104,(anonymous_5)
FN:110,(anonymous_6)
FN:121,(anonymous_7)
FN:147,(anonymous_8)
FN:150,(anonymous_9)
FN:574,(anonymous_10)
FN:575,(anonymous_11)
FNF:12
FNH:10
FNDA:11,CarDetail
FNDA:5,(anonymous_1)
FNDA:7,(anonymous_2)
FNDA:2,(anonymous_3)
FNDA:2,(anonymous_4)
FNDA:7,(anonymous_5)
FNDA:5,(anonymous_6)
FNDA:2,(anonymous_7)
FNDA:4,(anonymous_8)
FNDA:4,(anonymous_9)
FNDA:0,(anonymous_10)
FNDA:0,(anonymous_11)
DA:74,11
DA:75,10
DA:76,10
DA:77,10
DA:78,10
DA:79,10
DA:81,10
DA:82,5
DA:85,10
DA:86,7
DA:87,5
DA:88,5
DA:90,2
DA:91,2
DA:92,2
DA:93,2
DA:94,2
DA:96,0
DA:99,2
DA:100,2
DA:104,10
DA:105,7
DA:106,2
DA:110,10
DA:111,5
DA:112,5
DA:113,4
DA:115,1
DA:117,5
DA:121,10
DA:122,2
DA:123,2
DA:124,2
DA:125,2
DA:139,2
DA:141,2
DA:143,2
DA:147,10
DA:148,4
DA:150,10
DA:152,10
DA:153,5
DA:160,5
DA:161,1
DA:169,4
DA:170,4
DA:171,4
DA:173,4
DA:574,0
DA:576,0
LF:50
LH:47
BRDA:86,0,0,5
BRDA:86,0,1,2
BRDA:94,1,0,2
BRDA:94,1,1,0
BRDA:105,2,0,2
BRDA:105,2,1,5
BRDA:105,3,0,7
BRDA:105,3,1,2
BRDA:122,4,0,0
BRDA:122,4,1,2
BRDA:150,5,0,4
BRDA:150,5,1,0
BRDA:152,6,0,5
BRDA:152,6,1,5
BRDA:160,7,0,1
BRDA:160,7,1,4
BRDA:169,8,0,0
BRDA:169,8,1,4
BRDA:170,9,0,4
BRDA:170,9,1,0
BRDA:171,10,0,0
BRDA:171,10,1,4
BRDA:186,11,0,1
BRDA:186,11,1,3
BRDA:200,12,0,4
BRDA:200,12,1,4
BRDA:201,13,0,4
BRDA:201,13,1,4
BRDA:201,13,2,4
BRDA:205,14,0,4
BRDA:205,14,1,0
BRDA:210,15,0,4
BRDA:210,15,1,0
BRDA:219,16,0,4
BRDA:219,16,1,0
BRDA:240,17,0,4
BRDA:240,17,1,0
BRDA:250,18,0,4
BRDA:250,18,1,4
BRDA:250,18,2,4
BRDA:250,18,3,4
BRDA:250,18,4,0
BRDA:252,19,0,0
BRDA:252,19,1,0
BRDA:258,20,0,0
BRDA:258,20,1,0
BRDA:264,21,0,0
BRDA:264,21,1,0
BRDA:264,21,2,0
BRDA:270,22,0,0
BRDA:270,22,1,0
BRDA:290,23,0,4
BRDA:290,23,1,4
BRDA:296,24,0,4
BRDA:296,24,1,0
BRDA:302,25,0,4
BRDA:302,25,1,0
BRDA:308,26,0,4
BRDA:308,26,1,0
BRDA:314,27,0,4
BRDA:314,27,1,0
BRDA:314,27,2,0
BRDA:324,28,0,4
BRDA:324,28,1,4
BRDA:330,29,0,4
BRDA:330,29,1,0
BRDA:336,30,0,4
BRDA:336,30,1,0
BRDA:342,31,0,4
BRDA:342,31,1,0
BRDA:348,32,0,4
BRDA:348,32,1,0
BRDA:354,33,0,4
BRDA:354,33,1,0
BRDA:360,34,0,4
BRDA:360,34,1,0
BRDA:371,35,0,4
BRDA:371,35,1,0
BRDA:371,35,2,0
BRDA:371,35,3,0
BRDA:371,35,4,0
BRDA:377,36,0,0
BRDA:377,36,1,0
BRDA:383,37,0,0
BRDA:383,37,1,0
BRDA:389,38,0,0
BRDA:389,38,1,0
BRDA:395,39,0,0
BRDA:395,39,1,0
BRDA:415,40,0,4
BRDA:415,40,1,4
BRDA:421,41,0,4
BRDA:421,41,1,4
BRDA:427,42,0,4
BRDA:427,42,1,4
BRDA:433,43,0,4
BRDA:433,43,1,0
BRDA:439,44,0,4
BRDA:439,44,1,0
BRDA:445,45,0,4
BRDA:445,45,1,0
BRDA:460,46,0,4
BRDA:460,46,1,0
BRDA:466,47,0,4
BRDA:466,47,1,0
BRDA:472,48,0,4
BRDA:472,48,1,0
BRDA:478,49,0,4
BRDA:478,49,1,0
BRDA:484,50,0,4
BRDA:484,50,1,0
BRDA:490,51,0,4
BRDA:490,51,1,0
BRDA:500,52,0,4
BRDA:500,52,1,4
BRDA:500,52,2,4
BRDA:500,52,3,0
BRDA:506,53,0,0
BRDA:506,53,1,0
BRDA:512,54,0,0
BRDA:512,54,1,0
BRDA:518,55,0,0
BRDA:518,55,1,0
BRDA:529,56,0,4
BRDA:529,56,1,4
BRDA:529,56,2,4
BRDA:529,56,3,0
BRDA:535,57,0,0
BRDA:535,57,1,0
BRDA:538,58,0,0
BRDA:538,58,1,0
BRDA:541,59,0,0
BRDA:541,59,1,0
BRDA:544,60,0,0
BRDA:544,60,1,0
BRDA:547,61,0,0
BRDA:547,61,1,0
BRDA:560,62,0,4
BRDA:560,62,1,4
BRDA:568,63,0,4
BRDA:568,63,1,0
BRDA:594,64,0,4
BRDA:594,64,1,0
BRDA:600,65,0,1
BRDA:600,65,1,3
BRDA:618,66,0,0
BRDA:618,66,1,0
BRDA:618,67,0,0
BRDA:618,67,1,0
BRDA:620,68,0,0
BRDA:620,68,1,0
BRDA:620,69,0,0
BRDA:620,69,1,0
BRDA:622,70,0,0
BRDA:622,70,1,0
BRDA:622,71,0,0
BRDA:622,71,1,0
BRDA:623,72,0,0
BRDA:623,72,1,0
BRDA:654,73,0,0
BRDA:654,73,1,4
BRF:161
BRH:74
end_of_record
TN:
SF:src\pages\Cars.tsx
FN:31,Cars
FN:58,(anonymous_1)
FN:62,(anonymous_2)
FN:66,(anonymous_3)
FN:72,(anonymous_4)
FN:75,(anonymous_5)
FN:80,(anonymous_6)
FN:82,(anonymous_7)
FN:95,(anonymous_8)
FN:109,(anonymous_9)
FN:115,(anonymous_10)
FN:118,(anonymous_11)
FN:123,(anonymous_12)
FN:125,(anonymous_13)
FN:149,(anonymous_14)
FN:163,(anonymous_15)
FN:168,(anonymous_16)
FN:178,(anonymous_17)
FN:179,(anonymous_18)
FN:180,(anonymous_19)
FN:181,(anonymous_20)
FN:188,(anonymous_21)
FN:214,(anonymous_22)
FN:232,(anonymous_23)
FN:249,(anonymous_24)
FN:261,(anonymous_25)
FN:275,(anonymous_26)
FN:289,(anonymous_27)
FN:293,(anonymous_28)
FN:302,(anonymous_29)
FN:306,(anonymous_30)
FN:315,(anonymous_31)
FN:319,(anonymous_32)
FN:328,(anonymous_33)
FN:332,(anonymous_34)
FN:343,(anonymous_35)
FN:351,(anonymous_36)
FN:359,(anonymous_37)
FN:367,(anonymous_38)
FN:421,(anonymous_39)
FN:516,(anonymous_40)
FN:526,(anonymous_41)
FN:543,(anonymous_42)
FN:557,(anonymous_43)
FNF:44
FNH:30
FNDA:24,Cars
FNDA:10,(anonymous_1)
FNDA:10,(anonymous_2)
FNDA:10,(anonymous_3)
FNDA:21,(anonymous_4)
FNDA:20,(anonymous_5)
FNDA:8,(anonymous_6)
FNDA:16,(anonymous_7)
FNDA:2,(anonymous_8)
FNDA:8,(anonymous_9)
FNDA:19,(anonymous_10)
FNDA:16,(anonymous_11)
FNDA:8,(anonymous_12)
FNDA:16,(anonymous_13)
FNDA:2,(anonymous_14)
FNDA:8,(anonymous_15)
FNDA:10,(anonymous_16)
FNDA:20,(anonymous_17)
FNDA:20,(anonymous_18)
FNDA:20,(anonymous_19)
FNDA:20,(anonymous_20)
FNDA:10,(anonymous_21)
FNDA:90,(anonymous_22)
FNDA:24,(anonymous_23)
FNDA:0,(anonymous_24)
FNDA:0,(anonymous_25)
FNDA:2,(anonymous_26)
FNDA:0,(anonymous_27)
FNDA:4,(anonymous_28)
FNDA:0,(anonymous_29)
FNDA:4,(anonymous_30)
FNDA:0,(anonymous_31)
FNDA:4,(anonymous_32)
FNDA:0,(anonymous_33)
FNDA:4,(anonymous_34)
FNDA:0,(anonymous_35)
FNDA:0,(anonymous_36)
FNDA:0,(anonymous_37)
FNDA:0,(anonymous_38)
FNDA:24,(anonymous_39)
FNDA:0,(anonymous_40)
FNDA:0,(anonymous_41)
FNDA:0,(anonymous_42)
FNDA:0,(anonymous_43)
DA:32,24
DA:33,23
DA:34,23
DA:35,23
DA:36,23
DA:37,23
DA:38,23
DA:39,23
DA:50,23
DA:51,23
DA:58,23
DA:59,10
DA:62,23
DA:63,10
DA:66,23
DA:67,10
DA:69,10
DA:72,23
DA:73,21
DA:75,20
DA:76,10
DA:78,8
DA:80,8
DA:81,8
DA:83,16
DA:89,16
DA:93,8
DA:95,5
DA:96,2
DA:97,2
DA:98,2
DA:99,4
DA:100,4
DA:101,4
DA:104,2
DA:108,8
DA:109,8
DA:110,8
DA:115,23
DA:116,19
DA:118,16
DA:119,8
DA:121,8
DA:123,8
DA:124,8
DA:126,16
DA:127,16
DA:139,16
DA:141,16
DA:142,16
DA:147,8
DA:149,5
DA:150,2
DA:151,2
DA:152,2
DA:153,4
DA:154,0
DA:155,0
DA:158,2
DA:162,8
DA:163,8
DA:164,8
DA:168,23
DA:169,10
DA:171,10
DA:175,10
DA:176,10
DA:177,10
DA:178,20
DA:179,20
DA:180,20
DA:181,20
DA:184,0
DA:188,23
DA:189,10
DA:190,10
DA:191,10
DA:194,10
DA:195,0
DA:199,10
DA:209,10
DA:210,10
DA:211,10
DA:214,10
DA:215,90
DA:218,10
DA:219,10
DA:220,10
DA:221,10
DA:223,0
DA:225,10
DA:230,23
DA:232,23
DA:233,24
DA:235,23
DA:250,0
DA:251,0
DA:262,0
DA:263,0
DA:275,2
DA:289,0
DA:294,4
DA:302,0
DA:307,4
DA:315,0
DA:320,4
DA:328,0
DA:333,4
DA:343,0
DA:351,0
DA:359,0
DA:367,0
DA:422,24
DA:423,24
DA:424,24
DA:426,24
DA:516,0
DA:528,0
DA:529,0
DA:530,0
DA:531,0
DA:532,0
DA:533,0
DA:535,0
DA:538,0
DA:540,0
DA:543,0
DA:557,0
LF:128
LH:99
BRDA:73,0,0,11
BRDA:73,0,1,10
BRDA:76,1,0,2
BRDA:76,1,1,8
BRDA:93,2,0,3
BRDA:93,2,1,5
BRDA:99,3,0,4
BRDA:99,3,1,0
BRDA:104,4,0,2
BRDA:104,4,1,0
BRDA:116,5,0,11
BRDA:116,5,1,8
BRDA:119,6,0,0
BRDA:119,6,1,8
BRDA:135,7,0,16
BRDA:135,7,1,0
BRDA:147,8,0,3
BRDA:147,8,1,5
BRDA:153,9,0,0
BRDA:153,9,1,4
BRDA:153,10,0,4
BRDA:153,10,1,0
BRDA:158,11,0,0
BRDA:158,11,1,2
BRDA:175,12,0,10
BRDA:175,12,1,0
BRDA:176,13,0,10
BRDA:176,13,1,0
BRDA:179,14,0,10
BRDA:179,14,1,0
BRDA:180,15,0,10
BRDA:180,15,1,0
BRDA:181,16,0,10
BRDA:181,16,1,0
BRDA:194,17,0,0
BRDA:194,17,1,10
BRDA:209,18,0,10
BRDA:209,18,1,0
BRDA:215,19,0,0
BRDA:215,19,1,90
BRDA:215,20,0,90
BRDA:215,20,1,10
BRDA:219,21,0,10
BRDA:219,21,1,0
BRDA:220,22,0,10
BRDA:220,22,1,1
BRDA:285,23,0,23
BRDA:285,23,1,2
BRDA:405,24,0,23
BRDA:405,24,1,13
BRDA:405,24,2,0
BRDA:415,25,0,10
BRDA:415,25,1,13
BRDA:422,26,0,24
BRDA:422,26,1,16
BRDA:424,27,0,0
BRDA:424,27,1,24
BRDA:433,28,0,8
BRDA:433,28,1,16
BRDA:455,29,0,0
BRDA:455,29,1,24
BRDA:461,30,0,0
BRDA:461,30,1,0
BRDA:461,31,0,0
BRDA:461,31,1,0
BRDA:463,32,0,0
BRDA:463,32,1,0
BRDA:463,33,0,0
BRDA:463,33,1,0
BRDA:464,34,0,0
BRDA:464,34,1,0
BRDA:464,35,0,0
BRDA:464,35,1,0
BRDA:466,36,0,0
BRDA:466,36,1,0
BRDA:466,37,0,0
BRDA:466,37,1,0
BRDA:467,38,0,0
BRDA:467,38,1,0
BRDA:484,39,0,24
BRDA:484,39,1,0
BRDA:488,40,0,24
BRDA:488,40,1,0
BRDA:488,41,0,24
BRDA:488,41,1,0
BRDA:492,42,0,24
BRDA:492,42,1,0
BRDA:492,43,0,24
BRDA:492,43,1,0
BRDA:502,44,0,23
BRDA:502,44,1,13
BRDA:502,44,2,1
BRDA:511,45,0,23
BRDA:511,45,1,13
BRDA:511,45,2,12
BRDA:511,45,3,0
BRDA:528,46,0,0
BRDA:528,46,1,0
BRDA:530,47,0,0
BRDA:530,47,1,0
BRDA:532,48,0,0
BRDA:532,48,1,0
BRDA:545,49,0,0
BRDA:545,49,1,0
BRF:104
BRH:53
end_of_record
TN:
SF:src\pages\Home.tsx
FN:4,Home
FNF:1
FNH:1
FNDA:31,Home
DA:5,31
LF:1
LH:1
BRF:0
BRH:0
end_of_record
TN:
SF:src\pages\HowItWorks.tsx
FN:4,HowItWorks
FNF:1
FNH:1
FNDA:7,HowItWorks
DA:5,7
LF:1
LH:1
BRF:0
BRH:0
end_of_record
TN:
SF:src\pages\MarketStatistics.tsx
FN:57,MarketStatistics
FN:62,(anonymous_1)
FN:63,(anonymous_2)
FN:134,(anonymous_3)
FN:180,(anonymous_4)
FN:189,(anonymous_5)
FN:283,(anonymous_6)
FN:284,(anonymous_7)
FN:286,(anonymous_8)
FN:322,(anonymous_9)
FN:323,(anonymous_10)
FN:343,(anonymous_11)
FN:348,(anonymous_12)
FN:369,(anonymous_13)
FN:374,(anonymous_14)
FN:395,(anonymous_15)
FN:396,(anonymous_16)
FN:423,(anonymous_17)
FN:424,(anonymous_18)
FN:468,(anonymous_19)
FN:472,(anonymous_20)
FN:497,(anonymous_21)
FN:498,(anonymous_22)
FNF:23
FNH:10
FNDA:13,MarketStatistics
FNDA:7,(anonymous_1)
FNDA:7,(anonymous_2)
FNDA:0,(anonymous_3)
FNDA:15,(anonymous_4)
FNDA:10,(anonymous_5)
FNDA:0,(anonymous_6)
FNDA:0,(anonymous_7)
FNDA:10,(anonymous_8)
FNDA:0,(anonymous_9)
FNDA:0,(anonymous_10)
FNDA:0,(anonymous_11)
FNDA:10,(anonymous_12)
FNDA:0,(anonymous_13)
FNDA:10,(anonymous_14)
FNDA:0,(anonymous_15)
FNDA:0,(anonymous_16)
FNDA:0,(anonymous_17)
FNDA:0,(anonymous_18)
FNDA:5,(anonymous_19)
FNDA:10,(anonymous_20)
FNDA:0,(anonymous_21)
FNDA:0,(anonymous_22)
DA:55,2
DA:58,13
DA:59,13
DA:60,13
DA:62,13
DA:63,7
DA:64,7
DA:65,7
DA:66,7
DA:67,5
DA:68,5
DA:70,1
DA:71,1
DA:73,6
DA:77,7
DA:80,13
DA:81,7
DA:91,6
DA:92,1
DA:134,0
DA:180,5
DA:181,15
DA:189,5
DA:190,10
DA:193,5
DA:283,0
DA:284,0
DA:287,10
DA:322,0
DA:323,0
DA:343,0
DA:349,10
DA:369,0
DA:375,10
DA:395,0
DA:397,0
DA:398,0
DA:423,0
DA:424,0
DA:469,5
DA:473,10
DA:497,0
DA:498,0
LF:43
LH:29
BRDA:80,0,0,7
BRDA:80,0,1,6
BRDA:91,1,0,1
BRDA:91,1,1,5
BRDA:91,2,0,6
BRDA:91,2,1,5
BRDA:106,3,0,1
BRDA:106,3,1,0
BRDA:110,4,0,1
BRDA:110,4,1,0
BRDA:397,5,0,0
BRDA:397,5,1,0
BRF:12
BRH:8
end_of_record
TN:
SF:src\pages\NotFound.tsx
FN:4,NotFound
FN:66,(anonymous_1)
FNF:2
FNH:1
FNDA:4,NotFound
FNDA:0,(anonymous_1)
DA:5,4
DA:66,0
LF:2
LH:1
BRF:0
BRH:0
end_of_record
TN:
SF:src\pages\Predict.tsx
FN:16,Predict
FN:44,(anonymous_1)
FN:45,(anonymous_2)
FN:48,(anonymous_3)
FN:58,(anonymous_4)
FN:65,(anonymous_5)
FN:69,(anonymous_6)
FN:81,(anonymous_7)
FN:87,(anonymous_8)
FN:108,(anonymous_9)
FN:120,(anonymous_10)
FN:126,(anonymous_11)
FN:138,(anonymous_12)
FN:159,(anonymous_13)
FN:165,(anonymous_14)
FN:176,(anonymous_15)
FN:251,(anonymous_16)
FN:257,(anonymous_17)
FN:266,(anonymous_18)
FN:275,(anonymous_19)
FN:285,(anonymous_20)
FN:298,(anonymous_21)
FN:321,(anonymous_22)
FN:326,(anonymous_23)
FN:351,(anonymous_24)
FN:356,(anonymous_25)
FN:376,(anonymous_26)
FN:389,(anonymous_27)
FN:413,(anonymous_28)
FN:418,(anonymous_29)
FN:442,(anonymous_30)
FN:456,(anonymous_31)
FN:460,(anonymous_32)
FN:468,(anonymous_33)
FNF:34
FNH:11
FNDA:17,Predict
FNDA:6,(anonymous_1)
FNDA:6,(anonymous_2)
FNDA:18,(anonymous_3)
FNDA:6,(anonymous_4)
FNDA:0,(anonymous_5)
FNDA:0,(anonymous_6)
FNDA:6,(anonymous_7)
FNDA:0,(anonymous_8)
FNDA:0,(anonymous_9)
FNDA:6,(anonymous_10)
FNDA:0,(anonymous_11)
FNDA:0,(anonymous_12)
FNDA:0,(anonymous_13)
FNDA:16,(anonymous_14)
FNDA:128,(anonymous_15)
FNDA:0,(anonymous_16)
FNDA:12,(anonymous_17)
FNDA:0,(anonymous_18)
FNDA:0,(anonymous_19)
FNDA:0,(anonymous_20)
FNDA:0,(anonymous_21)
FNDA:0,(anonymous_22)
FNDA:0,(anonymous_23)
FNDA:0,(anonymous_24)
FNDA:0,(anonymous_25)
FNDA:0,(anonymous_26)
FNDA:0,(anonymous_27)
FNDA:0,(anonymous_28)
FNDA:0,(anonymous_29)
FNDA:0,(anonymous_30)
FNDA:0,(anonymous_31)
FNDA:176,(anonymous_32)
FNDA:0,(anonymous_33)
DA:6,1
DA:17,17
DA:18,16
DA:19,16
DA:20,16
DA:21,16
DA:22,16
DA:24,16
DA:39,16
DA:40,16
DA:41,16
DA:44,16
DA:45,6
DA:46,6
DA:47,6
DA:48,18
DA:49,6
DA:51,0
DA:54,6
DA:58,16
DA:59,6
DA:60,6
DA:61,6
DA:62,6
DA:65,0
DA:66,0
DA:67,0
DA:68,0
DA:69,0
DA:70,0
DA:72,0
DA:74,0
DA:77,0
DA:81,16
DA:82,6
DA:83,6
DA:84,6
DA:87,0
DA:88,0
DA:89,0
DA:90,0
DA:91,0
DA:92,0
DA:95,0
DA:97,0
DA:98,0
DA:100,0
DA:101,0
DA:103,0
DA:104,0
DA:107,0
DA:108,0
DA:111,0
DA:113,0
DA:116,0
DA:120,16
DA:121,6
DA:122,6
DA:123,6
DA:126,0
DA:127,0
DA:133,0
DA:135,0
DA:138,16
DA:139,0
DA:140,0
DA:141,0
DA:143,0
DA:144,0
DA:150,0
DA:151,0
DA:153,0
DA:155,0
DA:159,16
DA:160,0
DA:162,16
DA:165,16
DA:166,16
DA:176,128
DA:177,16
DA:180,16
DA:182,16
DA:252,0
DA:257,12
DA:267,0
DA:275,0
DA:285,0
DA:298,0
DA:321,0
DA:327,0
DA:351,0
DA:357,0
DA:376,0
DA:389,0
DA:413,0
DA:419,0
DA:442,0
DA:456,0
DA:460,176
DA:468,0
LF:100
LH:42
BRDA:59,0,0,6
BRDA:59,0,1,0
BRDA:82,1,0,6
BRDA:82,1,1,0
BRDA:82,2,0,6
BRDA:82,2,1,0
BRDA:97,3,0,0
BRDA:97,3,1,0
BRDA:100,4,0,0
BRDA:100,4,1,0
BRDA:103,5,0,0
BRDA:103,5,1,0
BRDA:107,6,0,0
BRDA:107,6,1,0
BRDA:121,7,0,6
BRDA:121,7,1,0
BRDA:121,8,0,6
BRDA:121,8,1,0
BRDA:121,8,2,0
BRDA:146,9,0,0
BRDA:146,9,1,0
BRDA:147,10,0,0
BRDA:147,10,1,0
BRDA:148,11,0,0
BRDA:148,11,1,0
BRDA:153,12,0,0
BRDA:153,12,1,0
BRDA:176,13,0,128
BRDA:176,13,1,16
BRDA:212,14,0,0
BRDA:212,14,1,16
BRDA:229,15,0,16
BRDA:229,15,1,0
BRDA:231,16,0,0
BRDA:231,16,1,0
BRDA:269,17,0,16
BRDA:269,17,1,0
BRDA:273,18,0,0
BRDA:273,18,1,16
BRDA:273,19,0,0
BRDA:273,19,1,16
BRDA:309,20,0,0
BRDA:309,20,1,16
BRDA:316,21,0,16
BRDA:316,21,1,0
BRDA:322,22,0,16
BRDA:322,22,1,0
BRDA:325,23,0,16
BRDA:325,23,1,0
BRDA:331,24,0,16
BRDA:331,24,1,16
BRDA:331,24,2,0
BRDA:346,25,0,16
BRDA:346,25,1,0
BRDA:352,26,0,16
BRDA:352,26,1,0
BRDA:355,27,0,16
BRDA:355,27,1,0
BRDA:361,28,0,16
BRDA:361,28,1,16
BRDA:361,28,2,0
BRDA:382,29,0,16
BRDA:382,29,1,16
BRDA:408,30,0,16
BRDA:408,30,1,0
BRDA:414,31,0,16
BRDA:414,31,1,0
BRDA:417,32,0,16
BRDA:417,32,1,0
BRDA:423,33,0,16
BRDA:423,33,1,16
BRDA:423,33,2,0
BRDA:479,34,0,16
BRDA:479,34,1,0
BRDA:491,35,0,0
BRDA:491,35,1,16
BRDA:504,36,0,0
BRDA:504,36,1,16
BRDA:570,37,0,0
BRDA:570,37,1,0
BRF:80
BRH:33
end_of_record
TN:
SF:src\utils\carImages.ts
FN:16,(anonymous_0)
FN:19,(anonymous_1)
FN:31,(anonymous_2)
FN:40,(anonymous_3)
FN:55,(anonymous_4)
FN:88,(anonymous_5)
FNF:6
FNH:5
FNDA:2,(anonymous_0)
FNDA:1,(anonymous_1)
FNDA:1,(anonymous_2)
FNDA:1,(anonymous_3)
FNDA:0,(anonymous_4)
FNDA:2,(anonymous_5)
DA:8,2
DA:9,2
DA:10,2
DA:11,2
DA:12,2
DA:13,2
DA:14,2
DA:16,2
DA:17,2
DA:19,2
DA:20,1
DA:21,1
DA:22,1
DA:23,1
DA:24,0
DA:25,0
DA:27,0
DA:31,2
DA:32,1
DA:33,1
DA:34,1
DA:40,2
DA:41,1
DA:42,1
DA:44,1
DA:45,1
DA:46,1
DA:47,1
DA:48,1
DA:49,1
DA:50,1
DA:52,1
DA:55,2
DA:56,0
DA:57,0
DA:59,0
DA:61,0
DA:66,0
DA:67,0
DA:68,0
DA:69,0
DA:76,0
DA:77,0
DA:78,0
DA:79,0
DA:85,0
DA:88,2
DA:89,2
DA:91,2
DA:92,1
DA:95,1
DA:96,1
DA:97,0
DA:98,0
DA:101,1
DA:102,1
DA:103,1
DA:104,1
DA:105,1
DA:108,0
DA:109,0
DA:110,0
DA:111,0
DA:114,2
LF:64
LH:42
BRDA:17,0,0,2
BRDA:17,0,1,0
BRDA:20,1,0,0
BRDA:20,1,1,1
BRDA:20,2,0,1
BRDA:20,2,1,1
BRDA:23,3,0,1
BRDA:23,3,1,0
BRDA:24,4,0,0
BRDA:24,4,1,0
BRDA:32,5,0,0
BRDA:32,5,1,1
BRDA:32,6,0,1
BRDA:32,6,1,1
BRDA:34,7,0,1
BRDA:34,7,1,0
BRDA:40,8,0,1
BRDA:42,9,0,0
BRDA:42,9,1,1
BRDA:42,10,0,1
BRDA:42,10,1,1
BRDA:42,10,2,1
BRDA:50,11,0,1
BRDA:50,11,1,0
BRDA:68,12,0,0
BRDA:68,12,1,0
BRDA:76,13,0,0
BRDA:76,13,1,0
BRDA:78,14,0,0
BRDA:78,14,1,0
BRDA:79,15,0,0
BRDA:79,15,1,0
BRDA:91,16,0,1
BRDA:91,16,1,1
BRDA:92,17,0,1
BRDA:92,17,1,0
BRDA:96,18,0,0
BRDA:96,18,1,1
BRDA:102,19,0,1
BRDA:102,19,1,0
BRF:40
BRH:20
end_of_record
