TN:
SF:src/App.tsx
FN:16,Navigation
FN:20,(anonymous_1)
FN:27,(anonymous_2)
FN:34,(anonymous_3)
FN:82,(anonymous_4)
FN:101,(anonymous_5)
FN:108,(anonymous_6)
FN:115,(anonymous_7)
FN:122,(anonymous_8)
FN:129,(anonymous_9)
FN:136,(anonymous_10)
FN:143,(anonymous_11)
FN:151,(anonymous_12)
FN:164,App
FNF:14
FNH:5
FNDA:10,Navigation
FNDA:140,(anonymous_1)
FNDA:70,(anonymous_2)
FNDA:70,(anonymous_3)
FNDA:0,(anonymous_4)
FNDA:0,(anonymous_5)
FNDA:0,(anonymous_6)
FNDA:0,(anonymous_7)
FNDA:0,(anonymous_8)
FNDA:0,(anonymous_9)
FNDA:0,(anonymous_10)
FNDA:0,(anonymous_11)
FNDA:0,(anonymous_12)
FNDA:10,App
DA:17,10
DA:18,10
DA:20,10
DA:21,140
DA:22,0
DA:24,140
DA:27,10
DA:28,70
DA:34,10
DA:35,70
DA:41,10
DA:82,0
DA:101,0
DA:108,0
DA:115,0
DA:122,0
DA:129,0
DA:136,0
DA:143,0
DA:151,0
DA:165,10
LF:21
LH:11
BRDA:21,0,0,0
BRDA:21,0,1,140
BRDA:29,1,0,0
BRDA:29,1,1,70
BRDA:36,2,0,0
BRDA:36,2,1,70
BRDA:86,3,0,0
BRDA:86,3,1,10
BRDA:93,4,0,0
BRDA:93,4,1,10
BRF:10
BRH:5
end_of_record
TN:
SF:src/api/client.ts
FNF:0
FNH:0
DA:3,7
DA:5,7
LF:2
LH:2
BRDA:3,0,0,7
BRDA:3,0,1,7
BRF:2
BRH:2
end_of_record
TN:
SF:src/components/ScrollToTop.tsx
FN:4,ScrollToTop
FN:7,(anonymous_1)
FNF:2
FNH:2
FNDA:3,ScrollToTop
FNDA:3,(anonymous_1)
DA:5,3
DA:7,3
DA:8,3
DA:11,3
LF:4
LH:4
BRF:0
BRH:0
end_of_record
TN:
SF:src/pages/AboutUs.tsx
FN:4,AboutUs
FNF:1
FNH:1
FNDA:7,AboutUs
DA:5,7
LF:1
LH:1
BRF:0
BRH:0
end_of_record
TN:
SF:src/pages/BackendHealth.tsx
FN:79,BackendHealth
FN:89,(anonymous_1)
FN:91,(anonymous_2)
FN:146,(anonymous_3)
FN:162,(anonymous_4)
FN:174,(anonymous_5)
FN:189,(anonymous_6)
FN:201,(anonymous_7)
FN:205,(anonymous_8)
FN:208,(anonymous_9)
FN:212,(anonymous_10)
FN:215,(anonymous_11)
FN:228,(anonymous_12)
FN:241,(anonymous_13)
FN:276,(anonymous_14)
FN:441,(anonymous_15)
FN:623,(anonymous_16)
FN:643,(anonymous_17)
FN:680,(anonymous_18)
FN:687,(anonymous_19)
FN:694,(anonymous_20)
FN:735,(anonymous_21)
FNF:22
FNH:11
FNDA:22,BackendHealth
FNDA:14,(anonymous_1)
FNDA:8,(anonymous_2)
FNDA:0,(anonymous_3)
FNDA:0,(anonymous_4)
FNDA:0,(anonymous_5)
FNDA:0,(anonymous_6)
FNDA:7,(anonymous_7)
FNDA:8,(anonymous_8)
FNDA:6,(anonymous_9)
FNDA:7,(anonymous_10)
FNDA:22,(anonymous_11)
FNDA:22,(anonymous_12)
FNDA:43,(anonymous_13)
FNDA:1,(anonymous_14)
FNDA:0,(anonymous_15)
FNDA:0,(anonymous_16)
FNDA:0,(anonymous_17)
FNDA:0,(anonymous_18)
FNDA:0,(anonymous_19)
FNDA:0,(anonymous_20)
FNDA:0,(anonymous_21)
DA:80,22
DA:83,21
DA:84,21
DA:85,21
DA:86,21
DA:87,21
DA:89,21
DA:90,14
DA:91,14
DA:96,14
DA:98,14
DA:99,14
DA:100,12
DA:102,12
DA:103,12
DA:104,12
DA:132,2
DA:133,2
DA:142,14
DA:146,21
DA:147,0
DA:148,0
DA:149,0
DA:150,0
DA:156,0
DA:158,0
DA:159,0
DA:160,0
DA:162,0
DA:164,0
DA:167,0
DA:168,0
DA:170,0
DA:174,21
DA:175,0
DA:176,0
DA:177,0
DA:178,0
DA:183,0
DA:185,0
DA:186,0
DA:187,0
DA:189,0
DA:191,0
DA:194,0
DA:195,0
DA:197,0
DA:201,21
DA:202,7
DA:205,21
DA:206,8
DA:208,7
DA:209,6
DA:212,7
DA:215,21
DA:216,22
DA:218,5
DA:220,1
DA:222,16
DA:224,0
DA:228,21
DA:229,22
DA:231,5
DA:233,1
DA:235,16
DA:237,0
DA:241,21
DA:242,43
DA:243,43
DA:246,21
DA:276,1
DA:442,0
DA:623,0
DA:643,0
DA:680,0
DA:687,0
DA:694,0
DA:735,0
LF:78
LH:43
BRDA:98,0,0,14
BRDA:98,0,1,14
BRDA:102,1,0,12
BRDA:102,1,1,0
BRDA:107,2,0,12
BRDA:107,2,1,0
BRDA:111,3,0,2
BRDA:111,3,1,10
BRDA:113,4,0,2
BRDA:113,4,1,0
BRDA:114,5,0,2
BRDA:114,5,1,0
BRDA:118,6,0,0
BRDA:118,6,1,12
BRDA:120,7,0,0
BRDA:120,7,1,0
BRDA:121,8,0,0
BRDA:121,8,1,0
BRDA:125,9,0,12
BRDA:125,9,1,12
BRDA:126,10,0,12
BRDA:126,10,1,12
BRDA:127,11,0,12
BRDA:127,11,1,12
BRDA:128,12,0,12
BRDA:128,12,1,12
BRDA:136,13,0,2
BRDA:136,13,1,0
BRDA:149,14,0,0
BRDA:149,14,1,0
BRDA:158,15,0,0
BRDA:158,15,1,0
BRDA:177,16,0,0
BRDA:177,16,1,0
BRDA:185,17,0,0
BRDA:185,17,1,0
BRDA:206,18,0,1
BRDA:206,18,1,7
BRDA:216,19,0,5
BRDA:216,19,1,1
BRDA:216,19,2,16
BRDA:216,19,3,0
BRDA:229,20,0,5
BRDA:229,20,1,1
BRDA:229,20,2,16
BRDA:229,20,3,0
BRDA:268,21,0,16
BRDA:268,21,1,5
BRDA:269,22,0,16
BRDA:269,22,1,5
BRDA:322,23,0,21
BRDA:322,23,1,5
BRDA:331,24,0,21
BRDA:331,24,1,1
BRDA:358,25,0,21
BRDA:358,25,1,0
BRDA:385,26,0,21
BRDA:385,26,1,0
BRDA:387,27,0,0
BRDA:387,27,1,0
BRDA:397,28,0,0
BRDA:397,28,1,0
BRDA:405,29,0,0
BRDA:405,29,1,0
BRDA:408,30,0,0
BRDA:408,30,1,0
BRDA:409,31,0,0
BRDA:409,31,1,0
BRDA:410,32,0,0
BRDA:410,32,1,0
BRDA:410,32,2,0
BRDA:413,33,0,0
BRDA:413,33,1,0
BRDA:416,34,0,0
BRDA:416,34,1,0
BRDA:416,34,2,0
BRDA:417,35,0,0
BRDA:417,35,1,0
BRDA:419,36,0,0
BRDA:419,36,1,0
BRDA:419,36,2,0
BRDA:420,37,0,0
BRDA:420,37,1,0
BRDA:428,38,0,21
BRDA:428,38,1,0
BRDA:428,38,2,0
BRDA:428,38,3,0
BRDA:448,39,0,0
BRDA:448,39,1,0
BRDA:455,40,0,0
BRDA:455,40,1,0
BRDA:458,41,0,0
BRDA:458,41,1,0
BRDA:469,42,0,21
BRDA:469,42,1,0
BRDA:469,42,2,0
BRDA:470,43,0,0
BRDA:470,43,1,0
BRDA:477,44,0,0
BRDA:477,44,1,0
BRDA:485,45,0,0
BRDA:485,45,1,0
BRDA:493,46,0,0
BRDA:493,46,1,0
BRDA:495,47,0,0
BRDA:495,47,1,0
BRDA:504,48,0,0
BRDA:504,48,1,0
BRDA:507,49,0,0
BRDA:507,49,1,0
BRDA:516,50,0,21
BRDA:516,50,1,0
BRDA:516,50,2,0
BRDA:517,51,0,0
BRDA:517,51,1,0
BRDA:517,52,0,0
BRDA:517,52,1,0
BRDA:517,53,0,0
BRDA:517,53,1,0
BRDA:524,54,0,0
BRDA:524,54,1,0
BRDA:524,54,2,0
BRDA:524,54,3,0
BRDA:527,55,0,0
BRDA:527,55,1,0
BRDA:532,56,0,0
BRDA:532,56,1,0
BRDA:534,57,0,0
BRDA:534,57,1,0
BRDA:536,58,0,0
BRDA:536,58,1,0
BRDA:543,59,0,0
BRDA:543,59,1,0
BRDA:550,60,0,0
BRDA:550,60,1,0
BRDA:555,61,0,0
BRDA:555,61,1,0
BRDA:563,62,0,0
BRDA:563,62,1,0
BRDA:563,63,0,0
BRDA:563,63,1,0
BRDA:563,64,0,0
BRDA:563,64,1,0
BRDA:564,65,0,0
BRDA:564,65,1,0
BRDA:567,66,0,0
BRDA:567,66,1,0
BRDA:570,67,0,0
BRDA:570,67,1,0
BRDA:573,68,0,0
BRDA:573,68,1,0
BRDA:573,68,2,0
BRDA:575,69,0,0
BRDA:575,69,1,0
BRDA:577,70,0,0
BRDA:577,70,1,0
BRDA:583,71,0,0
BRDA:583,71,1,0
BRDA:583,71,2,0
BRDA:586,72,0,0
BRDA:586,72,1,0
BRDA:595,73,0,21
BRDA:595,73,1,21
BRDA:624,74,0,21
BRDA:624,74,1,21
BRDA:628,75,0,0
BRDA:628,75,1,21
BRDA:636,76,0,21
BRDA:636,76,1,21
BRDA:636,76,2,21
BRDA:636,76,3,0
BRDA:639,77,0,0
BRDA:639,77,1,0
BRDA:644,78,0,21
BRDA:644,78,1,21
BRDA:644,78,2,21
BRDA:644,78,3,21
BRDA:648,79,0,0
BRDA:648,79,1,21
BRDA:649,80,0,0
BRDA:649,80,1,21
BRDA:649,81,0,21
BRDA:649,81,1,21
BRDA:657,82,0,21
BRDA:657,82,1,0
BRDA:705,83,0,21
BRDA:705,83,1,0
BRDA:732,84,0,0
BRDA:732,84,1,0
BRF:189
BRH:57
end_of_record
TN:
SF:src/pages/CarDetail.tsx
FN:75,CarDetail
FN:83,(anonymous_1)
FN:87,(anonymous_2)
FN:93,(anonymous_3)
FN:102,(anonymous_4)
FN:106,(anonymous_5)
FN:112,(anonymous_6)
FN:123,(anonymous_7)
FN:149,(anonymous_8)
FN:152,(anonymous_9)
FN:600,(anonymous_10)
FN:601,(anonymous_11)
FNF:12
FNH:10
FNDA:11,CarDetail
FNDA:5,(anonymous_1)
FNDA:7,(anonymous_2)
FNDA:2,(anonymous_3)
FNDA:2,(anonymous_4)
FNDA:7,(anonymous_5)
FNDA:5,(anonymous_6)
FNDA:2,(anonymous_7)
FNDA:4,(anonymous_8)
FNDA:4,(anonymous_9)
FNDA:0,(anonymous_10)
FNDA:0,(anonymous_11)
DA:76,11
DA:77,10
DA:78,10
DA:79,10
DA:80,10
DA:81,10
DA:83,10
DA:84,5
DA:87,10
DA:88,7
DA:89,5
DA:90,5
DA:92,2
DA:93,2
DA:94,2
DA:95,2
DA:96,2
DA:98,0
DA:101,2
DA:102,2
DA:106,10
DA:107,7
DA:108,2
DA:112,10
DA:113,5
DA:114,5
DA:115,4
DA:117,1
DA:119,5
DA:123,10
DA:124,2
DA:125,2
DA:126,2
DA:127,2
DA:141,2
DA:143,2
DA:145,2
DA:149,10
DA:150,4
DA:152,10
DA:154,10
DA:155,5
DA:162,5
DA:163,1
DA:171,4
DA:172,4
DA:173,4
DA:175,4
DA:600,0
DA:602,0
LF:50
LH:47
BRDA:88,0,0,5
BRDA:88,0,1,2
BRDA:96,1,0,2
BRDA:96,1,1,0
BRDA:107,2,0,2
BRDA:107,2,1,5
BRDA:107,3,0,7
BRDA:107,3,1,2
BRDA:124,4,0,0
BRDA:124,4,1,2
BRDA:152,5,0,4
BRDA:152,5,1,0
BRDA:154,6,0,5
BRDA:154,6,1,5
BRDA:162,7,0,1
BRDA:162,7,1,4
BRDA:171,8,0,0
BRDA:171,8,1,4
BRDA:172,9,0,4
BRDA:172,9,1,0
BRDA:173,10,0,0
BRDA:173,10,1,4
BRDA:189,11,0,4
BRDA:189,11,1,4
BRDA:202,12,0,4
BRDA:202,12,1,4
BRDA:203,13,0,4
BRDA:203,13,1,4
BRDA:203,13,2,4
BRDA:207,14,0,4
BRDA:207,14,1,0
BRDA:212,15,0,4
BRDA:212,15,1,0
BRDA:221,16,0,4
BRDA:221,16,1,0
BRDA:242,17,0,4
BRDA:242,17,1,0
BRDA:252,18,0,4
BRDA:252,18,1,4
BRDA:252,18,2,4
BRDA:252,18,3,4
BRDA:252,18,4,4
BRDA:252,18,5,0
BRDA:252,18,6,0
BRDA:252,18,7,0
BRDA:252,18,8,4
BRDA:254,19,0,4
BRDA:254,19,1,0
BRDA:260,20,0,4
BRDA:260,20,1,0
BRDA:266,21,0,4
BRDA:266,21,1,0
BRDA:272,22,0,4
BRDA:272,22,1,4
BRDA:278,23,0,4
BRDA:278,23,1,4
BRDA:284,24,0,4
BRDA:284,24,1,4
BRDA:290,25,0,4
BRDA:290,25,1,0
BRDA:296,26,0,4
BRDA:296,26,1,0
BRDA:316,27,0,4
BRDA:316,27,1,4
BRDA:322,28,0,4
BRDA:322,28,1,0
BRDA:328,29,0,4
BRDA:328,29,1,0
BRDA:334,30,0,4
BRDA:334,30,1,0
BRDA:340,31,0,4
BRDA:340,31,1,0
BRDA:340,31,2,0
BRDA:350,32,0,4
BRDA:350,32,1,4
BRDA:356,33,0,4
BRDA:356,33,1,0
BRDA:362,34,0,4
BRDA:362,34,1,0
BRDA:368,35,0,4
BRDA:368,35,1,0
BRDA:374,36,0,4
BRDA:374,36,1,0
BRDA:380,37,0,4
BRDA:380,37,1,0
BRDA:386,38,0,4
BRDA:386,38,1,0
BRDA:397,39,0,4
BRDA:397,39,1,0
BRDA:397,39,2,0
BRDA:397,39,3,0
BRDA:397,39,4,0
BRDA:403,40,0,0
BRDA:403,40,1,0
BRDA:409,41,0,0
BRDA:409,41,1,0
BRDA:415,42,0,0
BRDA:415,42,1,0
BRDA:421,43,0,0
BRDA:421,43,1,0
BRDA:441,44,0,4
BRDA:441,44,1,4
BRDA:447,45,0,4
BRDA:447,45,1,4
BRDA:453,46,0,4
BRDA:453,46,1,4
BRDA:459,47,0,4
BRDA:459,47,1,0
BRDA:465,48,0,4
BRDA:465,48,1,0
BRDA:471,49,0,4
BRDA:471,49,1,0
BRDA:486,50,0,4
BRDA:486,50,1,0
BRDA:492,51,0,4
BRDA:492,51,1,0
BRDA:498,52,0,4
BRDA:498,52,1,0
BRDA:504,53,0,4
BRDA:504,53,1,0
BRDA:510,54,0,4
BRDA:510,54,1,0
BRDA:516,55,0,4
BRDA:516,55,1,0
BRDA:526,56,0,4
BRDA:526,56,1,4
BRDA:526,56,2,4
BRDA:526,56,3,0
BRDA:532,57,0,0
BRDA:532,57,1,0
BRDA:538,58,0,0
BRDA:538,58,1,0
BRDA:544,59,0,0
BRDA:544,59,1,0
BRDA:555,60,0,4
BRDA:555,60,1,4
BRDA:555,60,2,4
BRDA:555,60,3,0
BRDA:561,61,0,0
BRDA:561,61,1,0
BRDA:564,62,0,0
BRDA:564,62,1,0
BRDA:567,63,0,0
BRDA:567,63,1,0
BRDA:570,64,0,0
BRDA:570,64,1,0
BRDA:573,65,0,0
BRDA:573,65,1,0
BRDA:586,66,0,4
BRDA:586,66,1,4
BRDA:594,67,0,4
BRDA:594,67,1,0
BRDA:611,68,0,4
BRDA:611,68,1,4
BRDA:611,68,2,4
BRDA:611,68,3,0
BRDA:615,69,0,0
BRDA:615,69,1,0
BRDA:629,70,0,0
BRDA:629,70,1,0
BRDA:643,71,0,0
BRDA:643,71,1,0
BRDA:672,72,0,4
BRDA:672,72,1,0
BRDA:678,73,0,2
BRDA:678,73,1,2
BRDA:696,74,0,0
BRDA:696,74,1,0
BRDA:696,74,2,0
BRDA:696,74,3,0
BRDA:696,74,4,0
BRDA:702,75,0,0
BRDA:702,75,1,0
BRDA:708,76,0,0
BRDA:708,76,1,0
BRDA:708,77,0,0
BRDA:708,77,1,0
BRDA:710,78,0,0
BRDA:710,78,1,0
BRDA:710,79,0,0
BRDA:710,79,1,0
BRDA:712,80,0,0
BRDA:712,80,1,0
BRDA:712,81,0,0
BRDA:712,81,1,0
BRDA:713,82,0,0
BRDA:713,82,1,0
BRDA:768,83,0,0
BRDA:768,83,1,4
BRF:189
BRH:90
end_of_record
TN:
SF:src/pages/Cars.tsx
FN:32,Cars
FN:59,(anonymous_1)
FN:63,(anonymous_2)
FN:67,(anonymous_3)
FN:73,(anonymous_4)
FN:76,(anonymous_5)
FN:81,(anonymous_6)
FN:83,(anonymous_7)
FN:96,(anonymous_8)
FN:110,(anonymous_9)
FN:116,(anonymous_10)
FN:119,(anonymous_11)
FN:124,(anonymous_12)
FN:126,(anonymous_13)
FN:150,(anonymous_14)
FN:164,(anonymous_15)
FN:169,(anonymous_16)
FN:179,(anonymous_17)
FN:180,(anonymous_18)
FN:181,(anonymous_19)
FN:182,(anonymous_20)
FN:189,(anonymous_21)
FN:217,(anonymous_22)
FN:235,(anonymous_23)
FN:252,(anonymous_24)
FN:264,(anonymous_25)
FN:280,(anonymous_26)
FN:294,(anonymous_27)
FN:298,(anonymous_28)
FN:307,(anonymous_29)
FN:311,(anonymous_30)
FN:320,(anonymous_31)
FN:324,(anonymous_32)
FN:333,(anonymous_33)
FN:337,(anonymous_34)
FN:348,(anonymous_35)
FN:356,(anonymous_36)
FN:364,(anonymous_37)
FN:372,(anonymous_38)
FN:426,(anonymous_39)
FN:529,(anonymous_40)
FN:539,(anonymous_41)
FN:556,(anonymous_42)
FN:570,(anonymous_43)
FNF:44
FNH:30
FNDA:24,Cars
FNDA:10,(anonymous_1)
FNDA:10,(anonymous_2)
FNDA:10,(anonymous_3)
FNDA:21,(anonymous_4)
FNDA:20,(anonymous_5)
FNDA:8,(anonymous_6)
FNDA:16,(anonymous_7)
FNDA:2,(anonymous_8)
FNDA:8,(anonymous_9)
FNDA:19,(anonymous_10)
FNDA:16,(anonymous_11)
FNDA:8,(anonymous_12)
FNDA:16,(anonymous_13)
FNDA:2,(anonymous_14)
FNDA:8,(anonymous_15)
FNDA:10,(anonymous_16)
FNDA:20,(anonymous_17)
FNDA:20,(anonymous_18)
FNDA:20,(anonymous_19)
FNDA:20,(anonymous_20)
FNDA:10,(anonymous_21)
FNDA:90,(anonymous_22)
FNDA:24,(anonymous_23)
FNDA:0,(anonymous_24)
FNDA:0,(anonymous_25)
FNDA:2,(anonymous_26)
FNDA:0,(anonymous_27)
FNDA:4,(anonymous_28)
FNDA:0,(anonymous_29)
FNDA:4,(anonymous_30)
FNDA:0,(anonymous_31)
FNDA:4,(anonymous_32)
FNDA:0,(anonymous_33)
FNDA:4,(anonymous_34)
FNDA:0,(anonymous_35)
FNDA:0,(anonymous_36)
FNDA:0,(anonymous_37)
FNDA:0,(anonymous_38)
FNDA:24,(anonymous_39)
FNDA:0,(anonymous_40)
FNDA:0,(anonymous_41)
FNDA:0,(anonymous_42)
FNDA:0,(anonymous_43)
DA:33,24
DA:34,23
DA:35,23
DA:36,23
DA:37,23
DA:38,23
DA:39,23
DA:40,23
DA:51,23
DA:52,23
DA:59,23
DA:60,10
DA:63,23
DA:64,10
DA:67,23
DA:68,10
DA:70,10
DA:73,23
DA:74,21
DA:76,20
DA:77,10
DA:79,8
DA:81,8
DA:82,8
DA:84,16
DA:90,16
DA:94,8
DA:96,5
DA:97,2
DA:98,2
DA:99,2
DA:100,4
DA:101,4
DA:102,4
DA:105,2
DA:109,8
DA:110,8
DA:111,8
DA:116,23
DA:117,19
DA:119,16
DA:120,8
DA:122,8
DA:124,8
DA:125,8
DA:127,16
DA:128,16
DA:140,16
DA:142,16
DA:143,16
DA:148,8
DA:150,5
DA:151,2
DA:152,2
DA:153,2
DA:154,4
DA:155,0
DA:156,0
DA:159,2
DA:163,8
DA:164,8
DA:165,8
DA:169,23
DA:170,10
DA:172,10
DA:176,10
DA:177,10
DA:178,10
DA:179,20
DA:180,20
DA:181,20
DA:182,20
DA:185,0
DA:189,23
DA:190,10
DA:191,10
DA:192,10
DA:195,10
DA:196,0
DA:200,10
DA:212,10
DA:213,10
DA:214,10
DA:217,10
DA:218,90
DA:221,10
DA:222,10
DA:223,10
DA:224,10
DA:226,0
DA:228,10
DA:233,23
DA:235,23
DA:236,24
DA:238,23
DA:253,0
DA:254,0
DA:265,0
DA:266,0
DA:280,2
DA:294,0
DA:299,4
DA:307,0
DA:312,4
DA:320,0
DA:325,4
DA:333,0
DA:338,4
DA:348,0
DA:356,0
DA:364,0
DA:372,0
DA:427,24
DA:428,24
DA:429,24
DA:431,24
DA:529,0
DA:541,0
DA:542,0
DA:543,0
DA:544,0
DA:545,0
DA:546,0
DA:548,0
DA:551,0
DA:553,0
DA:556,0
DA:570,0
LF:128
LH:99
BRDA:74,0,0,11
BRDA:74,0,1,10
BRDA:77,1,0,2
BRDA:77,1,1,8
BRDA:94,2,0,3
BRDA:94,2,1,5
BRDA:100,3,0,4
BRDA:100,3,1,0
BRDA:105,4,0,2
BRDA:105,4,1,0
BRDA:117,5,0,11
BRDA:117,5,1,8
BRDA:120,6,0,0
BRDA:120,6,1,8
BRDA:136,7,0,16
BRDA:136,7,1,0
BRDA:148,8,0,3
BRDA:148,8,1,5
BRDA:154,9,0,0
BRDA:154,9,1,4
BRDA:154,10,0,4
BRDA:154,10,1,0
BRDA:159,11,0,0
BRDA:159,11,1,2
BRDA:176,12,0,10
BRDA:176,12,1,0
BRDA:177,13,0,10
BRDA:177,13,1,0
BRDA:180,14,0,10
BRDA:180,14,1,0
BRDA:181,15,0,10
BRDA:181,15,1,0
BRDA:182,16,0,10
BRDA:182,16,1,0
BRDA:195,17,0,0
BRDA:195,17,1,10
BRDA:212,18,0,10
BRDA:212,18,1,0
BRDA:218,19,0,0
BRDA:218,19,1,90
BRDA:218,20,0,90
BRDA:218,20,1,10
BRDA:222,21,0,10
BRDA:222,21,1,0
BRDA:223,22,0,10
BRDA:223,22,1,1
BRDA:290,23,0,23
BRDA:290,23,1,2
BRDA:410,24,0,23
BRDA:410,24,1,13
BRDA:410,24,2,0
BRDA:420,25,0,10
BRDA:420,25,1,13
BRDA:427,26,0,24
BRDA:427,26,1,16
BRDA:429,27,0,0
BRDA:429,27,1,24
BRDA:438,28,0,8
BRDA:438,28,1,16
BRDA:460,29,0,0
BRDA:460,29,1,24
BRDA:462,30,0,0
BRDA:462,30,1,0
BRDA:474,31,0,0
BRDA:474,31,1,0
BRDA:474,32,0,0
BRDA:474,32,1,0
BRDA:476,33,0,0
BRDA:476,33,1,0
BRDA:476,34,0,0
BRDA:476,34,1,0
BRDA:477,35,0,0
BRDA:477,35,1,0
BRDA:477,36,0,0
BRDA:477,36,1,0
BRDA:479,37,0,0
BRDA:479,37,1,0
BRDA:479,38,0,0
BRDA:479,38,1,0
BRDA:480,39,0,0
BRDA:480,39,1,0
BRDA:497,40,0,24
BRDA:497,40,1,0
BRDA:501,41,0,24
BRDA:501,41,1,0
BRDA:501,42,0,24
BRDA:501,42,1,0
BRDA:505,43,0,24
BRDA:505,43,1,0
BRDA:505,44,0,24
BRDA:505,44,1,0
BRDA:515,45,0,23
BRDA:515,45,1,13
BRDA:515,45,2,1
BRDA:524,46,0,23
BRDA:524,46,1,13
BRDA:524,46,2,12
BRDA:524,46,3,0
BRDA:541,47,0,0
BRDA:541,47,1,0
BRDA:543,48,0,0
BRDA:543,48,1,0
BRDA:545,49,0,0
BRDA:545,49,1,0
BRDA:558,50,0,0
BRDA:558,50,1,0
BRF:106
BRH:53
end_of_record
TN:
SF:src/pages/Home.tsx
FN:4,Home
FNF:1
FNH:1
FNDA:31,Home
DA:5,31
LF:1
LH:1
BRF:0
BRH:0
end_of_record
TN:
SF:src/pages/HowItWorks.tsx
FN:4,HowItWorks
FNF:1
FNH:1
FNDA:7,HowItWorks
DA:5,7
LF:1
LH:1
BRF:0
BRH:0
end_of_record
TN:
SF:src/pages/MarketStatistics.tsx
FN:57,MarketStatistics
FN:62,(anonymous_1)
FN:63,(anonymous_2)
FN:134,(anonymous_3)
FN:180,(anonymous_4)
FN:189,(anonymous_5)
FN:283,(anonymous_6)
FN:284,(anonymous_7)
FN:286,(anonymous_8)
FN:322,(anonymous_9)
FN:323,(anonymous_10)
FN:339,(anonymous_11)
FN:343,(anonymous_12)
FN:348,(anonymous_13)
FN:348,(anonymous_14)
FN:352,(anonymous_15)
FN:357,(anonymous_16)
FN:357,(anonymous_17)
FN:371,(anonymous_18)
FN:375,(anonymous_19)
FN:380,(anonymous_20)
FN:380,(anonymous_21)
FN:384,(anonymous_22)
FN:389,(anonymous_23)
FN:389,(anonymous_24)
FN:407,(anonymous_25)
FN:408,(anonymous_26)
FN:435,(anonymous_27)
FN:436,(anonymous_28)
FN:480,(anonymous_29)
FN:484,(anonymous_30)
FN:509,(anonymous_31)
FN:510,(anonymous_32)
FNF:33
FNH:14
FNDA:11,MarketStatistics
FNDA:6,(anonymous_1)
FNDA:6,(anonymous_2)
FNDA:0,(anonymous_3)
FNDA:12,(anonymous_4)
FNDA:8,(anonymous_5)
FNDA:0,(anonymous_6)
FNDA:0,(anonymous_7)
FNDA:8,(anonymous_8)
FNDA:0,(anonymous_9)
FNDA:0,(anonymous_10)
FNDA:8,(anonymous_11)
FNDA:0,(anonymous_12)
FNDA:8,(anonymous_13)
FNDA:8,(anonymous_14)
FNDA:0,(anonymous_15)
FNDA:0,(anonymous_16)
FNDA:0,(anonymous_17)
FNDA:8,(anonymous_18)
FNDA:0,(anonymous_19)
FNDA:8,(anonymous_20)
FNDA:8,(anonymous_21)
FNDA:0,(anonymous_22)
FNDA:0,(anonymous_23)
FNDA:0,(anonymous_24)
FNDA:0,(anonymous_25)
FNDA:0,(anonymous_26)
FNDA:0,(anonymous_27)
FNDA:0,(anonymous_28)
FNDA:4,(anonymous_29)
FNDA:8,(anonymous_30)
FNDA:0,(anonymous_31)
FNDA:0,(anonymous_32)
DA:55,2
DA:58,11
DA:59,11
DA:60,11
DA:62,11
DA:63,6
DA:64,6
DA:65,6
DA:66,6
DA:67,4
DA:68,4
DA:70,1
DA:71,1
DA:73,5
DA:77,6
DA:80,11
DA:81,6
DA:91,5
DA:92,1
DA:134,0
DA:180,4
DA:181,12
DA:189,4
DA:190,8
DA:193,4
DA:283,0
DA:284,0
DA:287,8
DA:322,0
DA:323,0
DA:339,8
DA:343,0
DA:348,8
DA:349,8
DA:352,0
DA:357,0
DA:371,8
DA:375,0
DA:380,8
DA:381,8
DA:384,0
DA:389,0
DA:407,0
DA:409,0
DA:410,0
DA:435,0
DA:436,0
DA:481,4
DA:485,8
DA:509,0
DA:510,0
LF:51
LH:33
BRDA:80,0,0,6
BRDA:80,0,1,5
BRDA:91,1,0,1
BRDA:91,1,1,4
BRDA:91,2,0,5
BRDA:91,2,1,4
BRDA:106,3,0,1
BRDA:106,3,1,0
BRDA:110,4,0,1
BRDA:110,4,1,0
BRDA:343,5,0,0
BRDA:343,5,1,0
BRDA:375,6,0,0
BRDA:375,6,1,0
BRDA:409,7,0,0
BRDA:409,7,1,0
BRF:16
BRH:8
end_of_record
TN:
SF:src/pages/ModelComparison.tsx
FN:81,(anonymous_0)
FN:88,(anonymous_1)
FN:92,(anonymous_2)
FN:109,(anonymous_3)
FN:114,(anonymous_4)
FN:169,(anonymous_5)
FN:179,(anonymous_6)
FN:189,(anonymous_7)
FN:244,(anonymous_8)
FN:251,(anonymous_9)
FN:253,(anonymous_10)
FN:269,(anonymous_11)
FN:276,(anonymous_12)
FN:278,(anonymous_13)
FN:306,(anonymous_14)
FN:321,(anonymous_15)
FN:352,(anonymous_16)
FN:383,(anonymous_17)
FN:394,(anonymous_18)
FN:412,(anonymous_19)
FN:419,(anonymous_20)
FN:421,(anonymous_21)
FN:447,(anonymous_22)
FN:448,(anonymous_23)
FN:479,(anonymous_24)
FN:493,(anonymous_25)
FN:524,(anonymous_26)
FNF:27
FNH:19
FNDA:23,(anonymous_0)
FNDA:10,(anonymous_1)
FNDA:10,(anonymous_2)
FNDA:26,(anonymous_3)
FNDA:18,(anonymous_4)
FNDA:0,(anonymous_5)
FNDA:1,(anonymous_6)
FNDA:2,(anonymous_7)
FNDA:14,(anonymous_8)
FNDA:0,(anonymous_9)
FNDA:14,(anonymous_10)
FNDA:14,(anonymous_11)
FNDA:0,(anonymous_12)
FNDA:14,(anonymous_13)
FNDA:0,(anonymous_14)
FNDA:14,(anonymous_15)
FNDA:2,(anonymous_16)
FNDA:2,(anonymous_17)
FNDA:0,(anonymous_18)
FNDA:2,(anonymous_19)
FNDA:0,(anonymous_20)
FNDA:2,(anonymous_21)
FNDA:4,(anonymous_22)
FNDA:20,(anonymous_23)
FNDA:0,(anonymous_24)
FNDA:0,(anonymous_25)
FNDA:4,(anonymous_26)
DA:68,2
DA:81,2
DA:82,23
DA:83,22
DA:84,22
DA:85,22
DA:86,22
DA:88,22
DA:89,10
DA:92,22
DA:93,10
DA:94,10
DA:95,10
DA:100,7
DA:101,7
DA:103,2
DA:105,9
DA:109,22
DA:110,26
DA:111,26
DA:114,22
DA:115,18
DA:116,18
DA:117,0
DA:120,22
DA:121,10
DA:131,12
DA:132,2
DA:150,10
DA:152,10
DA:169,0
DA:179,1
DA:189,2
DA:244,14
DA:251,0
DA:254,14
DA:269,14
DA:276,0
DA:279,14
DA:307,0
DA:308,0
DA:309,0
DA:317,0
DA:322,14
DA:353,2
DA:383,2
DA:394,0
DA:412,2
DA:419,0
DA:422,2
DA:448,20
DA:452,4
DA:479,0
DA:493,0
DA:524,4
LF:55
LH:43
BRDA:103,0,0,2
BRDA:103,0,1,2
BRDA:103,0,2,0
BRDA:109,1,0,0
BRDA:110,2,0,0
BRDA:110,2,1,26
BRDA:110,3,0,26
BRDA:110,3,1,26
BRDA:115,4,0,0
BRDA:115,4,1,18
BRDA:115,5,0,18
BRDA:115,5,1,18
BRDA:116,6,0,18
BRDA:116,6,1,0
BRDA:120,7,0,10
BRDA:120,7,1,12
BRDA:131,8,0,2
BRDA:131,8,1,10
BRDA:131,9,0,12
BRDA:131,9,1,10
BRDA:131,9,2,10
BRDA:137,10,0,2
BRDA:137,10,1,0
BRDA:171,11,0,7
BRDA:171,11,1,3
BRDA:181,12,0,1
BRDA:181,12,1,9
BRDA:191,13,0,2
BRDA:191,13,1,8
BRDA:234,14,0,10
BRDA:234,14,1,7
BRDA:254,15,0,14
BRDA:254,15,1,0
BRDA:279,16,0,14
BRDA:279,16,1,0
BRDA:307,17,0,0
BRDA:307,17,1,0
BRDA:307,18,0,0
BRDA:307,18,1,0
BRDA:307,18,2,0
BRDA:322,19,0,14
BRDA:322,19,1,0
BRDA:332,20,0,10
BRDA:332,20,1,1
BRDA:358,21,0,2
BRDA:358,21,1,0
BRDA:378,22,0,1
BRDA:378,22,1,1
BRDA:422,23,0,2
BRDA:422,23,1,0
BRDA:432,24,0,10
BRDA:432,24,1,2
BRDA:458,25,0,4
BRDA:458,25,1,0
BRDA:459,26,0,4
BRDA:459,26,1,0
BRDA:524,27,0,2
BRDA:524,27,1,2
BRDA:524,28,0,4
BRDA:524,28,1,0
BRF:60
BRH:41
end_of_record
TN:
SF:src/pages/NotFound.tsx
FN:4,NotFound
FN:66,(anonymous_1)
FNF:2
FNH:1
FNDA:4,NotFound
FNDA:0,(anonymous_1)
DA:5,4
DA:66,0
LF:2
LH:1
BRF:0
BRH:0
end_of_record
TN:
SF:src/pages/Predict.tsx
FN:24,Predict
FN:54,(anonymous_1)
FN:55,(anonymous_2)
FN:58,(anonymous_3)
FN:65,(anonymous_4)
FN:79,(anonymous_5)
FN:86,(anonymous_6)
FN:90,(anonymous_7)
FN:102,(anonymous_8)
FN:108,(anonymous_9)
FN:129,(anonymous_10)
FN:141,(anonymous_11)
FN:147,(anonymous_12)
FN:159,(anonymous_13)
FN:199,(anonymous_14)
FN:205,(anonymous_15)
FN:216,(anonymous_16)
FN:291,(anonymous_17)
FN:297,(anonymous_18)
FN:306,(anonymous_19)
FN:315,(anonymous_20)
FN:325,(anonymous_21)
FN:338,(anonymous_22)
FN:361,(anonymous_23)
FN:366,(anonymous_24)
FN:391,(anonymous_25)
FN:396,(anonymous_26)
FN:416,(anonymous_27)
FN:429,(anonymous_28)
FN:453,(anonymous_29)
FN:458,(anonymous_30)
FN:482,(anonymous_31)
FN:496,(anonymous_32)
FN:500,(anonymous_33)
FN:508,(anonymous_34)
FN:530,(anonymous_35)
FN:535,(anonymous_36)
FNF:37
FNH:13
FNDA:17,Predict
FNDA:6,(anonymous_1)
FNDA:6,(anonymous_2)
FNDA:18,(anonymous_3)
FNDA:6,(anonymous_4)
FNDA:6,(anonymous_5)
FNDA:0,(anonymous_6)
FNDA:0,(anonymous_7)
FNDA:6,(anonymous_8)
FNDA:0,(anonymous_9)
FNDA:0,(anonymous_10)
FNDA:6,(anonymous_11)
FNDA:0,(anonymous_12)
FNDA:0,(anonymous_13)
FNDA:0,(anonymous_14)
FNDA:16,(anonymous_15)
FNDA:128,(anonymous_16)
FNDA:0,(anonymous_17)
FNDA:12,(anonymous_18)
FNDA:0,(anonymous_19)
FNDA:0,(anonymous_20)
FNDA:0,(anonymous_21)
FNDA:0,(anonymous_22)
FNDA:0,(anonymous_23)
FNDA:0,(anonymous_24)
FNDA:0,(anonymous_25)
FNDA:0,(anonymous_26)
FNDA:0,(anonymous_27)
FNDA:0,(anonymous_28)
FNDA:0,(anonymous_29)
FNDA:0,(anonymous_30)
FNDA:0,(anonymous_31)
FNDA:0,(anonymous_32)
FNDA:176,(anonymous_33)
FNDA:0,(anonymous_34)
FNDA:0,(anonymous_35)
FNDA:12,(anonymous_36)
DA:7,1
DA:25,17
DA:26,16
DA:27,16
DA:28,16
DA:29,16
DA:30,16
DA:31,16
DA:32,16
DA:34,16
DA:49,16
DA:50,16
DA:51,16
DA:54,16
DA:55,6
DA:56,6
DA:57,6
DA:58,18
DA:59,6
DA:61,0
DA:65,6
DA:66,6
DA:67,6
DA:68,6
DA:70,0
DA:74,6
DA:75,6
DA:79,16
DA:80,6
DA:81,6
DA:82,6
DA:83,6
DA:86,0
DA:87,0
DA:88,0
DA:89,0
DA:90,0
DA:91,0
DA:93,0
DA:95,0
DA:98,0
DA:102,16
DA:103,6
DA:104,6
DA:105,6
DA:108,0
DA:109,0
DA:110,0
DA:111,0
DA:112,0
DA:113,0
DA:116,0
DA:118,0
DA:119,0
DA:121,0
DA:122,0
DA:124,0
DA:125,0
DA:128,0
DA:129,0
DA:132,0
DA:134,0
DA:137,0
DA:141,16
DA:142,6
DA:143,6
DA:144,6
DA:147,0
DA:148,0
DA:154,0
DA:156,0
DA:159,16
DA:160,0
DA:161,0
DA:162,0
DA:163,0
DA:165,0
DA:166,0
DA:173,0
DA:175,0
DA:179,0
DA:183,0
DA:185,0
DA:186,0
DA:189,0
DA:190,0
DA:193,0
DA:195,0
DA:199,16
DA:200,0
DA:202,16
DA:205,16
DA:206,16
DA:216,128
DA:217,16
DA:220,16
DA:222,16
DA:292,0
DA:297,12
DA:307,0
DA:315,0
DA:325,0
DA:338,0
DA:361,0
DA:367,0
DA:391,0
DA:397,0
DA:416,0
DA:429,0
DA:453,0
DA:459,0
DA:482,0
DA:496,0
DA:500,176
DA:508,0
DA:530,0
DA:536,12
LF:117
LH:50
BRDA:68,0,0,6
BRDA:68,0,1,0
BRDA:80,1,0,6
BRDA:80,1,1,0
BRDA:103,2,0,6
BRDA:103,2,1,0
BRDA:103,3,0,6
BRDA:103,3,1,0
BRDA:118,4,0,0
BRDA:118,4,1,0
BRDA:121,5,0,0
BRDA:121,5,1,0
BRDA:124,6,0,0
BRDA:124,6,1,0
BRDA:128,7,0,0
BRDA:128,7,1,0
BRDA:142,8,0,6
BRDA:142,8,1,0
BRDA:142,9,0,6
BRDA:142,9,1,0
BRDA:142,9,2,0
BRDA:168,10,0,0
BRDA:168,10,1,0
BRDA:169,11,0,0
BRDA:169,11,1,0
BRDA:170,12,0,0
BRDA:170,12,1,0
BRDA:173,13,0,0
BRDA:173,13,1,0
BRDA:183,14,0,0
BRDA:183,14,1,0
BRDA:193,15,0,0
BRDA:193,15,1,0
BRDA:216,16,0,128
BRDA:216,16,1,16
BRDA:252,17,0,0
BRDA:252,17,1,16
BRDA:269,18,0,16
BRDA:269,18,1,0
BRDA:271,19,0,0
BRDA:271,19,1,0
BRDA:309,20,0,16
BRDA:309,20,1,0
BRDA:313,21,0,0
BRDA:313,21,1,16
BRDA:313,22,0,0
BRDA:313,22,1,16
BRDA:349,23,0,0
BRDA:349,23,1,16
BRDA:356,24,0,16
BRDA:356,24,1,0
BRDA:362,25,0,16
BRDA:362,25,1,0
BRDA:365,26,0,16
BRDA:365,26,1,0
BRDA:371,27,0,16
BRDA:371,27,1,16
BRDA:371,27,2,0
BRDA:386,28,0,16
BRDA:386,28,1,0
BRDA:392,29,0,16
BRDA:392,29,1,0
BRDA:395,30,0,16
BRDA:395,30,1,0
BRDA:401,31,0,16
BRDA:401,31,1,16
BRDA:401,31,2,0
BRDA:422,32,0,16
BRDA:422,32,1,16
BRDA:448,33,0,16
BRDA:448,33,1,0
BRDA:454,34,0,16
BRDA:454,34,1,0
BRDA:457,35,0,16
BRDA:457,35,1,0
BRDA:463,36,0,16
BRDA:463,36,1,16
BRDA:463,36,2,0
BRDA:557,37,0,16
BRDA:557,37,1,0
BRDA:569,38,0,0
BRDA:569,38,1,16
BRDA:574,39,0,0
BRDA:574,39,1,16
BRDA:584,40,0,0
BRDA:584,40,1,16
BRDA:650,41,0,0
BRDA:650,41,1,0
BRF:88
BRH:35
end_of_record
TN:
SF:src/utils/carImages.ts
FN:16,(anonymous_0)
FN:19,(anonymous_1)
FN:31,(anonymous_2)
FN:40,(anonymous_3)
FN:56,(anonymous_4)
FN:89,(anonymous_5)
FN:105,(anonymous_6)
FNF:7
FNH:6
FNDA:2,(anonymous_0)
FNDA:1,(anonymous_1)
FNDA:1,(anonymous_2)
FNDA:1,(anonymous_3)
FNDA:0,(anonymous_4)
FNDA:1,(anonymous_5)
FNDA:2,(anonymous_6)
DA:8,2
DA:9,2
DA:10,2
DA:11,2
DA:12,2
DA:13,2
DA:14,2
DA:16,2
DA:17,2
DA:19,2
DA:20,1
DA:21,1
DA:22,1
DA:23,1
DA:24,0
DA:25,0
DA:27,0
DA:31,2
DA:32,1
DA:33,1
DA:34,1
DA:40,2
DA:41,1
DA:42,1
DA:43,1
DA:45,0
DA:46,0
DA:47,0
DA:48,0
DA:49,0
DA:50,0
DA:51,0
DA:53,0
DA:56,2
DA:57,0
DA:58,0
DA:60,0
DA:62,0
DA:67,0
DA:68,0
DA:69,0
DA:70,0
DA:77,0
DA:78,0
DA:79,0
DA:80,0
DA:86,0
DA:89,2
DA:90,1
DA:91,1
DA:92,1
DA:93,1
DA:95,0
DA:97,0
DA:99,0
DA:101,1
DA:105,2
DA:106,2
DA:108,2
DA:109,1
DA:112,1
DA:113,1
DA:114,0
DA:115,0
DA:119,1
DA:120,1
DA:121,1
DA:122,0
DA:123,0
DA:124,0
DA:128,1
DA:129,1
DA:130,0
DA:131,0
DA:132,0
DA:137,1
DA:138,1
DA:139,1
DA:142,2
LF:79
LH:44
BRDA:17,0,0,2
BRDA:17,0,1,0
BRDA:20,1,0,0
BRDA:20,1,1,1
BRDA:20,2,0,1
BRDA:20,2,1,1
BRDA:23,3,0,1
BRDA:23,3,1,0
BRDA:24,4,0,0
BRDA:24,4,1,0
BRDA:32,5,0,0
BRDA:32,5,1,1
BRDA:32,6,0,1
BRDA:32,6,1,1
BRDA:34,7,0,1
BRDA:34,7,1,1
BRDA:40,8,0,1
BRDA:42,9,0,0
BRDA:42,9,1,1
BRDA:42,10,0,1
BRDA:42,10,1,1
BRDA:42,10,2,1
BRDA:43,11,0,1
BRDA:43,11,1,0
BRDA:51,12,0,0
BRDA:51,12,1,0
BRDA:69,13,0,0
BRDA:69,13,1,0
BRDA:77,14,0,0
BRDA:77,14,1,0
BRDA:79,15,0,0
BRDA:79,15,1,0
BRDA:80,16,0,0
BRDA:80,16,1,0
BRDA:91,17,0,1
BRDA:91,17,1,1
BRDA:95,18,0,0
BRDA:95,18,1,0
BRDA:108,19,0,1
BRDA:108,19,1,1
BRDA:109,20,0,1
BRDA:109,20,1,1
BRDA:113,21,0,0
BRDA:113,21,1,1
BRDA:119,22,0,1
BRDA:119,22,1,0
BRDA:121,23,0,0
BRDA:121,23,1,1
BRDA:129,24,0,0
BRDA:129,24,1,1
BRF:50
BRH:26
end_of_record
